{"contracts/Authority.sol":{"l":{"32":737,"33":722,"40":1,"49":261,"50":261},"path":"/home/node/project/contracts/Authority.sol","s":{"1":737,"2":1,"3":261,"4":261},"b":{"1":[722,15]},"f":{"1":737,"2":1,"3":261},"fnMap":{"1":{"name":"onlyAuthority","line":31,"loc":{"start":{"line":31,"column":2},"end":{"line":31,"column":24}}},"2":{"name":"authorityAddress","line":39,"loc":{"start":{"line":39,"column":2},"end":{"line":39,"column":59}}},"3":{"name":"defineAuthority","line":48,"loc":{"start":{"line":48,"column":2},"end":{"line":48,"column":75}}}},"statementMap":{"1":{"start":{"line":32,"column":4},"end":{"line":32,"column":43}},"2":{"start":{"line":40,"column":4},"end":{"line":40,"column":20}},"3":{"start":{"line":49,"column":4},"end":{"line":49,"column":42}},"4":{"start":{"line":50,"column":4},"end":{"line":50,"column":23}}},"branchMap":{"1":{"line":32,"type":"if","locations":[{"start":{"line":32,"column":4},"end":{"line":32,"column":4}},{"start":{"line":32,"column":4},"end":{"line":32,"column":4}}]}}},"contracts/claimable/DividendClaimable.sol":{"l":{"36":3},"path":"/home/node/project/contracts/claimable/DividendClaimable.sol","s":{"1":3},"b":{},"f":{"1":3,"2":3},"fnMap":{"1":{"name":null,"line":25,"loc":{"start":{"line":25,"column":2},"end":{"line":26,"column":27}}},"2":{"name":"hasClaimsSince","line":33,"loc":{"start":{"line":33,"column":2},"end":{"line":35,"column":3}}}},"statementMap":{"1":{"start":{"line":36,"column":4},"end":{"line":36,"column":54}}},"branchMap":{}},"contracts/claimable/DividendWithRulesClaimable.sol":{"l":{"36":3},"path":"/home/node/project/contracts/claimable/DividendWithRulesClaimable.sol","s":{"1":3},"b":{},"f":{"1":3,"2":3},"fnMap":{"1":{"name":null,"line":25,"loc":{"start":{"line":25,"column":2},"end":{"line":26,"column":44}}},"2":{"name":"hasClaimsSince","line":33,"loc":{"start":{"line":33,"column":2},"end":{"line":35,"column":3}}}},"statementMap":{"1":{"start":{"line":36,"column":4},"end":{"line":36,"column":54}}},"branchMap":{}},"contracts/claimable/EmptyClaimable.sol":{"l":{"26":27,"32":22},"path":"/home/node/project/contracts/claimable/EmptyClaimable.sol","s":{"1":27,"2":22},"b":{},"f":{"1":27,"2":22},"fnMap":{"1":{"name":null,"line":25,"loc":{"start":{"line":25,"column":2},"end":{"line":25,"column":34}}},"2":{"name":"hasClaimsSince","line":29,"loc":{"start":{"line":29,"column":2},"end":{"line":31,"column":3}}}},"statementMap":{"1":{"start":{"line":26,"column":4},"end":{"line":26,"column":19}},"2":{"start":{"line":32,"column":4},"end":{"line":32,"column":17}}},"branchMap":{}},"contracts/claimable/TokenizedVotingClaimable.sol":{"l":{"36":3,"37":3},"path":"/home/node/project/contracts/claimable/TokenizedVotingClaimable.sol","s":{"1":3},"b":{},"f":{"1":3,"2":3},"fnMap":{"1":{"name":null,"line":25,"loc":{"start":{"line":25,"column":2},"end":{"line":26,"column":34}}},"2":{"name":"hasClaimsSince","line":33,"loc":{"start":{"line":33,"column":2},"end":{"line":35,"column":3}}}},"statementMap":{"1":{"start":{"line":37,"column":4},"end":{"line":37,"column":54}}},"branchMap":{}},"contracts/claimable/TokenizedVotingWithRulesClaimable.sol":{"l":{"35":3,"36":3},"path":"/home/node/project/contracts/claimable/TokenizedVotingWithRulesClaimable.sol","s":{"1":3},"b":{},"f":{"1":3,"2":3},"fnMap":{"1":{"name":null,"line":24,"loc":{"start":{"line":24,"column":2},"end":{"line":25,"column":51}}},"2":{"name":"hasClaimsSince","line":32,"loc":{"start":{"line":32,"column":2},"end":{"line":34,"column":3}}}},"statementMap":{"1":{"start":{"line":36,"column":4},"end":{"line":36,"column":54}}},"branchMap":{}},"contracts/cmta/proofOfConcept/CMTAAgreement.sol":{"l":{"39":54,"46":29,"49":29,"58":4,"67":55,"68":55,"69":55,"78":56,"79":56,"80":56},"path":"/home/node/project/contracts/cmta/proofOfConcept/CMTAAgreement.sol","s":{"1":54,"2":29,"3":4,"4":55,"5":55,"6":55,"7":56,"8":56,"9":56},"b":{"1":[29,0],"2":[56,0]},"f":{"1":54,"2":29,"3":4,"4":55,"5":56},"fnMap":{"1":{"name":null,"line":37,"loc":{"start":{"line":37,"column":2},"end":{"line":38,"column":3}}},"2":{"name":"whenAgreementAccepted","line":45,"loc":{"start":{"line":45,"column":2},"end":{"line":45,"column":49}}},"3":{"name":"isAgreementAccepted","line":55,"loc":{"start":{"line":55,"column":2},"end":{"line":57,"column":3}}},"4":{"name":"updateAgreement","line":64,"loc":{"start":{"line":64,"column":2},"end":{"line":66,"column":3}}},"5":{"name":"acceptAgreement","line":75,"loc":{"start":{"line":75,"column":2},"end":{"line":77,"column":3}}}},"statementMap":{"1":{"start":{"line":39,"column":4},"end":{"line":39,"column":34}},"2":{"start":{"line":46,"column":4},"end":{"line":46,"column":1483}},"3":{"start":{"line":58,"column":4},"end":{"line":58,"column":47}},"4":{"start":{"line":67,"column":4},"end":{"line":67,"column":33}},"5":{"start":{"line":68,"column":4},"end":{"line":68,"column":42}},"6":{"start":{"line":69,"column":4},"end":{"line":69,"column":15}},"7":{"start":{"line":78,"column":4},"end":{"line":78,"column":54}},"8":{"start":{"line":79,"column":4},"end":{"line":79,"column":42}},"9":{"start":{"line":80,"column":4},"end":{"line":80,"column":15}}},"branchMap":{"1":{"line":46,"type":"if","locations":[{"start":{"line":46,"column":4},"end":{"line":46,"column":4}},{"start":{"line":46,"column":4},"end":{"line":46,"column":4}}]},"2":{"line":78,"type":"if","locations":[{"start":{"line":78,"column":4},"end":{"line":78,"column":4}},{"start":{"line":78,"column":4},"end":{"line":78,"column":4}}]}}},"contracts/cmta/proofOfConcept/CMTABoardSig.sol":{"l":{"49":14,"62":3,"83":2,"85":2,"86":2,"88":2,"90":2,"91":2,"92":2,"109":1,"111":1,"114":1},"path":"/home/node/project/contracts/cmta/proofOfConcept/CMTABoardSig.sol","s":{"1":14,"2":3,"3":2,"4":2,"5":2,"6":2,"7":2,"8":2,"9":2,"10":1,"11":1},"b":{"1":[2,0],"2":[2,0],"3":[1,0]},"f":{"1":9,"2":14,"3":3,"4":2,"5":1},"fnMap":{"1":{"name":null,"line":38,"loc":{"start":{"line":38,"column":2},"end":{"line":40,"column":3}}},"2":{"name":"tokenizeHash","line":46,"loc":{"start":{"line":46,"column":2},"end":{"line":48,"column":3}}},"3":{"name":"allocateHash","line":57,"loc":{"start":{"line":57,"column":2},"end":{"line":61,"column":3}}},"4":{"name":"tokenizeShares","line":74,"loc":{"start":{"line":74,"column":2},"end":{"line":82,"column":3}}},"5":{"name":"allocateAndKYCMany","line":98,"loc":{"start":{"line":98,"column":2},"end":{"line":108,"column":3}}}},"statementMap":{"1":{"start":{"line":49,"column":4},"end":{"line":49,"column":1595}},"2":{"start":{"line":62,"column":4},"end":{"line":62,"column":1856}},"3":{"start":{"line":83,"column":4},"end":{"line":83,"column":67}},"4":{"start":{"line":85,"column":4},"end":{"line":85,"column":53}},"5":{"start":{"line":86,"column":4},"end":{"line":86,"column":57}},"6":{"start":{"line":88,"column":4},"end":{"line":88,"column":27}},"7":{"start":{"line":90,"column":4},"end":{"line":90,"column":19}},"8":{"start":{"line":91,"column":4},"end":{"line":91,"column":36}},"9":{"start":{"line":92,"column":4},"end":{"line":92,"column":46}},"10":{"start":{"line":109,"column":4},"end":{"line":109,"column":27}},"11":{"start":{"line":111,"column":4},"end":{"line":111,"column":3072}}},"branchMap":{"1":{"line":83,"type":"if","locations":[{"start":{"line":83,"column":4},"end":{"line":83,"column":4}},{"start":{"line":83,"column":4},"end":{"line":83,"column":4}}]},"2":{"line":86,"type":"if","locations":[{"start":{"line":86,"column":4},"end":{"line":86,"column":4}},{"start":{"line":86,"column":4},"end":{"line":86,"column":4}}]},"3":{"line":111,"type":"if","locations":[{"start":{"line":111,"column":4},"end":{"line":111,"column":4}},{"start":{"line":111,"column":4},"end":{"line":111,"column":4}}]}}},"contracts/cmta/proofOfConcept/CMTAPocToken.sol":{"l":{"46":38,"47":38,"48":38,"49":38,"50":38,"51":38,"53":38,"54":38},"path":"/home/node/project/contracts/cmta/proofOfConcept/CMTAPocToken.sol","s":{"1":38,"2":38,"3":38,"4":38,"5":38,"6":38,"7":38,"8":38},"b":{},"f":{"1":38},"fnMap":{"1":{"name":null,"line":38,"loc":{"start":{"line":38,"column":2},"end":{"line":45,"column":66}}}},"statementMap":{"1":{"start":{"line":46,"column":4},"end":{"line":46,"column":15}},"2":{"start":{"line":47,"column":4},"end":{"line":47,"column":19}},"3":{"start":{"line":48,"column":4},"end":{"line":48,"column":19}},"4":{"start":{"line":49,"column":4},"end":{"line":49,"column":39}},"5":{"start":{"line":50,"column":4},"end":{"line":50,"column":47}},"6":{"start":{"line":51,"column":4},"end":{"line":51,"column":39}},"7":{"start":{"line":53,"column":4},"end":{"line":53,"column":33}},"8":{"start":{"line":54,"column":4},"end":{"line":54,"column":30}}},"branchMap":{}},"contracts/cmta/proofOfConcept/CMTARestrictedToken.sol":{"l":{"39":25,"49":1},"path":"/home/node/project/contracts/cmta/proofOfConcept/CMTARestrictedToken.sol","s":{"1":25,"2":1},"b":{},"f":{"1":25,"2":1},"fnMap":{"1":{"name":"transfer","line":35,"loc":{"start":{"line":35,"column":2},"end":{"line":38,"column":3}}},"2":{"name":"transferFrom","line":45,"loc":{"start":{"line":45,"column":2},"end":{"line":48,"column":3}}}},"statementMap":{"1":{"start":{"line":39,"column":4},"end":{"line":39,"column":38}},"2":{"start":{"line":49,"column":4},"end":{"line":49,"column":49}}},"branchMap":{}},"contracts/cmta/proofOfConcept/CMTAShareDistribution.sol":{"l":{"58":29,"59":28,"60":28,"70":27,"71":26,"72":25,"73":25,"82":29,"83":29,"84":29,"85":29,"87":29,"88":29,"98":1,"99":1,"100":2,"103":1,"110":12,"111":11,"112":11,"113":9,"114":9,"115":9,"124":4,"125":4,"126":2,"127":2,"128":2,"137":3,"138":3,"139":2},"path":"/home/node/project/contracts/cmta/proofOfConcept/CMTAShareDistribution.sol","s":{"1":29,"2":28,"3":28,"4":27,"5":26,"6":25,"7":25,"8":29,"9":29,"10":29,"11":29,"12":29,"13":29,"14":1,"15":1,"16":2,"17":1,"18":12,"19":11,"20":11,"21":9,"22":9,"23":9,"24":4,"25":4,"26":2,"27":2,"28":3,"29":3,"30":2},"b":{"1":[28,1],"2":[26,1],"3":[25,1],"4":[25,0],"5":[29,0],"6":[1,0],"7":[11,1],"8":[11,0],"9":[9,2],"10":[4,0],"11":[2,2],"12":[2,0],"13":[2,0],"14":[3,0],"15":[2,1],"16":[2,0]},"f":{"1":29,"2":27,"3":29,"4":1,"5":12,"6":4,"7":3},"fnMap":{"1":{"name":null,"line":56,"loc":{"start":{"line":56,"column":2},"end":{"line":57,"column":3}}},"2":{"name":"configureToken","line":66,"loc":{"start":{"line":66,"column":2},"end":{"line":69,"column":3}}},"3":{"name":"allocateShares","line":79,"loc":{"start":{"line":79,"column":2},"end":{"line":81,"column":3}}},"4":{"name":"allocateManyShares","line":94,"loc":{"start":{"line":94,"column":2},"end":{"line":97,"column":3}}},"5":{"name":"finishAllocations","line":109,"loc":{"start":{"line":109,"column":2},"end":{"line":109,"column":62}}},"6":{"name":"claimShares","line":123,"loc":{"start":{"line":123,"column":2},"end":{"line":123,"column":53}}},"7":{"name":"reclaimShares","line":135,"loc":{"start":{"line":135,"column":2},"end":{"line":135,"column":58}}}},"statementMap":{"1":{"start":{"line":58,"column":4},"end":{"line":58,"column":43}},"2":{"start":{"line":59,"column":4},"end":{"line":59,"column":33}},"3":{"start":{"line":60,"column":4},"end":{"line":60,"column":37}},"4":{"start":{"line":70,"column":4},"end":{"line":70,"column":52}},"5":{"start":{"line":71,"column":4},"end":{"line":71,"column":53}},"6":{"start":{"line":72,"column":4},"end":{"line":72,"column":17}},"7":{"start":{"line":73,"column":4},"end":{"line":73,"column":61}},"8":{"start":{"line":82,"column":4},"end":{"line":82,"column":43}},"9":{"start":{"line":83,"column":4},"end":{"line":83,"column":56}},"10":{"start":{"line":84,"column":4},"end":{"line":84,"column":38}},"11":{"start":{"line":85,"column":4},"end":{"line":85,"column":74}},"12":{"start":{"line":87,"column":4},"end":{"line":87,"column":42}},"13":{"start":{"line":88,"column":4},"end":{"line":88,"column":15}},"14":{"start":{"line":98,"column":4},"end":{"line":98,"column":63}},"15":{"start":{"line":99,"column":4},"end":{"line":99,"column":3246}},"16":{"start":{"line":100,"column":6},"end":{"line":100,"column":50}},"17":{"start":{"line":103,"column":4},"end":{"line":103,"column":15}},"18":{"start":{"line":110,"column":4},"end":{"line":110,"column":43}},"19":{"start":{"line":111,"column":4},"end":{"line":111,"column":68}},"20":{"start":{"line":112,"column":4},"end":{"line":112,"column":65}},"21":{"start":{"line":113,"column":4},"end":{"line":113,"column":28}},"22":{"start":{"line":114,"column":4},"end":{"line":114,"column":29}},"23":{"start":{"line":115,"column":4},"end":{"line":115,"column":15}},"24":{"start":{"line":124,"column":4},"end":{"line":124,"column":42}},"25":{"start":{"line":125,"column":4},"end":{"line":125,"column":51}},"26":{"start":{"line":126,"column":4},"end":{"line":126,"column":55}},"27":{"start":{"line":127,"column":4},"end":{"line":127,"column":75}},"28":{"start":{"line":137,"column":4},"end":{"line":137,"column":45}},"29":{"start":{"line":138,"column":4},"end":{"line":138,"column":56}},"30":{"start":{"line":139,"column":4},"end":{"line":139,"column":59}}},"branchMap":{"1":{"line":58,"type":"if","locations":[{"start":{"line":58,"column":4},"end":{"line":58,"column":4}},{"start":{"line":58,"column":4},"end":{"line":58,"column":4}}]},"2":{"line":70,"type":"if","locations":[{"start":{"line":70,"column":4},"end":{"line":70,"column":4}},{"start":{"line":70,"column":4},"end":{"line":70,"column":4}}]},"3":{"line":71,"type":"if","locations":[{"start":{"line":71,"column":4},"end":{"line":71,"column":4}},{"start":{"line":71,"column":4},"end":{"line":71,"column":4}}]},"4":{"line":73,"type":"if","locations":[{"start":{"line":73,"column":4},"end":{"line":73,"column":4}},{"start":{"line":73,"column":4},"end":{"line":73,"column":4}}]},"5":{"line":82,"type":"if","locations":[{"start":{"line":82,"column":4},"end":{"line":82,"column":4}},{"start":{"line":82,"column":4},"end":{"line":82,"column":4}}]},"6":{"line":98,"type":"if","locations":[{"start":{"line":98,"column":4},"end":{"line":98,"column":4}},{"start":{"line":98,"column":4},"end":{"line":98,"column":4}}]},"7":{"line":110,"type":"if","locations":[{"start":{"line":110,"column":4},"end":{"line":110,"column":4}},{"start":{"line":110,"column":4},"end":{"line":110,"column":4}}]},"8":{"line":111,"type":"if","locations":[{"start":{"line":111,"column":4},"end":{"line":111,"column":4}},{"start":{"line":111,"column":4},"end":{"line":111,"column":4}}]},"9":{"line":112,"type":"if","locations":[{"start":{"line":112,"column":4},"end":{"line":112,"column":4}},{"start":{"line":112,"column":4},"end":{"line":112,"column":4}}]},"10":{"line":124,"type":"if","locations":[{"start":{"line":124,"column":4},"end":{"line":124,"column":4}},{"start":{"line":124,"column":4},"end":{"line":124,"column":4}}]},"11":{"line":125,"type":"if","locations":[{"start":{"line":125,"column":4},"end":{"line":125,"column":4}},{"start":{"line":125,"column":4},"end":{"line":125,"column":4}}]},"12":{"line":126,"type":"if","locations":[{"start":{"line":126,"column":4},"end":{"line":126,"column":4}},{"start":{"line":126,"column":4},"end":{"line":126,"column":4}}]},"13":{"line":127,"type":"if","locations":[{"start":{"line":127,"column":4},"end":{"line":127,"column":4}},{"start":{"line":127,"column":4},"end":{"line":127,"column":4}}]},"14":{"line":137,"type":"if","locations":[{"start":{"line":137,"column":4},"end":{"line":137,"column":4}},{"start":{"line":137,"column":4},"end":{"line":137,"column":4}}]},"15":{"line":138,"type":"if","locations":[{"start":{"line":138,"column":4},"end":{"line":138,"column":4}},{"start":{"line":138,"column":4},"end":{"line":138,"column":4}}]},"16":{"line":139,"type":"if","locations":[{"start":{"line":139,"column":4},"end":{"line":139,"column":4}},{"start":{"line":139,"column":4},"end":{"line":139,"column":4}}]}}},"contracts/demo/DemoFiatToken.sol":{"l":{},"path":"/home/node/project/contracts/demo/DemoFiatToken.sol","s":{},"b":{},"f":{"1":22},"fnMap":{"1":{"name":null,"line":24,"loc":{"start":{"line":24,"column":2},"end":{"line":26,"column":3}}}},"statementMap":{},"branchMap":{}},"contracts/demo/DemoShare.sol":{"l":{"56":22,"63":1,"70":1,"77":2,"84":2,"91":2,"98":2,"105":2,"112":2,"119":2,"126":2,"133":2,"144":11,"146":11,"147":0,"149":11,"158":11,"165":2,"166":2,"167":2,"168":1,"174":1,"176":1,"182":1,"190":0,"191":0,"193":0,"199":0,"206":0,"207":0,"209":0,"215":0,"222":0,"223":0,"224":0,"231":1,"232":1,"233":1,"234":1,"236":1,"237":0,"240":1,"241":1,"248":1,"249":1,"250":1,"252":1,"253":0,"256":1,"257":1,"264":1,"266":1,"267":1,"268":1,"269":1,"270":1,"280":0,"290":1,"291":1,"293":1,"294":10,"297":10,"298":0,"302":1,"303":1,"311":28},"path":"/home/node/project/contracts/demo/DemoShare.sol","s":{"1":22,"2":1,"3":1,"4":2,"5":2,"6":2,"7":2,"8":2,"9":2,"10":2,"11":2,"12":2,"13":11,"14":11,"15":11,"16":11,"17":2,"18":2,"19":2,"20":1,"21":1,"22":1,"23":1,"24":0,"25":0,"26":0,"27":0,"28":0,"29":0,"30":0,"31":0,"32":0,"33":0,"34":1,"35":1,"36":1,"37":1,"38":1,"39":1,"40":1,"41":1,"42":1,"43":1,"44":1,"45":1,"46":1,"47":1,"48":1,"49":1,"50":1,"51":1,"52":0,"53":1,"54":1,"55":1,"56":10,"57":10,"58":1,"59":1,"60":28},"b":{"1":[11,0],"2":[0,11],"3":[2,0],"4":[1,1],"5":[0,0],"6":[0,0],"7":[0,0],"8":[1,0],"9":[1,0],"10":[1,0],"11":[0,1],"12":[1,0],"13":[1,0],"14":[0,1],"15":[1,0],"16":[1,0],"17":[0,10]},"f":{"1":22,"2":1,"3":1,"4":2,"5":2,"6":2,"7":2,"8":2,"9":2,"10":2,"11":2,"12":2,"13":11,"14":2,"15":0,"16":0,"17":0,"18":1,"19":1,"20":1,"21":0,"22":1,"23":28},"fnMap":{"1":{"name":null,"line":55,"loc":{"start":{"line":55,"column":2},"end":{"line":55,"column":34}}},"2":{"name":"token","line":62,"loc":{"start":{"line":62,"column":2},"end":{"line":62,"column":46}}},"3":{"name":"updateToken","line":69,"loc":{"start":{"line":69,"column":2},"end":{"line":69,"column":53}}},"4":{"name":"currentProposalId","line":76,"loc":{"start":{"line":76,"column":2},"end":{"line":76,"column":60}}},"5":{"name":"currentUrl","line":83,"loc":{"start":{"line":83,"column":2},"end":{"line":83,"column":52}}},"6":{"name":"currentHash","line":90,"loc":{"start":{"line":90,"column":2},"end":{"line":90,"column":54}}},"7":{"name":"currentDividendToken","line":97,"loc":{"start":{"line":97,"column":2},"end":{"line":97,"column":61}}},"8":{"name":"startedAt","line":104,"loc":{"start":{"line":104,"column":2},"end":{"line":104,"column":52}}},"9":{"name":"closedAt","line":111,"loc":{"start":{"line":111,"column":2},"end":{"line":111,"column":51}}},"10":{"name":"voteApprovals","line":118,"loc":{"start":{"line":118,"column":2},"end":{"line":118,"column":56}}},"11":{"name":"voteRejections","line":125,"loc":{"start":{"line":125,"column":2},"end":{"line":125,"column":57}}},"12":{"name":"hasVoted","line":132,"loc":{"start":{"line":132,"column":2},"end":{"line":132,"column":64}}},"13":{"name":"proposeVote","line":139,"loc":{"start":{"line":139,"column":2},"end":{"line":143,"column":3}}},"14":{"name":"closeVote","line":164,"loc":{"start":{"line":164,"column":2},"end":{"line":164,"column":39}}},"15":{"name":"closeVoteApproval","line":189,"loc":{"start":{"line":189,"column":2},"end":{"line":189,"column":47}}},"16":{"name":"closeVoteRejection","line":205,"loc":{"start":{"line":205,"column":2},"end":{"line":205,"column":48}}},"17":{"name":"forceCloseVoteNoActions","line":221,"loc":{"start":{"line":221,"column":2},"end":{"line":221,"column":53}}},"18":{"name":"approveProposal","line":230,"loc":{"start":{"line":230,"column":2},"end":{"line":230,"column":35}}},"19":{"name":"rejectProposal","line":247,"loc":{"start":{"line":247,"column":2},"end":{"line":247,"column":34}}},"20":{"name":"distribute","line":263,"loc":{"start":{"line":263,"column":2},"end":{"line":263,"column":55}}},"21":{"name":"distributeSpecial","line":276,"loc":{"start":{"line":276,"column":2},"end":{"line":279,"column":3}}},"22":{"name":"distributeInternal","line":286,"loc":{"start":{"line":286,"column":2},"end":{"line":289,"column":3}}},"23":{"name":"currentTime","line":309,"loc":{"start":{"line":309,"column":2},"end":{"line":309,"column":56}}}},"statementMap":{"1":{"start":{"line":56,"column":4},"end":{"line":56,"column":17}},"2":{"start":{"line":63,"column":4},"end":{"line":63,"column":16}},"3":{"start":{"line":70,"column":4},"end":{"line":70,"column":17}},"4":{"start":{"line":77,"column":4},"end":{"line":77,"column":24}},"5":{"start":{"line":84,"column":4},"end":{"line":84,"column":30}},"6":{"start":{"line":91,"column":4},"end":{"line":91,"column":31}},"7":{"start":{"line":98,"column":4},"end":{"line":98,"column":40}},"8":{"start":{"line":105,"column":4},"end":{"line":105,"column":36}},"9":{"start":{"line":112,"column":4},"end":{"line":112,"column":35}},"10":{"start":{"line":119,"column":4},"end":{"line":119,"column":36}},"11":{"start":{"line":126,"column":4},"end":{"line":126,"column":37}},"12":{"start":{"line":133,"column":4},"end":{"line":133,"column":48}},"13":{"start":{"line":144,"column":4},"end":{"line":144,"column":62}},"14":{"start":{"line":146,"column":4},"end":{"line":146,"column":3420}},"15":{"start":{"line":149,"column":4},"end":{"line":149,"column":3485}},"16":{"start":{"line":158,"column":4},"end":{"line":158,"column":35}},"17":{"start":{"line":165,"column":4},"end":{"line":165,"column":62}},"18":{"start":{"line":166,"column":4},"end":{"line":166,"column":44}},"19":{"start":{"line":167,"column":4},"end":{"line":167,"column":3881}},"20":{"start":{"line":168,"column":6},"end":{"line":168,"column":3941}},"21":{"start":{"line":174,"column":6},"end":{"line":174,"column":45}},"22":{"start":{"line":176,"column":6},"end":{"line":176,"column":4146}},"23":{"start":{"line":182,"column":6},"end":{"line":182,"column":45}},"24":{"start":{"line":190,"column":4},"end":{"line":190,"column":62}},"25":{"start":{"line":191,"column":4},"end":{"line":191,"column":44}},"26":{"start":{"line":193,"column":4},"end":{"line":193,"column":4572}},"27":{"start":{"line":199,"column":4},"end":{"line":199,"column":43}},"28":{"start":{"line":206,"column":4},"end":{"line":206,"column":62}},"29":{"start":{"line":207,"column":4},"end":{"line":207,"column":44}},"30":{"start":{"line":209,"column":4},"end":{"line":209,"column":4976}},"31":{"start":{"line":215,"column":4},"end":{"line":215,"column":43}},"32":{"start":{"line":222,"column":4},"end":{"line":222,"column":62}},"33":{"start":{"line":223,"column":4},"end":{"line":223,"column":43}},"34":{"start":{"line":231,"column":4},"end":{"line":231,"column":62}},"35":{"start":{"line":232,"column":4},"end":{"line":232,"column":62}},"36":{"start":{"line":233,"column":4},"end":{"line":233,"column":48}},"37":{"start":{"line":234,"column":4},"end":{"line":234,"column":33}},"38":{"start":{"line":236,"column":4},"end":{"line":236,"column":5711}},"39":{"start":{"line":240,"column":4},"end":{"line":240,"column":69}},"40":{"start":{"line":241,"column":4},"end":{"line":241,"column":49}},"41":{"start":{"line":248,"column":4},"end":{"line":248,"column":62}},"42":{"start":{"line":249,"column":4},"end":{"line":249,"column":48}},"43":{"start":{"line":250,"column":4},"end":{"line":250,"column":33}},"44":{"start":{"line":252,"column":4},"end":{"line":252,"column":6169}},"45":{"start":{"line":256,"column":4},"end":{"line":256,"column":71}},"46":{"start":{"line":257,"column":4},"end":{"line":257,"column":49}},"47":{"start":{"line":264,"column":4},"end":{"line":264,"column":63}},"48":{"start":{"line":266,"column":4},"end":{"line":266,"column":54}},"49":{"start":{"line":267,"column":4},"end":{"line":267,"column":50}},"50":{"start":{"line":268,"column":4},"end":{"line":268,"column":59}},"51":{"start":{"line":270,"column":4},"end":{"line":270,"column":15}},"52":{"start":{"line":280,"column":4},"end":{"line":280,"column":66}},"53":{"start":{"line":290,"column":4},"end":{"line":290,"column":43}},"54":{"start":{"line":291,"column":4},"end":{"line":291,"column":48}},"55":{"start":{"line":293,"column":4},"end":{"line":293,"column":7310}},"56":{"start":{"line":294,"column":6},"end":{"line":294,"column":7368}},"57":{"start":{"line":297,"column":6},"end":{"line":297,"column":7484}},"58":{"start":{"line":302,"column":4},"end":{"line":302,"column":70}},"59":{"start":{"line":303,"column":4},"end":{"line":303,"column":15}},"60":{"start":{"line":311,"column":4},"end":{"line":311,"column":26}}},"branchMap":{"1":{"line":144,"type":"if","locations":[{"start":{"line":144,"column":4},"end":{"line":144,"column":4}},{"start":{"line":144,"column":4},"end":{"line":144,"column":4}}]},"2":{"line":146,"type":"if","locations":[{"start":{"line":146,"column":4},"end":{"line":146,"column":4}},{"start":{"line":146,"column":4},"end":{"line":146,"column":4}}]},"3":{"line":165,"type":"if","locations":[{"start":{"line":165,"column":4},"end":{"line":165,"column":4}},{"start":{"line":165,"column":4},"end":{"line":165,"column":4}}]},"4":{"line":167,"type":"if","locations":[{"start":{"line":167,"column":4},"end":{"line":167,"column":4}},{"start":{"line":167,"column":4},"end":{"line":167,"column":4}}]},"5":{"line":190,"type":"if","locations":[{"start":{"line":190,"column":4},"end":{"line":190,"column":4}},{"start":{"line":190,"column":4},"end":{"line":190,"column":4}}]},"6":{"line":206,"type":"if","locations":[{"start":{"line":206,"column":4},"end":{"line":206,"column":4}},{"start":{"line":206,"column":4},"end":{"line":206,"column":4}}]},"7":{"line":222,"type":"if","locations":[{"start":{"line":222,"column":4},"end":{"line":222,"column":4}},{"start":{"line":222,"column":4},"end":{"line":222,"column":4}}]},"8":{"line":231,"type":"if","locations":[{"start":{"line":231,"column":4},"end":{"line":231,"column":4}},{"start":{"line":231,"column":4},"end":{"line":231,"column":4}}]},"9":{"line":232,"type":"if","locations":[{"start":{"line":232,"column":4},"end":{"line":232,"column":4}},{"start":{"line":232,"column":4},"end":{"line":232,"column":4}}]},"10":{"line":234,"type":"if","locations":[{"start":{"line":234,"column":4},"end":{"line":234,"column":4}},{"start":{"line":234,"column":4},"end":{"line":234,"column":4}}]},"11":{"line":236,"type":"if","locations":[{"start":{"line":236,"column":4},"end":{"line":236,"column":4}},{"start":{"line":236,"column":4},"end":{"line":236,"column":4}}]},"12":{"line":248,"type":"if","locations":[{"start":{"line":248,"column":4},"end":{"line":248,"column":4}},{"start":{"line":248,"column":4},"end":{"line":248,"column":4}}]},"13":{"line":250,"type":"if","locations":[{"start":{"line":250,"column":4},"end":{"line":250,"column":4}},{"start":{"line":250,"column":4},"end":{"line":250,"column":4}}]},"14":{"line":252,"type":"if","locations":[{"start":{"line":252,"column":4},"end":{"line":252,"column":4}},{"start":{"line":252,"column":4},"end":{"line":252,"column":4}}]},"15":{"line":264,"type":"if","locations":[{"start":{"line":264,"column":4},"end":{"line":264,"column":4}},{"start":{"line":264,"column":4},"end":{"line":264,"column":4}}]},"16":{"line":291,"type":"if","locations":[{"start":{"line":291,"column":4},"end":{"line":291,"column":4}},{"start":{"line":291,"column":4},"end":{"line":291,"column":4}}]},"17":{"line":297,"type":"if","locations":[{"start":{"line":297,"column":6},"end":{"line":297,"column":6}},{"start":{"line":297,"column":6},"end":{"line":297,"column":6}}]}}},"contracts/demo/DemoToken.sol":{"l":{"30":22,"31":22},"path":"/home/node/project/contracts/demo/DemoToken.sol","s":{"1":22,"2":22},"b":{},"f":{"1":22},"fnMap":{"1":{"name":null,"line":29,"loc":{"start":{"line":29,"column":2},"end":{"line":29,"column":50}}}},"statementMap":{"1":{"start":{"line":30,"column":4},"end":{"line":30,"column":15}},"2":{"start":{"line":31,"column":4},"end":{"line":31,"column":19}}},"branchMap":{}},"contracts/demo/DemoVoting.sol":{"l":{"48":16,"55":1,"62":2,"69":1,"76":1,"83":1,"90":1,"97":3,"104":3,"111":4,"118":14,"126":14,"127":14,"134":3,"135":3,"136":1,"143":2,"150":3,"157":3,"158":3,"159":3,"160":3,"162":3,"163":3,"170":3,"171":3,"172":3,"173":3,"175":3,"176":3,"184":23},"path":"/home/node/project/contracts/demo/DemoVoting.sol","s":{"1":16,"2":1,"3":2,"4":1,"5":1,"6":1,"7":1,"8":3,"9":3,"10":4,"11":14,"12":14,"13":3,"14":3,"15":1,"16":2,"17":3,"18":3,"19":3,"20":3,"21":3,"22":3,"23":3,"24":3,"25":3,"26":3,"27":3,"28":3,"29":3,"30":23},"b":{"1":[1,2],"2":[3,0],"3":[3,0],"4":[3,0],"5":[3,0],"6":[3,0],"7":[3,0]},"f":{"1":16,"2":1,"3":2,"4":1,"5":1,"6":1,"7":1,"8":3,"9":3,"10":4,"11":14,"12":3,"13":3,"14":3,"15":23},"fnMap":{"1":{"name":null,"line":47,"loc":{"start":{"line":47,"column":2},"end":{"line":47,"column":39}}},"2":{"name":"votingToken","line":54,"loc":{"start":{"line":54,"column":2},"end":{"line":54,"column":57}}},"3":{"name":"currentProposalId","line":61,"loc":{"start":{"line":61,"column":2},"end":{"line":61,"column":60}}},"4":{"name":"currentUrl","line":68,"loc":{"start":{"line":68,"column":2},"end":{"line":68,"column":52}}},"5":{"name":"currentHash","line":75,"loc":{"start":{"line":75,"column":2},"end":{"line":75,"column":54}}},"6":{"name":"startedAt","line":82,"loc":{"start":{"line":82,"column":2},"end":{"line":82,"column":52}}},"7":{"name":"closedAt","line":89,"loc":{"start":{"line":89,"column":2},"end":{"line":89,"column":51}}},"8":{"name":"voteApprovals","line":96,"loc":{"start":{"line":96,"column":2},"end":{"line":96,"column":56}}},"9":{"name":"voteRejections","line":103,"loc":{"start":{"line":103,"column":2},"end":{"line":103,"column":57}}},"10":{"name":"hasVoted","line":110,"loc":{"start":{"line":110,"column":2},"end":{"line":110,"column":64}}},"11":{"name":"proposeVote","line":117,"loc":{"start":{"line":117,"column":2},"end":{"line":117,"column":65}}},"12":{"name":"closeVote","line":133,"loc":{"start":{"line":133,"column":2},"end":{"line":133,"column":39}}},"13":{"name":"approveProposal","line":156,"loc":{"start":{"line":156,"column":2},"end":{"line":156,"column":35}}},"14":{"name":"rejectProposal","line":169,"loc":{"start":{"line":169,"column":2},"end":{"line":169,"column":34}}},"15":{"name":"currentTime","line":182,"loc":{"start":{"line":182,"column":2},"end":{"line":182,"column":56}}}},"statementMap":{"1":{"start":{"line":48,"column":4},"end":{"line":48,"column":23}},"2":{"start":{"line":55,"column":4},"end":{"line":55,"column":22}},"3":{"start":{"line":62,"column":4},"end":{"line":62,"column":24}},"4":{"start":{"line":69,"column":4},"end":{"line":69,"column":30}},"5":{"start":{"line":76,"column":4},"end":{"line":76,"column":31}},"6":{"start":{"line":83,"column":4},"end":{"line":83,"column":36}},"7":{"start":{"line":90,"column":4},"end":{"line":90,"column":35}},"8":{"start":{"line":97,"column":4},"end":{"line":97,"column":36}},"9":{"start":{"line":104,"column":4},"end":{"line":104,"column":37}},"10":{"start":{"line":111,"column":4},"end":{"line":111,"column":49}},"11":{"start":{"line":118,"column":4},"end":{"line":118,"column":2843}},"12":{"start":{"line":127,"column":4},"end":{"line":127,"column":35}},"13":{"start":{"line":134,"column":4},"end":{"line":134,"column":50}},"14":{"start":{"line":135,"column":4},"end":{"line":135,"column":3177}},"15":{"start":{"line":136,"column":6},"end":{"line":136,"column":3237}},"16":{"start":{"line":143,"column":6},"end":{"line":143,"column":3394}},"17":{"start":{"line":150,"column":4},"end":{"line":150,"column":43}},"18":{"start":{"line":157,"column":4},"end":{"line":157,"column":64}},"19":{"start":{"line":158,"column":4},"end":{"line":158,"column":65}},"20":{"start":{"line":159,"column":4},"end":{"line":159,"column":54}},"21":{"start":{"line":160,"column":4},"end":{"line":160,"column":35}},"22":{"start":{"line":162,"column":4},"end":{"line":162,"column":69}},"23":{"start":{"line":163,"column":4},"end":{"line":163,"column":50}},"24":{"start":{"line":170,"column":4},"end":{"line":170,"column":64}},"25":{"start":{"line":171,"column":4},"end":{"line":171,"column":65}},"26":{"start":{"line":172,"column":4},"end":{"line":172,"column":54}},"27":{"start":{"line":173,"column":4},"end":{"line":173,"column":35}},"28":{"start":{"line":175,"column":4},"end":{"line":175,"column":71}},"29":{"start":{"line":176,"column":4},"end":{"line":176,"column":50}},"30":{"start":{"line":184,"column":4},"end":{"line":184,"column":26}}},"branchMap":{"1":{"line":135,"type":"if","locations":[{"start":{"line":135,"column":4},"end":{"line":135,"column":4}},{"start":{"line":135,"column":4},"end":{"line":135,"column":4}}]},"2":{"line":157,"type":"if","locations":[{"start":{"line":157,"column":4},"end":{"line":157,"column":4}},{"start":{"line":157,"column":4},"end":{"line":157,"column":4}}]},"3":{"line":158,"type":"if","locations":[{"start":{"line":158,"column":4},"end":{"line":158,"column":4}},{"start":{"line":158,"column":4},"end":{"line":158,"column":4}}]},"4":{"line":160,"type":"if","locations":[{"start":{"line":160,"column":4},"end":{"line":160,"column":4}},{"start":{"line":160,"column":4},"end":{"line":160,"column":4}}]},"5":{"line":170,"type":"if","locations":[{"start":{"line":170,"column":4},"end":{"line":170,"column":4}},{"start":{"line":170,"column":4},"end":{"line":170,"column":4}}]},"6":{"line":171,"type":"if","locations":[{"start":{"line":171,"column":4},"end":{"line":171,"column":4}},{"start":{"line":171,"column":4},"end":{"line":171,"column":4}}]},"7":{"line":173,"type":"if","locations":[{"start":{"line":173,"column":4},"end":{"line":173,"column":4}},{"start":{"line":173,"column":4},"end":{"line":173,"column":4}}]}}},"contracts/demo/KnowYourCustomer.sol":{"l":{"31":91,"34":83,"41":7,"48":15,"58":22,"68":21,"69":140,"78":98},"path":"/home/node/project/contracts/demo/KnowYourCustomer.sol","s":{"1":91,"2":7,"3":15,"4":22,"5":21,"6":140,"7":98},"b":{"1":[83,8]},"f":{"1":91,"2":7,"3":15,"4":22,"5":21,"6":98},"fnMap":{"1":{"name":"whenKYCisValid","line":30,"loc":{"start":{"line":30,"column":2},"end":{"line":30,"column":42}}},"2":{"name":"isKYCValid","line":40,"loc":{"start":{"line":40,"column":2},"end":{"line":40,"column":66}}},"3":{"name":"validUntil","line":47,"loc":{"start":{"line":47,"column":2},"end":{"line":47,"column":69}}},"4":{"name":"validateKYCUntil","line":54,"loc":{"start":{"line":54,"column":2},"end":{"line":57,"column":3}}},"5":{"name":"validateManyKYCUntil","line":64,"loc":{"start":{"line":64,"column":2},"end":{"line":67,"column":3}}},"6":{"name":"currentTime","line":76,"loc":{"start":{"line":76,"column":2},"end":{"line":76,"column":56}}}},"statementMap":{"1":{"start":{"line":31,"column":4},"end":{"line":31,"column":1074}},"2":{"start":{"line":41,"column":4},"end":{"line":41,"column":71}},"3":{"start":{"line":48,"column":4},"end":{"line":48,"column":32}},"4":{"start":{"line":58,"column":4},"end":{"line":58,"column":37}},"5":{"start":{"line":68,"column":4},"end":{"line":68,"column":1991}},"6":{"start":{"line":69,"column":6},"end":{"line":69,"column":44}},"7":{"start":{"line":78,"column":4},"end":{"line":78,"column":26}}},"branchMap":{"1":{"line":31,"type":"if","locations":[{"start":{"line":31,"column":4},"end":{"line":31,"column":4}},{"start":{"line":31,"column":4},"end":{"line":31,"column":4}}]}}},"contracts/demo/RestrictedToken.sol":{"l":{"34":23,"44":1},"path":"/home/node/project/contracts/demo/RestrictedToken.sol","s":{"1":23,"2":1},"b":{},"f":{"1":23,"2":1},"fnMap":{"1":{"name":"transfer","line":30,"loc":{"start":{"line":30,"column":2},"end":{"line":33,"column":3}}},"2":{"name":"transferFrom","line":40,"loc":{"start":{"line":40,"column":2},"end":{"line":43,"column":3}}}},"statementMap":{"1":{"start":{"line":34,"column":4},"end":{"line":34,"column":38}},"2":{"start":{"line":44,"column":4},"end":{"line":44,"column":49}}},"branchMap":{}},"contracts/demo/Shareholder.sol":{"l":{"29":2,"36":4,"37":5,"38":1,"41":3,"48":16},"path":"/home/node/project/contracts/demo/Shareholder.sol","s":{"1":2,"2":4,"3":5,"4":1,"5":3,"6":16},"b":{"1":[1,4]},"f":{"1":2,"2":4,"3":16},"fnMap":{"1":{"name":"shareholders","line":28,"loc":{"start":{"line":28,"column":2},"end":{"line":28,"column":57}}},"2":{"name":"isShareholder","line":35,"loc":{"start":{"line":35,"column":2},"end":{"line":35,"column":69}}},"3":{"name":"updateShareholders","line":47,"loc":{"start":{"line":47,"column":2},"end":{"line":47,"column":71}}}},"statementMap":{"1":{"start":{"line":29,"column":4},"end":{"line":29,"column":23}},"2":{"start":{"line":36,"column":4},"end":{"line":36,"column":1007}},"3":{"start":{"line":37,"column":6},"end":{"line":37,"column":1067}},"4":{"start":{"line":38,"column":8},"end":{"line":38,"column":19}},"5":{"start":{"line":41,"column":4},"end":{"line":41,"column":16}},"6":{"start":{"line":48,"column":4},"end":{"line":48,"column":31}}},"branchMap":{"1":{"line":37,"type":"if","locations":[{"start":{"line":37,"column":6},"end":{"line":37,"column":6}},{"start":{"line":37,"column":6},"end":{"line":37,"column":6}}]}}},"contracts/dividend/Dividend.sol":{"l":{"54":23,"62":1,"69":2,"78":1,"87":1,"96":1,"105":1,"114":2,"123":8,"138":0,"149":5,"160":0,"172":31,"173":31,"174":31,"182":31,"183":31,"190":1,"191":1,"202":5,"203":5,"204":5,"208":5,"210":5,"211":5,"224":8,"225":8,"226":8,"227":8,"230":0},"path":"/home/node/project/contracts/dividend/Dividend.sol","s":{"1":23,"2":1,"3":2,"4":1,"5":1,"6":1,"7":1,"8":2,"9":8,"10":0,"11":5,"12":0,"13":31,"14":31,"15":31,"16":31,"17":1,"18":1,"19":5,"20":5,"21":5,"22":5,"23":5,"24":8,"25":8,"26":8,"27":8,"28":0},"b":{"1":[31,0],"2":[31,0],"3":[5,0],"4":[5,0],"5":[8,0]},"f":{"1":23,"2":1,"3":2,"4":1,"5":1,"6":1,"7":1,"8":2,"9":8,"10":0,"11":5,"12":0,"13":31,"14":1,"15":5,"16":8},"fnMap":{"1":{"name":null,"line":53,"loc":{"start":{"line":53,"column":2},"end":{"line":53,"column":51}}},"2":{"name":"token","line":61,"loc":{"start":{"line":61,"column":2},"end":{"line":61,"column":63}}},"3":{"name":"dividendsCount","line":68,"loc":{"start":{"line":68,"column":2},"end":{"line":68,"column":57}}},"4":{"name":"dividendPayToken","line":75,"loc":{"start":{"line":75,"column":2},"end":{"line":77,"column":3}}},"5":{"name":"dividendAmount","line":84,"loc":{"start":{"line":84,"column":2},"end":{"line":86,"column":3}}},"6":{"name":"dividendTotalSupply","line":93,"loc":{"start":{"line":93,"column":2},"end":{"line":95,"column":3}}},"7":{"name":"dividendCreatedAt","line":102,"loc":{"start":{"line":102,"column":2},"end":{"line":104,"column":3}}},"8":{"name":"dividendClaimed","line":111,"loc":{"start":{"line":111,"column":2},"end":{"line":113,"column":3}}},"9":{"name":"dividendAvailable","line":120,"loc":{"start":{"line":120,"column":2},"end":{"line":122,"column":3}}},"10":{"name":"dividendAvailableWithProof","line":133,"loc":{"start":{"line":133,"column":2},"end":{"line":137,"column":3}}},"11":{"name":"claimDividend","line":148,"loc":{"start":{"line":148,"column":2},"end":{"line":148,"column":52}}},"12":{"name":"claimDividendWithProof","line":157,"loc":{"start":{"line":157,"column":2},"end":{"line":159,"column":3}}},"13":{"name":"createDividend","line":169,"loc":{"start":{"line":169,"column":2},"end":{"line":171,"column":3}}},"14":{"name":"updateToken","line":189,"loc":{"start":{"line":189,"column":2},"end":{"line":189,"column":70}}},"15":{"name":"processDividendDistribution","line":198,"loc":{"start":{"line":198,"column":2},"end":{"line":201,"column":3}}},"16":{"name":"evalDividendAvailable","line":219,"loc":{"start":{"line":219,"column":2},"end":{"line":223,"column":3}}}},"statementMap":{"1":{"start":{"line":54,"column":4},"end":{"line":54,"column":17}},"2":{"start":{"line":62,"column":4},"end":{"line":62,"column":16}},"3":{"start":{"line":69,"column":4},"end":{"line":69,"column":25}},"4":{"start":{"line":78,"column":4},"end":{"line":78,"column":42}},"5":{"start":{"line":87,"column":4},"end":{"line":87,"column":40}},"6":{"start":{"line":96,"column":4},"end":{"line":96,"column":45}},"7":{"start":{"line":105,"column":4},"end":{"line":105,"column":43}},"8":{"start":{"line":114,"column":4},"end":{"line":114,"column":51}},"9":{"start":{"line":123,"column":4},"end":{"line":123,"column":3289}},"10":{"start":{"line":138,"column":4},"end":{"line":138,"column":3596}},"11":{"start":{"line":149,"column":4},"end":{"line":149,"column":3934}},"12":{"start":{"line":160,"column":4},"end":{"line":160,"column":4165}},"13":{"start":{"line":172,"column":4},"end":{"line":172,"column":73}},"14":{"start":{"line":173,"column":4},"end":{"line":173,"column":58}},"15":{"start":{"line":174,"column":4},"end":{"line":174,"column":4579}},"16":{"start":{"line":182,"column":4},"end":{"line":182,"column":58}},"17":{"start":{"line":190,"column":4},"end":{"line":190,"column":17}},"18":{"start":{"line":191,"column":4},"end":{"line":191,"column":28}},"19":{"start":{"line":202,"column":4},"end":{"line":202,"column":5275}},"20":{"start":{"line":203,"column":6},"end":{"line":203,"column":61}},"21":{"start":{"line":204,"column":6},"end":{"line":204,"column":5373}},"22":{"start":{"line":210,"column":8},"end":{"line":210,"column":66}},"23":{"start":{"line":211,"column":8},"end":{"line":211,"column":69}},"24":{"start":{"line":224,"column":4},"end":{"line":224,"column":59}},"25":{"start":{"line":225,"column":4},"end":{"line":225,"column":6051}},"26":{"start":{"line":226,"column":6},"end":{"line":226,"column":70}},"27":{"start":{"line":227,"column":6},"end":{"line":227,"column":6242}},"28":{"start":{"line":230,"column":4},"end":{"line":230,"column":12}}},"branchMap":{"1":{"line":172,"type":"if","locations":[{"start":{"line":172,"column":4},"end":{"line":172,"column":4}},{"start":{"line":172,"column":4},"end":{"line":172,"column":4}}]},"2":{"line":173,"type":"if","locations":[{"start":{"line":173,"column":4},"end":{"line":173,"column":4}},{"start":{"line":173,"column":4},"end":{"line":173,"column":4}}]},"3":{"line":202,"type":"if","locations":[{"start":{"line":202,"column":4},"end":{"line":202,"column":4}},{"start":{"line":202,"column":4},"end":{"line":202,"column":4}}]},"4":{"line":204,"type":"if","locations":[{"start":{"line":204,"column":6},"end":{"line":204,"column":6}},{"start":{"line":204,"column":6},"end":{"line":204,"column":6}}]},"5":{"line":225,"type":"if","locations":[{"start":{"line":225,"column":4},"end":{"line":225,"column":4}},{"start":{"line":225,"column":4},"end":{"line":225,"column":4}}]}}},"contracts/dividend/DividendWithRules.sol":{"l":{"39":0,"48":0},"path":"/home/node/project/contracts/dividend/DividendWithRules.sol","s":{},"b":{},"f":{"1":3,"2":0,"3":0},"fnMap":{"1":{"name":null,"line":29,"loc":{"start":{"line":29,"column":2},"end":{"line":31,"column":3}}},"2":{"name":"claimDividend","line":36,"loc":{"start":{"line":36,"column":2},"end":{"line":38,"column":3}}},"3":{"name":"claimDividendWithProof","line":45,"loc":{"start":{"line":45,"column":2},"end":{"line":47,"column":3}}}},"statementMap":{},"branchMap":{}},"contracts/Documentation.sol":{"l":{"46":33,"53":2,"62":3,"71":3,"80":3,"89":3,"98":4,"107":4,"116":1,"117":1,"128":55,"129":54,"130":53,"132":52,"133":52,"140":52,"141":52,"143":52,"149":52,"161":20,"162":20,"164":19,"165":19,"166":19,"167":19,"168":19,"170":19,"177":19,"187":5,"188":5,"190":4,"191":4,"192":4,"193":4,"198":75},"path":"/home/node/project/contracts/Documentation.sol","s":{"1":33,"2":2,"3":3,"4":3,"5":3,"6":3,"7":4,"8":4,"9":1,"10":1,"11":55,"12":54,"13":53,"14":52,"15":52,"16":52,"17":52,"18":52,"19":52,"20":20,"21":20,"22":19,"23":19,"24":19,"25":19,"26":19,"27":19,"28":5,"29":5,"30":4,"31":4,"32":4,"33":4,"34":75},"b":{"1":[54,1],"2":[53,1],"3":[52,1],"4":[19,1],"5":[4,1]},"f":{"1":33,"2":2,"3":3,"4":3,"5":3,"6":3,"7":4,"8":4,"9":1,"10":55,"11":20,"12":5,"13":75},"fnMap":{"1":{"name":null,"line":45,"loc":{"start":{"line":45,"column":2},"end":{"line":45,"column":43}}},"2":{"name":"repositoryURL","line":52,"loc":{"start":{"line":52,"column":2},"end":{"line":52,"column":55}}},"3":{"name":"documentsCount","line":59,"loc":{"start":{"line":59,"column":2},"end":{"line":61,"column":3}}},"4":{"name":"documentName","line":68,"loc":{"start":{"line":68,"column":2},"end":{"line":70,"column":3}}},"5":{"name":"documentHash","line":77,"loc":{"start":{"line":77,"column":2},"end":{"line":79,"column":3}}},"6":{"name":"documentVersion","line":86,"loc":{"start":{"line":86,"column":2},"end":{"line":88,"column":3}}},"7":{"name":"documentLastUpdate","line":95,"loc":{"start":{"line":95,"column":2},"end":{"line":97,"column":3}}},"8":{"name":"documentIsValid","line":104,"loc":{"start":{"line":104,"column":2},"end":{"line":106,"column":3}}},"9":{"name":"updateRepositoryURL","line":113,"loc":{"start":{"line":113,"column":2},"end":{"line":115,"column":3}}},"10":{"name":"addDocument","line":123,"loc":{"start":{"line":123,"column":2},"end":{"line":127,"column":3}}},"11":{"name":"updateDocument","line":155,"loc":{"start":{"line":155,"column":2},"end":{"line":160,"column":3}}},"12":{"name":"invalidateDocument","line":183,"loc":{"start":{"line":183,"column":2},"end":{"line":186,"column":3}}},"13":{"name":"currentTime","line":196,"loc":{"start":{"line":196,"column":2},"end":{"line":196,"column":56}}}},"statementMap":{"1":{"start":{"line":46,"column":4},"end":{"line":46,"column":33}},"2":{"start":{"line":53,"column":4},"end":{"line":53,"column":24}},"3":{"start":{"line":62,"column":4},"end":{"line":62,"column":36}},"4":{"start":{"line":71,"column":4},"end":{"line":71,"column":40}},"5":{"start":{"line":80,"column":4},"end":{"line":80,"column":40}},"6":{"start":{"line":89,"column":4},"end":{"line":89,"column":43}},"7":{"start":{"line":98,"column":4},"end":{"line":98,"column":46}},"8":{"start":{"line":107,"column":4},"end":{"line":107,"column":41}},"9":{"start":{"line":116,"column":4},"end":{"line":116,"column":33}},"10":{"start":{"line":117,"column":4},"end":{"line":117,"column":15}},"11":{"start":{"line":128,"column":4},"end":{"line":128,"column":42}},"12":{"start":{"line":129,"column":4},"end":{"line":129,"column":44}},"13":{"start":{"line":130,"column":4},"end":{"line":130,"column":30}},"14":{"start":{"line":132,"column":4},"end":{"line":132,"column":40}},"15":{"start":{"line":133,"column":4},"end":{"line":133,"column":3599}},"16":{"start":{"line":140,"column":4},"end":{"line":140,"column":37}},"17":{"start":{"line":141,"column":4},"end":{"line":141,"column":35}},"18":{"start":{"line":143,"column":4},"end":{"line":143,"column":3794}},"19":{"start":{"line":149,"column":4},"end":{"line":149,"column":15}},"20":{"start":{"line":161,"column":4},"end":{"line":161,"column":55}},"21":{"start":{"line":162,"column":4},"end":{"line":162,"column":38}},"22":{"start":{"line":164,"column":4},"end":{"line":164,"column":24}},"23":{"start":{"line":165,"column":4},"end":{"line":165,"column":24}},"24":{"start":{"line":167,"column":4},"end":{"line":167,"column":38}},"25":{"start":{"line":168,"column":4},"end":{"line":168,"column":24}},"26":{"start":{"line":170,"column":4},"end":{"line":170,"column":4347}},"27":{"start":{"line":177,"column":4},"end":{"line":177,"column":15}},"28":{"start":{"line":187,"column":4},"end":{"line":187,"column":55}},"29":{"start":{"line":188,"column":4},"end":{"line":188,"column":38}},"30":{"start":{"line":190,"column":4},"end":{"line":190,"column":38}},"31":{"start":{"line":191,"column":4},"end":{"line":191,"column":25}},"32":{"start":{"line":192,"column":4},"end":{"line":192,"column":43}},"33":{"start":{"line":193,"column":4},"end":{"line":193,"column":15}},"34":{"start":{"line":198,"column":4},"end":{"line":198,"column":26}}},"branchMap":{"1":{"line":128,"type":"if","locations":[{"start":{"line":128,"column":4},"end":{"line":128,"column":4}},{"start":{"line":128,"column":4},"end":{"line":128,"column":4}}]},"2":{"line":129,"type":"if","locations":[{"start":{"line":129,"column":4},"end":{"line":129,"column":4}},{"start":{"line":129,"column":4},"end":{"line":129,"column":4}}]},"3":{"line":130,"type":"if","locations":[{"start":{"line":130,"column":4},"end":{"line":130,"column":4}},{"start":{"line":130,"column":4},"end":{"line":130,"column":4}}]},"4":{"line":162,"type":"if","locations":[{"start":{"line":162,"column":4},"end":{"line":162,"column":4}},{"start":{"line":162,"column":4},"end":{"line":162,"column":4}}]},"5":{"line":188,"type":"if","locations":[{"start":{"line":188,"column":4},"end":{"line":188,"column":4}},{"start":{"line":188,"column":4},"end":{"line":188,"column":4}}]}}},"contracts/governance/BoardSig.sol":{"l":{"48":9,"66":1,"67":1,"69":1,"84":1},"path":"/home/node/project/contracts/governance/BoardSig.sol","s":{"1":9,"2":1,"3":1,"4":1,"5":1},"b":{},"f":{"1":7,"2":9,"3":1,"4":1},"fnMap":{"1":{"name":null,"line":37,"loc":{"start":{"line":37,"column":2},"end":{"line":39,"column":3}}},"2":{"name":"tokenizeHash","line":45,"loc":{"start":{"line":45,"column":2},"end":{"line":47,"column":3}}},"3":{"name":"tokenizeShares","line":56,"loc":{"start":{"line":56,"column":2},"end":{"line":65,"column":3}}},"4":{"name":"addBoardMeeting","line":75,"loc":{"start":{"line":75,"column":2},"end":{"line":83,"column":3}}}},"statementMap":{"1":{"start":{"line":48,"column":4},"end":{"line":48,"column":1368}},"2":{"start":{"line":66,"column":4},"end":{"line":66,"column":27}},"3":{"start":{"line":67,"column":4},"end":{"line":67,"column":17}},"4":{"start":{"line":69,"column":4},"end":{"line":69,"column":41}},"5":{"start":{"line":84,"column":4},"end":{"line":84,"column":32}}},"branchMap":{}},"contracts/interface/IAuditableToken.sol":{"l":{},"path":"/home/node/project/contracts/interface/IAuditableToken.sol","s":{},"b":{},"f":{},"fnMap":{},"statementMap":{},"branchMap":{}},"contracts/interface/IClaimable.sol":{"l":{},"path":"/home/node/project/contracts/interface/IClaimable.sol","s":{},"b":{},"f":{},"fnMap":{},"statementMap":{},"branchMap":{}},"contracts/interface/IDividend.sol":{"l":{},"path":"/home/node/project/contracts/interface/IDividend.sol","s":{},"b":{},"f":{},"fnMap":{},"statementMap":{},"branchMap":{}},"contracts/interface/IDocumentation.sol":{"l":{},"path":"/home/node/project/contracts/interface/IDocumentation.sol","s":{},"b":{},"f":{},"fnMap":{},"statementMap":{},"branchMap":{}},"contracts/interface/IIssuable.sol":{"l":{},"path":"/home/node/project/contracts/interface/IIssuable.sol","s":{},"b":{},"f":{},"fnMap":{},"statementMap":{},"branchMap":{}},"contracts/interface/IMintable.sol":{"l":{},"path":"/home/node/project/contracts/interface/IMintable.sol","s":{},"b":{},"f":{},"fnMap":{},"statementMap":{},"branchMap":{}},"contracts/interface/IMintableByLot.sol":{"l":{},"path":"/home/node/project/contracts/interface/IMintableByLot.sol","s":{},"b":{},"f":{},"fnMap":{},"statementMap":{},"branchMap":{}},"contracts/interface/IProvableOwnership.sol":{"l":{},"path":"/home/node/project/contracts/interface/IProvableOwnership.sol","s":{},"b":{},"f":{},"fnMap":{},"statementMap":{},"branchMap":{}},"contracts/interface/IPublicMultiSig.sol":{"l":{},"path":"/home/node/project/contracts/interface/IPublicMultiSig.sol","s":{},"b":{},"f":{},"fnMap":{},"statementMap":{},"branchMap":{}},"contracts/interface/IRates.sol":{"l":{},"path":"/home/node/project/contracts/interface/IRates.sol","s":{},"b":{},"f":{},"fnMap":{},"statementMap":{},"branchMap":{}},"contracts/interface/IRatesProvider.sol":{"l":{},"path":"/home/node/project/contracts/interface/IRatesProvider.sol","s":{},"b":{},"f":{},"fnMap":{},"statementMap":{},"branchMap":{}},"contracts/interface/IRegistry.sol":{"l":{},"path":"/home/node/project/contracts/interface/IRegistry.sol","s":{},"b":{},"f":{},"fnMap":{},"statementMap":{},"branchMap":{}},"contracts/interface/IRule.sol":{"l":{},"path":"/home/node/project/contracts/interface/IRule.sol","s":{},"b":{},"f":{},"fnMap":{},"statementMap":{},"branchMap":{}},"contracts/interface/ISaleConfig.sol":{"l":{},"path":"/home/node/project/contracts/interface/ISaleConfig.sol","s":{},"b":{},"f":{},"fnMap":{},"statementMap":{},"branchMap":{}},"contracts/interface/ISeizable.sol":{"l":{},"path":"/home/node/project/contracts/interface/ISeizable.sol","s":{},"b":{},"f":{},"fnMap":{},"statementMap":{},"branchMap":{}},"contracts/interface/IStateMachine.sol":{"l":{},"path":"/home/node/project/contracts/interface/IStateMachine.sol","s":{},"b":{},"f":{},"fnMap":{},"statementMap":{},"branchMap":{}},"contracts/interface/ITokensale.sol":{"l":{"32":0,"36":0,"40":0},"path":"/home/node/project/contracts/interface/ITokensale.sol","s":{"1":0,"2":0,"3":0},"b":{},"f":{"1":0,"2":0,"3":0},"fnMap":{"1":{"name":"minimalAutoWithdraw","line":31,"loc":{"start":{"line":31,"column":2},"end":{"line":31,"column":62}}},"2":{"name":"minimalBalance","line":35,"loc":{"start":{"line":35,"column":2},"end":{"line":35,"column":57}}},"3":{"name":"basePriceCHFCent","line":39,"loc":{"start":{"line":39,"column":2},"end":{"line":39,"column":59}}}},"statementMap":{"1":{"start":{"line":32,"column":4},"end":{"line":32,"column":32}},"2":{"start":{"line":36,"column":4},"end":{"line":36,"column":26}},"3":{"start":{"line":40,"column":4},"end":{"line":40,"column":30}}},"branchMap":{}},"contracts/interface/IUserRegistry.sol":{"l":{},"path":"/home/node/project/contracts/interface/IUserRegistry.sol","s":{},"b":{},"f":{},"fnMap":{},"statementMap":{},"branchMap":{}},"contracts/interface/IVoting.sol":{"l":{},"path":"/home/node/project/contracts/interface/IVoting.sol","s":{},"b":{},"f":{},"fnMap":{},"statementMap":{},"branchMap":{}},"contracts/interface/IWhitelist.sol":{"l":{},"path":"/home/node/project/contracts/interface/IWhitelist.sol","s":{},"b":{},"f":{},"fnMap":{},"statementMap":{},"branchMap":{}},"contracts/interface/IWithClaims.sol":{"l":{},"path":"/home/node/project/contracts/interface/IWithClaims.sol","s":{},"b":{},"f":{},"fnMap":{},"statementMap":{},"branchMap":{}},"contracts/interface/IWithRules.sol":{"l":{},"path":"/home/node/project/contracts/interface/IWithRules.sol","s":{},"b":{},"f":{},"fnMap":{},"statementMap":{},"branchMap":{}},"contracts/mps/MPSBoardSig.sol":{"l":{},"path":"/home/node/project/contracts/mps/MPSBoardSig.sol","s":{},"b":{},"f":{"1":0},"fnMap":{"1":{"name":null,"line":32,"loc":{"start":{"line":32,"column":2},"end":{"line":34,"column":3}}}},"statementMap":{},"branchMap":{}},"contracts/mps/MPSSaleConfig.sol":{"l":{"55":57,"60":57,"70":2,"77":49,"84":1,"91":1,"98":1,"105":1,"112":37,"119":71,"128":0},"path":"/home/node/project/contracts/mps/MPSSaleConfig.sol","s":{"1":2,"2":49,"3":1,"4":1,"5":1,"6":1,"7":37,"8":71,"9":0},"b":{},"f":{"1":57,"2":2,"3":49,"4":1,"5":1,"6":1,"7":1,"8":37,"9":71,"10":0},"fnMap":{"1":{"name":null,"line":54,"loc":{"start":{"line":54,"column":2},"end":{"line":54,"column":22}}},"2":{"name":"tokenSupply","line":69,"loc":{"start":{"line":69,"column":2},"end":{"line":69,"column":54}}},"3":{"name":"tokensaleLotSupplies","line":76,"loc":{"start":{"line":76,"column":2},"end":{"line":76,"column":65}}},"4":{"name":"tokenizedSharePercent","line":83,"loc":{"start":{"line":83,"column":2},"end":{"line":83,"column":64}}},"5":{"name":"tokenPriceCHF","line":90,"loc":{"start":{"line":90,"column":2},"end":{"line":90,"column":56}}},"6":{"name":"minimalCHFInvestment","line":97,"loc":{"start":{"line":97,"column":2},"end":{"line":97,"column":63}}},"7":{"name":"maximalCHFInvestment","line":104,"loc":{"start":{"line":104,"column":2},"end":{"line":104,"column":63}}},"8":{"name":"tokensalesCount","line":111,"loc":{"start":{"line":111,"column":2},"end":{"line":111,"column":58}}},"9":{"name":"lotId","line":118,"loc":{"start":{"line":118,"column":2},"end":{"line":118,"column":68}}},"10":{"name":"tokenPriceCHFCent","line":125,"loc":{"start":{"line":125,"column":2},"end":{"line":127,"column":3}}}},"statementMap":{"1":{"start":{"line":70,"column":4},"end":{"line":70,"column":23}},"2":{"start":{"line":77,"column":4},"end":{"line":77,"column":36}},"3":{"start":{"line":84,"column":4},"end":{"line":84,"column":34}},"4":{"start":{"line":91,"column":4},"end":{"line":91,"column":31}},"5":{"start":{"line":98,"column":4},"end":{"line":98,"column":38}},"6":{"start":{"line":105,"column":4},"end":{"line":105,"column":38}},"7":{"start":{"line":112,"column":4},"end":{"line":112,"column":28}},"8":{"start":{"line":119,"column":4},"end":{"line":119,"column":41}},"9":{"start":{"line":128,"column":4},"end":{"line":128,"column":53}}},"branchMap":{}},"contracts/mps/MPSToken.sol":{"l":{},"path":"/home/node/project/contracts/mps/MPSToken.sol","s":{},"b":{},"f":{"1":1},"fnMap":{"1":{"name":null,"line":23,"loc":{"start":{"line":23,"column":2},"end":{"line":25,"column":3}}}},"statementMap":{},"branchMap":{}},"contracts/multisig/private/CancelableSig.sol":{"l":{"34":1},"path":"/home/node/project/contracts/multisig/private/CancelableSig.sol","s":{"1":1},"b":{},"f":{"1":2,"2":1},"fnMap":{"1":{"name":null,"line":25,"loc":{"start":{"line":25,"column":2},"end":{"line":27,"column":3}}},"2":{"name":"cancel","line":33,"loc":{"start":{"line":33,"column":2},"end":{"line":33,"column":53}}}},"statementMap":{"1":{"start":{"line":34,"column":4},"end":{"line":34,"column":27}}},"branchMap":{}},"contracts/multisig/private/DelegateSig.sol":{"l":{"47":10,"48":10,"59":8,"66":47,"73":1,"82":2,"91":2,"102":10,"103":10,"124":8,"125":6,"126":6,"145":60,"146":59,"147":59,"148":59,"157":59,"172":45,"173":44,"174":44,"175":44},"path":"/home/node/project/contracts/multisig/private/DelegateSig.sol","s":{"1":10,"2":10,"3":47,"4":1,"5":2,"6":2,"7":10,"8":10,"9":8,"10":6,"11":6,"12":60,"13":59,"14":59,"15":59,"16":59,"17":45,"18":44,"19":44,"20":44},"b":{"1":[8,2],"2":[6,2],"3":[59,1],"4":[59,0],"5":[44,1]},"f":{"1":10,"2":47,"3":1,"4":2,"5":2,"6":10,"7":8,"8":60,"9":45},"fnMap":{"1":{"name":"onlyDelegates","line":43,"loc":{"start":{"line":43,"column":2},"end":{"line":46,"column":3}}},"2":{"name":"grantsHash","line":65,"loc":{"start":{"line":65,"column":2},"end":{"line":65,"column":53}}},"3":{"name":"grantsDefined","line":72,"loc":{"start":{"line":72,"column":2},"end":{"line":72,"column":53}}},"4":{"name":"grantDelegates","line":79,"loc":{"start":{"line":79,"column":2},"end":{"line":81,"column":3}}},"5":{"name":"grantThreshold","line":88,"loc":{"start":{"line":88,"column":2},"end":{"line":90,"column":3}}},"6":{"name":"reviewDelegateSigs","line":97,"loc":{"start":{"line":97,"column":2},"end":{"line":101,"column":3}}},"7":{"name":"executeOnBehalf","line":118,"loc":{"start":{"line":118,"column":2},"end":{"line":123,"column":3}}},"8":{"name":"addGrant","line":135,"loc":{"start":{"line":135,"column":2},"end":{"line":144,"column":3}}},"9":{"name":"endDefinition","line":164,"loc":{"start":{"line":164,"column":2},"end":{"line":171,"column":3}}}},"statementMap":{"1":{"start":{"line":47,"column":4},"end":{"line":47,"column":38}},"2":{"start":{"line":48,"column":4},"end":{"line":48,"column":1584}},"3":{"start":{"line":66,"column":4},"end":{"line":66,"column":21}},"4":{"start":{"line":73,"column":4},"end":{"line":73,"column":24}},"5":{"start":{"line":82,"column":4},"end":{"line":82,"column":50}},"6":{"start":{"line":91,"column":4},"end":{"line":91,"column":50}},"7":{"start":{"line":102,"column":4},"end":{"line":102,"column":54}},"8":{"start":{"line":103,"column":4},"end":{"line":103,"column":2867}},"9":{"start":{"line":124,"column":4},"end":{"line":124,"column":33}},"10":{"start":{"line":125,"column":4},"end":{"line":125,"column":47}},"11":{"start":{"line":126,"column":4},"end":{"line":126,"column":15}},"12":{"start":{"line":145,"column":4},"end":{"line":145,"column":34}},"13":{"start":{"line":146,"column":4},"end":{"line":146,"column":56}},"14":{"start":{"line":147,"column":4},"end":{"line":147,"column":69}},"15":{"start":{"line":148,"column":4},"end":{"line":148,"column":4165}},"16":{"start":{"line":157,"column":4},"end":{"line":157,"column":15}},"17":{"start":{"line":172,"column":4},"end":{"line":172,"column":34}},"18":{"start":{"line":173,"column":4},"end":{"line":173,"column":27}},"19":{"start":{"line":174,"column":4},"end":{"line":174,"column":23}},"20":{"start":{"line":175,"column":4},"end":{"line":175,"column":15}}},"branchMap":{"1":{"line":48,"type":"if","locations":[{"start":{"line":48,"column":4},"end":{"line":48,"column":4}},{"start":{"line":48,"column":4},"end":{"line":48,"column":4}}]},"2":{"line":124,"type":"if","locations":[{"start":{"line":124,"column":4},"end":{"line":124,"column":4}},{"start":{"line":124,"column":4},"end":{"line":124,"column":4}}]},"3":{"line":145,"type":"if","locations":[{"start":{"line":145,"column":4},"end":{"line":145,"column":4}},{"start":{"line":145,"column":4},"end":{"line":145,"column":4}}]},"4":{"line":146,"type":"if","locations":[{"start":{"line":146,"column":4},"end":{"line":146,"column":4}},{"start":{"line":146,"column":4},"end":{"line":146,"column":4}}]},"5":{"line":172,"type":"if","locations":[{"start":{"line":172,"column":4},"end":{"line":172,"column":4}},{"start":{"line":172,"column":4},"end":{"line":172,"column":4}}]}}},"contracts/multisig/private/LockableSig.sol":{"l":{"38":3,"45":4,"56":2,"65":11,"66":10},"path":"/home/node/project/contracts/multisig/private/LockableSig.sol","s":{"1":3,"2":4,"3":2,"4":11},"b":{"1":[10,1]},"f":{"1":53,"2":3,"3":4,"4":2,"5":11},"fnMap":{"1":{"name":null,"line":29,"loc":{"start":{"line":29,"column":2},"end":{"line":31,"column":3}}},"2":{"name":"isLocked","line":37,"loc":{"start":{"line":37,"column":2},"end":{"line":37,"column":48}}},"3":{"name":"lock","line":44,"loc":{"start":{"line":44,"column":2},"end":{"line":44,"column":36}}},"4":{"name":"unlock","line":51,"loc":{"start":{"line":51,"column":2},"end":{"line":55,"column":3}}},"5":{"name":"executeInternal","line":62,"loc":{"start":{"line":62,"column":2},"end":{"line":64,"column":3}}}},"statementMap":{"1":{"start":{"line":38,"column":4},"end":{"line":38,"column":17}},"2":{"start":{"line":45,"column":4},"end":{"line":45,"column":16}},"3":{"start":{"line":56,"column":4},"end":{"line":56,"column":17}},"4":{"start":{"line":65,"column":4},"end":{"line":65,"column":26}}},"branchMap":{"1":{"line":65,"type":"if","locations":[{"start":{"line":65,"column":4},"end":{"line":65,"column":4}},{"start":{"line":65,"column":4},"end":{"line":65,"column":4}}]}}},"contracts/multisig/private/MultiSig.sol":{"l":{"33":144,"34":144,"38":144,"51":16,"53":16,"56":16,"64":3,"66":3,"69":3,"77":3,"79":3,"82":3,"93":197,"99":172,"113":30,"114":3,"116":29,"123":7,"124":7,"125":7,"127":7,"128":5,"135":2,"142":2,"149":260,"156":1,"168":216,"189":234,"190":14,"196":220,"214":233,"226":233,"229":233,"230":0,"232":233,"254":10,"255":9,"271":226,"272":226,"276":13,"279":213,"280":213,"283":213,"284":242,"285":213,"286":213,"287":19,"297":194,"302":213,"303":19,"306":194,"315":19,"316":19,"317":8,"320":11,"322":19,"332":220,"334":220},"path":"/home/node/project/contracts/multisig/private/MultiSig.sol","s":{"1":144,"2":144,"3":144,"4":16,"5":3,"6":3,"7":197,"8":30,"9":3,"10":7,"11":7,"12":7,"13":7,"14":2,"15":2,"16":260,"17":1,"18":216,"19":234,"20":14,"21":220,"22":233,"23":233,"24":233,"25":0,"26":233,"27":10,"28":9,"29":226,"30":226,"31":13,"32":213,"33":213,"34":213,"35":242,"36":213,"37":19,"38":213,"39":19,"40":194,"41":19,"42":19,"43":11,"44":19,"45":220},"b":{"1":[172,25],"2":[3,27],"3":[2,1],"4":[5,2],"5":[14,220],"6":[0,233],"7":[13,213],"8":[213,29],"9":[19,194],"10":[19,194],"11":[8,11],"12":[11,0]},"f":{"1":144,"2":13,"3":16,"4":3,"5":3,"6":197,"7":30,"8":7,"9":2,"10":2,"11":260,"12":1,"13":216,"14":234,"15":233,"16":10,"17":226,"18":19,"19":220},"fnMap":{"1":{"name":null,"line":32,"loc":{"start":{"line":32,"column":2},"end":{"line":32,"column":58}}},"2":{"name":null,"line":44,"loc":{"start":{"line":44,"column":2},"end":{"line":44,"column":28}}},"3":{"name":"readSelector","line":50,"loc":{"start":{"line":50,"column":2},"end":{"line":50,"column":65}}},"4":{"name":"readERC20Destination","line":63,"loc":{"start":{"line":63,"column":2},"end":{"line":63,"column":74}}},"5":{"name":"readERC20Value","line":76,"loc":{"start":{"line":76,"column":2},"end":{"line":76,"column":68}}},"6":{"name":"thresholdRequired","line":88,"loc":{"start":{"line":88,"column":2},"end":{"line":92,"column":3}}},"7":{"name":"stillValid","line":111,"loc":{"start":{"line":111,"column":2},"end":{"line":112,"column":3}}},"8":{"name":"onlySigners","line":122,"loc":{"start":{"line":122,"column":2},"end":{"line":122,"column":24}}},"9":{"name":"signers","line":134,"loc":{"start":{"line":134,"column":2},"end":{"line":134,"column":52}}},"10":{"name":"threshold","line":141,"loc":{"start":{"line":141,"column":2},"end":{"line":141,"column":50}}},"11":{"name":"replayProtection","line":148,"loc":{"start":{"line":148,"column":2},"end":{"line":148,"column":59}}},"12":{"name":"nonce","line":155,"loc":{"start":{"line":155,"column":2},"end":{"line":155,"column":48}}},"13":{"name":"reviewSignatures","line":162,"loc":{"start":{"line":162,"column":2},"end":{"line":167,"column":3}}},"14":{"name":"buildHash","line":183,"loc":{"start":{"line":183,"column":2},"end":{"line":187,"column":3}}},"15":{"name":"recoverAddress","line":207,"loc":{"start":{"line":207,"column":2},"end":{"line":212,"column":3}}},"16":{"name":"execute","line":244,"loc":{"start":{"line":244,"column":2},"end":{"line":253,"column":3}}},"17":{"name":"reviewSignaturesInternal","line":265,"loc":{"start":{"line":265,"column":2},"end":{"line":270,"column":3}}},"18":{"name":"executeInternal","line":312,"loc":{"start":{"line":312,"column":2},"end":{"line":314,"column":3}}},"19":{"name":"updateReplayProtection","line":331,"loc":{"start":{"line":331,"column":2},"end":{"line":331,"column":44}}}},"statementMap":{"1":{"start":{"line":33,"column":4},"end":{"line":33,"column":22}},"2":{"start":{"line":34,"column":4},"end":{"line":34,"column":25}},"3":{"start":{"line":38,"column":4},"end":{"line":38,"column":27}},"4":{"start":{"line":56,"column":4},"end":{"line":56,"column":19}},"5":{"start":{"line":69,"column":4},"end":{"line":69,"column":22}},"6":{"start":{"line":82,"column":4},"end":{"line":82,"column":16}},"7":{"start":{"line":93,"column":4},"end":{"line":93,"column":2538}},"8":{"start":{"line":113,"column":4},"end":{"line":113,"column":3213}},"9":{"start":{"line":114,"column":6},"end":{"line":114,"column":47}},"10":{"start":{"line":123,"column":4},"end":{"line":123,"column":21}},"11":{"start":{"line":124,"column":4},"end":{"line":124,"column":3446}},"12":{"start":{"line":125,"column":6},"end":{"line":125,"column":40}},"13":{"start":{"line":127,"column":4},"end":{"line":127,"column":25}},"14":{"start":{"line":135,"column":4},"end":{"line":135,"column":19}},"15":{"start":{"line":142,"column":4},"end":{"line":142,"column":20}},"16":{"start":{"line":149,"column":4},"end":{"line":149,"column":27}},"17":{"start":{"line":156,"column":4},"end":{"line":156,"column":16}},"18":{"start":{"line":168,"column":4},"end":{"line":168,"column":4344}},"19":{"start":{"line":189,"column":4},"end":{"line":189,"column":4746}},"20":{"start":{"line":190,"column":6},"end":{"line":190,"column":4780}},"21":{"start":{"line":196,"column":6},"end":{"line":196,"column":4916}},"22":{"start":{"line":214,"column":4},"end":{"line":214,"column":5364}},"23":{"start":{"line":226,"column":4},"end":{"line":226,"column":37}},"24":{"start":{"line":229,"column":4},"end":{"line":229,"column":5764}},"25":{"start":{"line":230,"column":6},"end":{"line":230,"column":23}},"26":{"start":{"line":232,"column":6},"end":{"line":232,"column":5837}},"27":{"start":{"line":254,"column":4},"end":{"line":254,"column":47}},"28":{"start":{"line":255,"column":4},"end":{"line":255,"column":15}},"29":{"start":{"line":271,"column":4},"end":{"line":271,"column":32}},"30":{"start":{"line":272,"column":4},"end":{"line":272,"column":6954}},"31":{"start":{"line":276,"column":6},"end":{"line":276,"column":14}},"32":{"start":{"line":279,"column":4},"end":{"line":279,"column":24}},"33":{"start":{"line":280,"column":4},"end":{"line":280,"column":7155}},"34":{"start":{"line":283,"column":4},"end":{"line":283,"column":7249}},"35":{"start":{"line":284,"column":6},"end":{"line":284,"column":7305}},"36":{"start":{"line":286,"column":8},"end":{"line":286,"column":7368}},"37":{"start":{"line":287,"column":10},"end":{"line":287,"column":7406}},"38":{"start":{"line":302,"column":4},"end":{"line":302,"column":7681}},"39":{"start":{"line":303,"column":6},"end":{"line":303,"column":14}},"40":{"start":{"line":306,"column":4},"end":{"line":306,"column":20}},"41":{"start":{"line":315,"column":4},"end":{"line":315,"column":27}},"42":{"start":{"line":316,"column":4},"end":{"line":316,"column":7932}},"43":{"start":{"line":320,"column":6},"end":{"line":320,"column":60}},"44":{"start":{"line":322,"column":4},"end":{"line":322,"column":47}},"45":{"start":{"line":332,"column":4},"end":{"line":332,"column":8545}}},"branchMap":{"1":{"line":93,"type":"if","locations":[{"start":{"line":93,"column":4},"end":{"line":93,"column":4}},{"start":{"line":93,"column":4},"end":{"line":93,"column":4}}]},"2":{"line":113,"type":"if","locations":[{"start":{"line":113,"column":4},"end":{"line":113,"column":4}},{"start":{"line":113,"column":4},"end":{"line":113,"column":4}}]},"3":{"line":114,"type":"if","locations":[{"start":{"line":114,"column":6},"end":{"line":114,"column":6}},{"start":{"line":114,"column":6},"end":{"line":114,"column":6}}]},"4":{"line":127,"type":"if","locations":[{"start":{"line":127,"column":4},"end":{"line":127,"column":4}},{"start":{"line":127,"column":4},"end":{"line":127,"column":4}}]},"5":{"line":189,"type":"if","locations":[{"start":{"line":189,"column":4},"end":{"line":189,"column":4}},{"start":{"line":189,"column":4},"end":{"line":189,"column":4}}]},"6":{"line":229,"type":"if","locations":[{"start":{"line":229,"column":4},"end":{"line":229,"column":4}},{"start":{"line":229,"column":4},"end":{"line":229,"column":4}}]},"7":{"line":272,"type":"if","locations":[{"start":{"line":272,"column":4},"end":{"line":272,"column":4}},{"start":{"line":272,"column":4},"end":{"line":272,"column":4}}]},"8":{"line":284,"type":"if","locations":[{"start":{"line":284,"column":6},"end":{"line":284,"column":6}},{"start":{"line":284,"column":6},"end":{"line":284,"column":6}}]},"9":{"line":286,"type":"if","locations":[{"start":{"line":286,"column":8},"end":{"line":286,"column":8}},{"start":{"line":286,"column":8},"end":{"line":286,"column":8}}]},"10":{"line":302,"type":"if","locations":[{"start":{"line":302,"column":4},"end":{"line":302,"column":4}},{"start":{"line":302,"column":4},"end":{"line":302,"column":4}}]},"11":{"line":316,"type":"if","locations":[{"start":{"line":316,"column":4},"end":{"line":316,"column":4}},{"start":{"line":316,"column":4},"end":{"line":316,"column":4}}]},"12":{"line":320,"type":"if","locations":[{"start":{"line":320,"column":6},"end":{"line":320,"column":6}},{"start":{"line":320,"column":6},"end":{"line":320,"column":6}}]}}},"contracts/multisig/private/ProcessSig.sol":{"l":{"36":1},"path":"/home/node/project/contracts/multisig/private/ProcessSig.sol","s":{"1":1},"b":{},"f":{"1":1,"2":1},"fnMap":{"1":{"name":null,"line":27,"loc":{"start":{"line":27,"column":2},"end":{"line":29,"column":3}}},"2":{"name":null,"line":35,"loc":{"start":{"line":35,"column":2},"end":{"line":35,"column":28}}}},"statementMap":{"1":{"start":{"line":36,"column":4},"end":{"line":36,"column":16}}},"branchMap":{}},"contracts/multisig/private/VaultSig.sol":{"l":{"44":14,"62":5,"63":2,"65":3,"66":2,"67":2,"69":4,"82":1,"104":1},"path":"/home/node/project/contracts/multisig/private/VaultSig.sol","s":{"1":14,"2":5,"3":2,"4":3,"5":2,"6":2,"7":4,"8":1,"9":1},"b":{"1":[13,1],"2":[2,3],"3":[2,1],"4":[2,0]},"f":{"1":44,"2":14,"3":5,"4":1,"5":1},"fnMap":{"1":{"name":null,"line":35,"loc":{"start":{"line":35,"column":2},"end":{"line":37,"column":3}}},"2":{"name":null,"line":43,"loc":{"start":{"line":43,"column":2},"end":{"line":43,"column":28}}},"3":{"name":"execute","line":50,"loc":{"start":{"line":50,"column":2},"end":{"line":61,"column":3}}},"4":{"name":"transferERC20","line":75,"loc":{"start":{"line":75,"column":2},"end":{"line":81,"column":3}}},"5":{"name":"transfer","line":98,"loc":{"start":{"line":98,"column":2},"end":{"line":103,"column":3}}}},"statementMap":{"1":{"start":{"line":44,"column":4},"end":{"line":44,"column":40}},"2":{"start":{"line":62,"column":4},"end":{"line":62,"column":1714}},"3":{"start":{"line":63,"column":6},"end":{"line":63,"column":46}},"4":{"start":{"line":65,"column":6},"end":{"line":65,"column":33}},"5":{"start":{"line":66,"column":6},"end":{"line":66,"column":68}},"6":{"start":{"line":67,"column":6},"end":{"line":67,"column":44}},"7":{"start":{"line":69,"column":4},"end":{"line":69,"column":15}},"8":{"start":{"line":82,"column":4},"end":{"line":82,"column":2211}},"9":{"start":{"line":104,"column":4},"end":{"line":104,"column":2597}}},"branchMap":{"1":{"line":44,"type":"if","locations":[{"start":{"line":44,"column":4},"end":{"line":44,"column":4}},{"start":{"line":44,"column":4},"end":{"line":44,"column":4}}]},"2":{"line":62,"type":"if","locations":[{"start":{"line":62,"column":4},"end":{"line":62,"column":4}},{"start":{"line":62,"column":4},"end":{"line":62,"column":4}}]},"3":{"line":65,"type":"if","locations":[{"start":{"line":65,"column":6},"end":{"line":65,"column":6}},{"start":{"line":65,"column":6},"end":{"line":65,"column":6}}]},"4":{"line":66,"type":"if","locations":[{"start":{"line":66,"column":6},"end":{"line":66,"column":6}},{"start":{"line":66,"column":6},"end":{"line":66,"column":6}}]}}},"contracts/multisig/private/WarmVaultSig.sol":{"l":{"65":10,"66":6,"81":8,"88":3,"97":2,"106":2,"115":2,"124":2,"133":2,"142":2,"151":2,"160":4,"169":4,"178":10,"179":10,"183":10,"184":10,"185":0,"188":10,"199":4,"200":2,"204":2,"205":2,"208":2,"209":2,"210":2,"212":2,"229":3,"230":2,"252":3,"253":2,"273":18,"296":37,"297":37,"298":37,"299":37,"301":37,"308":37,"317":37,"330":8,"331":8,"332":8,"340":14,"347":6,"348":6,"350":4,"351":4,"352":4,"353":4},"path":"/home/node/project/contracts/multisig/private/WarmVaultSig.sol","s":{"1":10,"2":8,"3":3,"4":2,"5":2,"6":2,"7":2,"8":2,"9":2,"10":2,"11":4,"12":4,"13":10,"14":10,"15":10,"16":10,"17":0,"18":10,"19":4,"20":2,"21":2,"22":2,"23":2,"24":2,"25":2,"26":2,"27":3,"28":2,"29":3,"30":2,"31":18,"32":37,"33":37,"34":37,"35":37,"36":37,"37":37,"38":37,"39":8,"40":8,"41":8,"42":14,"43":6,"44":6,"45":4,"46":4,"47":4,"48":4},"b":{"1":[6,4],"2":[0,10],"3":[2,2],"4":[2,0],"5":[2,0],"6":[37,0],"7":[37,0],"8":[37,0],"9":[37,0],"10":[8,0],"11":[4,2],"12":[4,0]},"f":{"1":10,"2":37,"3":8,"4":3,"5":2,"6":2,"7":2,"8":2,"9":2,"10":2,"11":2,"12":4,"13":4,"14":10,"15":4,"16":3,"17":3,"18":18,"19":37,"20":8,"21":14,"22":6},"fnMap":{"1":{"name":"ifAllowancesDefined","line":64,"loc":{"start":{"line":64,"column":2},"end":{"line":64,"column":32}}},"2":{"name":null,"line":72,"loc":{"start":{"line":72,"column":2},"end":{"line":75,"column":3}}},"3":{"name":"allowancesHash","line":80,"loc":{"start":{"line":80,"column":2},"end":{"line":80,"column":57}}},"4":{"name":"allowancesDefined","line":87,"loc":{"start":{"line":87,"column":2},"end":{"line":87,"column":57}}},"5":{"name":"ethAllowanceLimit","line":94,"loc":{"start":{"line":94,"column":2},"end":{"line":96,"column":3}}},"6":{"name":"ethAllowanceRate","line":103,"loc":{"start":{"line":103,"column":2},"end":{"line":105,"column":3}}},"7":{"name":"ethAllowanceAtOnceLimit","line":112,"loc":{"start":{"line":112,"column":2},"end":{"line":114,"column":3}}},"8":{"name":"ethAllowanceLastSpentAt","line":121,"loc":{"start":{"line":121,"column":2},"end":{"line":123,"column":3}}},"9":{"name":"ethAllowanceRemaining","line":130,"loc":{"start":{"line":130,"column":2},"end":{"line":132,"column":3}}},"10":{"name":"allowanceLimit","line":139,"loc":{"start":{"line":139,"column":2},"end":{"line":141,"column":3}}},"11":{"name":"allowanceRate","line":148,"loc":{"start":{"line":148,"column":2},"end":{"line":150,"column":3}}},"12":{"name":"allowanceAtOnceLimit","line":157,"loc":{"start":{"line":157,"column":2},"end":{"line":159,"column":3}}},"13":{"name":"allowanceLastSpentAt","line":166,"loc":{"start":{"line":166,"column":2},"end":{"line":168,"column":3}}},"14":{"name":"allowanceRemaining","line":175,"loc":{"start":{"line":175,"column":2},"end":{"line":177,"column":3}}},"15":{"name":"executeOnBehalf","line":194,"loc":{"start":{"line":194,"column":2},"end":{"line":198,"column":3}}},"16":{"name":"transferERC20OnBehalf","line":221,"loc":{"start":{"line":221,"column":2},"end":{"line":228,"column":3}}},"17":{"name":"transferOnBehalf","line":245,"loc":{"start":{"line":245,"column":2},"end":{"line":251,"column":3}}},"18":{"name":"addEthAllowance","line":266,"loc":{"start":{"line":266,"column":2},"end":{"line":272,"column":3}}},"19":{"name":"addAllowance","line":284,"loc":{"start":{"line":284,"column":2},"end":{"line":295,"column":3}}},"20":{"name":"endAllowancesDefinition","line":323,"loc":{"start":{"line":323,"column":2},"end":{"line":329,"column":3}}},"21":{"name":"currentTime","line":338,"loc":{"start":{"line":338,"column":2},"end":{"line":338,"column":56}}},"22":{"name":"evalAllowance","line":346,"loc":{"start":{"line":346,"column":2},"end":{"line":346,"column":64}}}},"statementMap":{"1":{"start":{"line":65,"column":4},"end":{"line":65,"column":38}},"2":{"start":{"line":81,"column":4},"end":{"line":81,"column":25}},"3":{"start":{"line":88,"column":4},"end":{"line":88,"column":28}},"4":{"start":{"line":97,"column":4},"end":{"line":97,"column":47}},"5":{"start":{"line":106,"column":4},"end":{"line":106,"column":46}},"6":{"start":{"line":115,"column":4},"end":{"line":115,"column":43}},"7":{"start":{"line":124,"column":4},"end":{"line":124,"column":43}},"8":{"start":{"line":133,"column":4},"end":{"line":133,"column":41}},"9":{"start":{"line":142,"column":4},"end":{"line":142,"column":43}},"10":{"start":{"line":151,"column":4},"end":{"line":151,"column":42}},"11":{"start":{"line":160,"column":4},"end":{"line":160,"column":49}},"12":{"start":{"line":169,"column":4},"end":{"line":169,"column":41}},"13":{"start":{"line":178,"column":4},"end":{"line":178,"column":50}},"14":{"start":{"line":179,"column":4},"end":{"line":179,"column":4447}},"15":{"start":{"line":183,"column":4},"end":{"line":183,"column":56}},"16":{"start":{"line":184,"column":4},"end":{"line":184,"column":4613}},"17":{"start":{"line":185,"column":6},"end":{"line":185,"column":22}},"18":{"start":{"line":188,"column":4},"end":{"line":188,"column":34}},"19":{"start":{"line":199,"column":4},"end":{"line":199,"column":4942}},"20":{"start":{"line":200,"column":6},"end":{"line":200,"column":4998}},"21":{"start":{"line":204,"column":6},"end":{"line":204,"column":34}},"22":{"start":{"line":205,"column":6},"end":{"line":205,"column":69}},"23":{"start":{"line":208,"column":6},"end":{"line":208,"column":33}},"24":{"start":{"line":209,"column":6},"end":{"line":209,"column":59}},"25":{"start":{"line":210,"column":6},"end":{"line":210,"column":47}},"26":{"start":{"line":212,"column":6},"end":{"line":212,"column":5411}},"27":{"start":{"line":229,"column":4},"end":{"line":229,"column":32}},"28":{"start":{"line":230,"column":4},"end":{"line":230,"column":5782}},"29":{"start":{"line":252,"column":4},"end":{"line":252,"column":36}},"30":{"start":{"line":253,"column":4},"end":{"line":253,"column":6244}},"31":{"start":{"line":273,"column":4},"end":{"line":273,"column":6629}},"32":{"start":{"line":296,"column":4},"end":{"line":296,"column":39}},"33":{"start":{"line":297,"column":4},"end":{"line":297,"column":40}},"34":{"start":{"line":298,"column":4},"end":{"line":298,"column":46}},"35":{"start":{"line":299,"column":4},"end":{"line":299,"column":58}},"36":{"start":{"line":301,"column":4},"end":{"line":301,"column":7322}},"37":{"start":{"line":308,"column":4},"end":{"line":308,"column":7466}},"38":{"start":{"line":317,"column":4},"end":{"line":317,"column":15}},"39":{"start":{"line":330,"column":4},"end":{"line":330,"column":39}},"40":{"start":{"line":331,"column":4},"end":{"line":331,"column":27}},"41":{"start":{"line":332,"column":4},"end":{"line":332,"column":27}},"42":{"start":{"line":340,"column":4},"end":{"line":340,"column":50}},"43":{"start":{"line":347,"column":4},"end":{"line":347,"column":49}},"44":{"start":{"line":348,"column":4},"end":{"line":348,"column":40}},"45":{"start":{"line":350,"column":4},"end":{"line":350,"column":51}},"46":{"start":{"line":351,"column":4},"end":{"line":351,"column":60}},"47":{"start":{"line":352,"column":4},"end":{"line":352,"column":46}},"48":{"start":{"line":353,"column":4},"end":{"line":353,"column":40}}},"branchMap":{"1":{"line":65,"type":"if","locations":[{"start":{"line":65,"column":4},"end":{"line":65,"column":4}},{"start":{"line":65,"column":4},"end":{"line":65,"column":4}}]},"2":{"line":184,"type":"if","locations":[{"start":{"line":184,"column":4},"end":{"line":184,"column":4}},{"start":{"line":
[...]
[0,0],"2":[0,0],"3":[0,0]},"f":{"1":0,"2":0},"fnMap":{"1":{"name":"lockHash","line":30,"loc":{"start":{"line":30,"column":2},"end":{"line":30,"column":62}}},"2":{"name":"revealHash","line":39,"loc":{"start":{"line":39,"column":2},"end":{"line":43,"column":3}}}},"statementMap":{"1":{"start":{"line":31,"column":4},"end":{"line":31,"column":68}},"2":{"start":{"line":32,"column":4},"end":{"line":32,"column":42}},"3":{"start":{"line":33,"column":4},"end":{"line":33,"column":57}},"4":{"start":{"line":44,"column":4},"end":{"line":44,"column":67}},"5":{"start":{"line":45,"column":4},"end":{"line":45,"column":1401}},"6":{"start":{"line":56,"column":4},"end":{"line":56,"column":29}}},"branchMap":{"1":{"line":31,"type":"if","locations":[{"start":{"line":31,"column":4},"end":{"line":31,"column":4}},{"start":{"line":31,"column":4},"end":{"line":31,"column":4}}]},"2":{"line":44,"type":"if","locations":[{"start":{"line":44,"column":4},"end":{"line":44,"column":4}},{"start":{"line":44,"column":4},"end":{"line":44,"column":4}}]},"3":{"line":45,"type":"if","locations":[{"start":{"line":45,"column":4},"end":{"line":45,"column":4}},{"start":{"line":45,"column":4},"end":{"line":45,"column":4}}]}}},"contracts/voting/TokenizedVoting.sol":{"l":{"34":19,"41":1,"51":4,"52":2,"54":2,"65":4,"75":2,"77":2,"78":2,"79":1,"90":2,"92":2,"95":2,"96":1,"103":0},"path":"/home/node/project/contracts/voting/TokenizedVoting.sol","s":{"1":19,"2":1,"3":4,"4":2,"5":2,"6":4,"7":2,"8":2,"9":2,"10":1,"11":2,"12":2,"13":2,"14":1,"15":0},"b":{"1":[2,2],"2":[2,0],"3":[1,1],"4":[2,0],"5":[1,1]},"f":{"1":19,"2":1,"3":4,"4":4,"5":2,"6":2,"7":0},"fnMap":{"1":{"name":null,"line":33,"loc":{"start":{"line":33,"column":2},"end":{"line":33,"column":51}}},"2":{"name":"token","line":40,"loc":{"start":{"line":40,"column":2},"end":{"line":40,"column":63}}},"3":{"name":"votesAvailable","line":48,"loc":{"start":{"line":48,"column":2},"end":{"line":50,"column":3}}},"4":{"name":"votesAvailableWithProof","line":60,"loc":{"start":{"line":60,"column":2},"end":{"line":64,"column":3}}},"5":{"name":"vote","line":74,"loc":{"start":{"line":74,"column":2},"end":{"line":74,"column":58}}},"6":{"name":"voteWithProof","line":85,"loc":{"start":{"line":85,"column":2},"end":{"line":89,"column":3}}},"7":{"name":"updateToken","line":102,"loc":{"start":{"line":102,"column":2},"end":{"line":102,"column":70}}}},"statementMap":{"1":{"start":{"line":34,"column":4},"end":{"line":34,"column":17}},"2":{"start":{"line":41,"column":4},"end":{"line":41,"column":16}},"3":{"start":{"line":51,"column":4},"end":{"line":51,"column":1469}},"4":{"start":{"line":52,"column":6},"end":{"line":52,"column":37}},"5":{"start":{"line":54,"column":4},"end":{"line":54,"column":12}},"6":{"start":{"line":65,"column":4},"end":{"line":65,"column":1847}},"7":{"start":{"line":75,"column":4},"end":{"line":75,"column":42}},"8":{"start":{"line":77,"column":4},"end":{"line":77,"column":59}},"9":{"start":{"line":78,"column":4},"end":{"line":78,"column":31}},"10":{"start":{"line":79,"column":4},"end":{"line":79,"column":45}},"11":{"start":{"line":90,"column":4},"end":{"line":90,"column":42}},"12":{"start":{"line":92,"column":4},"end":{"line":92,"column":2469}},"13":{"start":{"line":95,"column":4},"end":{"line":95,"column":31}},"14":{"start":{"line":96,"column":4},"end":{"line":96,"column":45}},"15":{"start":{"line":103,"column":4},"end":{"line":103,"column":17}}},"branchMap":{"1":{"line":51,"type":"if","locations":[{"start":{"line":51,"column":4},"end":{"line":51,"column":4}},{"start":{"line":51,"column":4},"end":{"line":51,"column":4}}]},"2":{"line":75,"type":"if","locations":[{"start":{"line":75,"column":4},"end":{"line":75,"column":4}},{"start":{"line":75,"column":4},"end":{"line":75,"column":4}}]},"3":{"line":78,"type":"if","locations":[{"start":{"line":78,"column":4},"end":{"line":78,"column":4}},{"start":{"line":78,"column":4},"end":{"line":78,"column":4}}]},"4":{"line":90,"type":"if","locations":[{"start":{"line":90,"column":4},"end":{"line":90,"column":4}},{"start":{"line":90,"column":4},"end":{"line":90,"column":4}}]},"5":{"line":95,"type":"if","locations":[{"start":{"line":95,"column":4},"end":{"line":95,"column":4}},{"start":{"line":95,"column":4},"end":{"line":95,"column":4}}]}}},"contracts/voting/TokenizedVotingWithRules.sol":{"l":{"34":0,"45":0},"path":"/home/node/project/contracts/voting/TokenizedVotingWithRules.sol","s":{},"b":{},"f":{"1":3,"2":0,"3":0},"fnMap":{"1":{"name":null,"line":24,"loc":{"start":{"line":24,"column":2},"end":{"line":26,"column":3}}},"2":{"name":"vote","line":31,"loc":{"start":{"line":31,"column":2},"end":{"line":33,"column":3}}},"3":{"name":"voteWithProof","line":40,"loc":{"start":{"line":40,"column":2},"end":{"line":44,"column":3}}}},"statementMap":{},"branchMap":{}},"contracts/voting/Voting.sol":{"l":{"44":2,"51":2,"58":2,"66":1,"73":1,"80":1,"87":1,"94":29,"106":3,"116":6,"117":5,"118":5,"120":5,"121":1,"124":4,"125":4,"126":4,"127":8,"128":3,"129":3,"133":4,"134":1,"136":3,"149":31,"155":31,"158":31,"161":31,"162":31,"170":10,"171":9,"180":6,"182":5,"183":5,"185":5,"197":10,"198":10,"199":10,"201":10,"209":37},"path":"/home/node/project/contracts/voting/Voting.sol","s":{"1":2,"2":2,"3":2,"4":1,"5":1,"6":1,"7":1,"8":29,"9":3,"10":6,"11":5,"12":5,"13":5,"14":1,"15":4,"16":8,"17":3,"18":3,"19":4,"20":1,"21":3,"22":31,"23":31,"24":31,"25":31,"26":10,"27":9,"28":6,"29":5,"30":5,"31":5,"32":10,"33":10,"34":10,"35":10,"36":37},"b":{"1":[5,1],"2":[1,4],"3":[3,5],"4":[1,3],"5":[31,0],"6":[9,1],"7":[5,1]},"f":{"1":2,"2":2,"3":2,"4":1,"5":1,"6":1,"7":1,"8":29,"9":3,"10":6,"11":31,"12":10,"13":6,"14":10,"15":37},"fnMap":{"1":{"name":"defaultDuration","line":43,"loc":{"start":{"line":43,"column":2},"end":{"line":43,"column":58}}},"2":{"name":"defaultQuorum","line":50,"loc":{"start":{"line":50,"column":2},"end":{"line":50,"column":56}}},"3":{"name":"defaultMinScore","line":57,"loc":{"start":{"line":57,"column":2},"end":{"line":57,"column":58}}},"4":{"name":"latestVotingTime","line":65,"loc":{"start":{"line":65,"column":2},"end":{"line":65,"column":59}}},"5":{"name":"voteDuration","line":72,"loc":{"start":{"line":72,"column":2},"end":{"line":72,"column":74}}},"6":{"name":"voteQuorum","line":79,"loc":{"start":{"line":79,"column":2},"end":{"line":79,"column":72}}},"7":{"name":"voteMinScore","line":86,"loc":{"start":{"line":86,"column":2},"end":{"line":86,"column":74}}},"8":{"name":"isOnGoing","line":93,"loc":{"start":{"line":93,"column":2},"end":{"line":93,"column":68}}},"9":{"name":"areAnyOnGoing","line":105,"loc":{"start":{"line":105,"column":2},"end":{"line":105,"column":53}}},"10":{"name":"result","line":115,"loc":{"start":{"line":115,"column":2},"end":{"line":115,"column":68}}},"11":{"name":"addProposal","line":142,"loc":{"start":{"line":142,"column":2},"end":{"line":148,"column":3}}},"12":{"name":"vote","line":169,"loc":{"start":{"line":169,"column":2},"end":{"line":169,"column":58}}},"13":{"name":"closeVote","line":179,"loc":{"start":{"line":179,"column":2},"end":{"line":179,"column":58}}},"14":{"name":"updateVotingRule","line":192,"loc":{"start":{"line":192,"column":2},"end":{"line":196,"column":3}}},"15":{"name":"currentTime","line":207,"loc":{"start":{"line":207,"column":2},"end":{"line":207,"column":56}}}},"statementMap":{"1":{"start":{"line":44,"column":4},"end":{"line":44,"column":26}},"2":{"start":{"line":51,"column":4},"end":{"line":51,"column":24}},"3":{"start":{"line":58,"column":4},"end":{"line":58,"column":26}},"4":{"start":{"line":66,"column":4},"end":{"line":66,"column":27}},"5":{"start":{"line":73,"column":4},"end":{"line":73,"column":44}},"6":{"start":{"line":80,"column":4},"end":{"line":80,"column":42}},"7":{"start":{"line":87,"column":4},"end":{"line":87,"column":44}},"8":{"start":{"line":94,"column":4},"end":{"line":94,"column":2829}},"9":{"start":{"line":106,"column":4},"end":{"line":106,"column":43}},"10":{"start":{"line":116,"column":4},"end":{"line":116,"column":42}},"11":{"start":{"line":117,"column":4},"end":{"line":117,"column":53}},"12":{"start":{"line":118,"column":4},"end":{"line":118,"column":47}},"13":{"start":{"line":120,"column":4},"end":{"line":120,"column":3594}},"14":{"start":{"line":121,"column":6},"end":{"line":121,"column":14}},"15":{"start":{"line":126,"column":4},"end":{"line":126,"column":3727}},"16":{"start":{"line":127,"column":6},"end":{"line":127,"column":3790}},"17":{"start":{"line":128,"column":8},"end":{"line":128,"column":16}},"18":{"start":{"line":129,"column":8},"end":{"line":129,"column":33}},"19":{"start":{"line":133,"column":4},"end":{"line":133,"column":3896}},"20":{"start":{"line":134,"column":6},"end":{"line":134,"column":14}},"21":{"start":{"line":136,"column":4},"end":{"line":136,"column":16}},"22":{"start":{"line":155,"column":4},"end":{"line":155,"column":4291}},"23":{"start":{"line":158,"column":4},"end":{"line":158,"column":4373}},"24":{"start":{"line":161,"column":4},"end":{"line":161,"column":4437}},"25":{"start":{"line":162,"column":6},"end":{"line":162,"column":37}},"26":{"start":{"line":170,"column":4},"end":{"line":170,"column":41}},"27":{"start":{"line":171,"column":4},"end":{"line":171,"column":40}},"28":{"start":{"line":180,"column":4},"end":{"line":180,"column":41}},"29":{"start":{"line":182,"column":4},"end":{"line":182,"column":73}},"30":{"start":{"line":183,"column":4},"end":{"line":183,"column":50}},"31":{"start":{"line":185,"column":4},"end":{"line":185,"column":32}},"32":{"start":{"line":197,"column":4},"end":{"line":197,"column":30}},"33":{"start":{"line":198,"column":4},"end":{"line":198,"column":26}},"34":{"start":{"line":199,"column":4},"end":{"line":199,"column":30}},"35":{"start":{"line":201,"column":4},"end":{"line":201,"column":57}},"36":{"start":{"line":209,"column":4},"end":{"line":209,"column":26}}},"branchMap":{"1":{"line":116,"type":"if","locations":[{"start":{"line":116,"column":4},"end":{"line":116,"column":4}},{"start":{"line":116,"column":4},"end":{"line":116,"column":4}}]},"2":{"line":120,"type":"if","locations":[{"start":{"line":120,"column":4},"end":{"line":120,"column":4}},{"start":{"line":120,"column":4},"end":{"line":120,"column":4}}]},"3":{"line":127,"type":"if","locations":[{"start":{"line":127,"column":6},"end":{"line":127,"column":6}},{"start":{"line":127,"column":6},"end":{"line":127,"column":6}}]},"4":{"line":133,"type":"if","locations":[{"start":{"line":133,"column":4},"end":{"line":133,"column":4}},{"start":{"line":133,"column":4},"end":{"line":133,"column":4}}]},"5":{"line":161,"type":"if","locations":[{"start":{"line":161,"column":4},"end":{"line":161,"column":4}},{"start":{"line":161,"column":4},"end":{"line":161,"column":4}}]},"6":{"line":170,"type":"if","locations":[{"start":{"line":170,"column":4},"end":{"line":170,"column":4}},{"start":{"line":170,"column":4},"end":{"line":170,"column":4}}]},"7":{"line":180,"type":"if","locations":[{"start":{"line":180,"column":4},"end":{"line":180,"column":4}},{"start":{"line":180,"column":4},"end":{"line":180,"column":4}}]}}},"contracts/voting/VotingCore.sol":{"l":{"54":3,"61":0,"68":1,"75":1,"84":1,"92":6,"101":2,"108":6,"117":6,"126":0,"135":0,"148":58,"149":58,"150":58,"152":58,"161":58,"162":58,"169":6,"176":0,"177":0,"190":17,"191":17,"193":17,"194":16,"195":16,"197":16,"198":2,"201":14,"202":14,"205":16,"206":16},"path":"/home/node/project/contracts/voting/VotingCore.sol","s":{"1":3,"2":0,"3":1,"4":1,"5":1,"6":6,"7":2,"8":6,"9":6,"10":0,"11":0,"12":58,"13":58,"14":58,"15":58,"16":58,"17":6,"18":0,"19":0,"20":17,"21":17,"22":17,"23":16,"24":16,"25":16,"26":2,"27":14,"28":14,"29":16,"30":16},"b":{"1":[58,0],"2":[58,0],"3":[58,0],"4":[16,1],"5":[16,0],"6":[16,0],"7":[2,14]},"f":{"1":3,"2":0,"3":1,"4":1,"5":1,"6":6,"7":2,"8":6,"9":6,"10":0,"11":0,"12":58,"13":6,"14":0,"15":17},"fnMap":{"1":{"name":"proposalsCount","line":53,"loc":{"start":{"line":53,"column":2},"end":{"line":53,"column":57}}},"2":{"name":"proposalQuestion","line":60,"loc":{"start":{"line":60,"column":2},"end":{"line":60,"column":77}}},"3":{"name":"proposalUrl","line":67,"loc":{"start":{"line":67,"column":2},"end":{"line":67,"column":72}}},"4":{"name":"proposalHash","line":74,"loc":{"start":{"line":74,"column":2},"end":{"line":74,"column":74}}},"5":{"name":"proposalOptionsAvailable","line":81,"loc":{"start":{"line":81,"column":2},"end":{"line":83,"column":3}}},"6":{"name":"participation","line":91,"loc":{"start":{"line":91,"column":2},"end":{"line":91,"column":75}}},"7":{"name":"proposalCreatedAt","line":98,"loc":{"start":{"line":98,"column":2},"end":{"line":100,"column":3}}},"8":{"name":"ballot","line":107,"loc":{"start":{"line":107,"column":2},"end":{"line":107,"column":70}}},"9":{"name":"optionVoted","line":114,"loc":{"start":{"line":114,"column":2},"end":{"line":116,"column":3}}},"10":{"name":"isDeclared","line":123,"loc":{"start":{"line":123,"column":2},"end":{"line":125,"column":3}}},"11":{"name":"isVoteLocked","line":132,"loc":{"start":{"line":132,"column":2},"end":{"line":134,"column":3}}},"12":{"name":"addProposal","line":141,"loc":{"start":{"line":141,"column":2},"end":{"line":147,"column":3}}},"13":{"name":"vote","line":168,"loc":{"start":{"line":168,"column":2},"end":{"line":168,"column":58}}},"14":{"name":"lockVote","line":175,"loc":{"start":{"line":175,"column":2},"end":{"line":175,"column":62}}},"15":{"name":"weightedVote","line":185,"loc":{"start":{"line":185,"column":2},"end":{"line":189,"column":3}}}},"statementMap":{"1":{"start":{"line":54,"column":4},"end":{"line":54,"column":25}},"2":{"start":{"line":61,"column":4},"end":{"line":61,"column":42}},"3":{"start":{"line":68,"column":4},"end":{"line":68,"column":37}},"4":{"start":{"line":75,"column":4},"end":{"line":75,"column":38}},"5":{"start":{"line":84,"column":4},"end":{"line":84,"column":56}},"6":{"start":{"line":92,"column":4},"end":{"line":92,"column":47}},"7":{"start":{"line":101,"column":4},"end":{"line":101,"column":43}},"8":{"start":{"line":108,"column":4},"end":{"line":108,"column":40}},"9":{"start":{"line":117,"column":4},"end":{"line":117,"column":60}},"10":{"start":{"line":126,"column":4},"end":{"line":126,"column":62}},"11":{"start":{"line":135,"column":4},"end":{"line":135,"column":60}},"12":{"start":{"line":148,"column":4},"end":{"line":148,"column":47}},"13":{"start":{"line":149,"column":4},"end":{"line":149,"column":42}},"14":{"start":{"line":150,"column":4},"end":{"line":150,"column":29}},"15":{"start":{"line":152,"column":4},"end":{"line":152,"column":4098}},"16":{"start":{"line":162,"column":4},"end":{"line":162,"column":40}},"17":{"start":{"line":169,"column":4},"end":{"line":169,"column":40}},"18":{"start":{"line":176,"column":4},"end":{"line":176,"column":29}},"19":{"start":{"line":177,"column":4},"end":{"line":177,"column":57}},"20":{"start":{"line":190,"column":4},"end":{"line":190,"column":53}},"21":{"start":{"line":191,"column":4},"end":{"line":191,"column":53}},"22":{"start":{"line":193,"column":4},"end":{"line":193,"column":66}},"23":{"start":{"line":194,"column":4},"end":{"line":194,"column":48}},"24":{"start":{"line":195,"column":4},"end":{"line":195,"column":46}},"25":{"start":{"line":197,"column":4},"end":{"line":197,"column":5275}},"26":{"start":{"line":198,"column":6},"end":{"line":198,"column":5364}},"27":{"start":{"line":201,"column":6},"end":{"line":201,"column":65}},"28":{"start":{"line":202,"column":6},"end":{"line":202,"column":47}},"29":{"start":{"line":205,"column":4},"end":{"line":205,"column":67}},"30":{"start":{"line":206,"column":4},"end":{"line":206,"column":46}}},"branchMap":{"1":{"line":148,"type":"if","locations":[{"start":{"line":148,"column":4},"end":{"line":148,"column":4}},{"start":{"line":148,"column":4},"end":{"line":148,"column":4}}]},"2":{"line":149,"type":"if","locations":[{"start":{"line":149,"column":4},"end":{"line":149,"column":4}},{"start":{"line":149,"column":4},"end":{"line":149,"column":4}}]},"3":{"line":150,"type":"if","locations":[{"start":{"line":150,"column":4},"end":{"line":150,"column":4}},{"start":{"line":150,"column":4},"end":{"line":150,"column":4}}]},"4":{"line":193,"type":"if","locations":[{"start":{"line":193,"column":4},"end":{"line":193,"column":4}},{"start":{"line":193,"column":4},"end":{"line":193,"column":4}}]},"5":{"line":194,"type":"if","locations":[{"start":{"line":194,"column":4},"end":{"line":194,"column":4}},{"start":{"line":194,"column":4},"end":{"line":194,"column":4}}]},"6":{"line":195,"type":"if","locations":[{"start":{"line":195,"column":4},"end":{"line":195,"column":4}},{"start":{"line":195,"column":4},"end":{"line":195,"column":4}}]},"7":{"line":197,"type":"if","locations":[{"start":{"line":197,"column":4},"end":{"line":197,"column":4}},{"start":{"line":197,"column":4},"end":{"line":197,"column":4}}]}}},"contracts/Whitelist.sol":{"l":{"32":13,"33":26,"41":2,"42":6,"50":2,"51":6,"59":0,"66":49,"73":35,"74":32,"75":32,"76":32,"84":8,"85":5,"86":5,"87":5},"path":"/home/node/project/contracts/Whitelist.sol","s":{"1":13,"2":26,"3":2,"4":6,"5":2,"6":6,"7":0,"8":49,"9":35,"10":32,"11":32,"12":8,"13":5,"14":5},"b":{"1":[32,3],"2":[5,3]},"f":{"1":13,"2":2,"3":2,"4":0,"5":49,"6":35,"7":8},"fnMap":{"1":{"name":null,"line":31,"loc":{"start":{"line":31,"column":2},"end":{"line":31,"column":42}}},"2":{"name":"approveManyAddresses","line":40,"loc":{"start":{"line":40,"column":2},"end":{"line":40,"column":72}}},"3":{"name":"rejectManyAddresses","line":49,"loc":{"start":{"line":49,"column":2},"end":{"line":49,"column":71}}},"4":{"name":"whitelistCount","line":58,"loc":{"start":{"line":58,"column":2},"end":{"line":58,"column":57}}},"5":{"name":"isWhitelisted","line":65,"loc":{"start":{"line":65,"column":2},"end":{"line":65,"column":69}}},"6":{"name":"approveAddress","line":72,"loc":{"start":{"line":72,"column":2},"end":{"line":72,"column":60}}},"7":{"name":"rejectAddress","line":83,"loc":{"start":{"line":83,"column":2},"end":{"line":83,"column":59}}}},"statementMap":{"1":{"start":{"line":32,"column":4},"end":{"line":32,"column":979}},"2":{"start":{"line":33,"column":6},"end":{"line":33,"column":34}},"3":{"start":{"line":41,"column":4},"end":{"line":41,"column":1202}},"4":{"start":{"line":42,"column":6},"end":{"line":42,"column":34}},"5":{"start":{"line":50,"column":4},"end":{"line":50,"column":1423}},"6":{"start":{"line":51,"column":6},"end":{"line":51,"column":33}},"7":{"start":{"line":59,"column":4},"end":{"line":59,"column":25}},"8":{"start":{"line":66,"column":4},"end":{"line":66,"column":30}},"9":{"start":{"line":73,"column":4},"end":{"line":73,"column":1976}},"10":{"start":{"line":74,"column":6},"end":{"line":74,"column":31}},"11":{"start":{"line":76,"column":6},"end":{"line":76,"column":36}},"12":{"start":{"line":84,"column":4},"end":{"line":84,"column":2228}},"13":{"start":{"line":85,"column":6},"end":{"line":85,"column":32}},"14":{"start":{"line":87,"column":6},"end":{"line":87,"column":36}}},"branchMap":{"1":{"line":73,"type":"if","locations":[{"start":{"line":73,"column":4},"end":{"line":73,"column":4}},{"start":{"line":73,"column":4},"end":{"line":73,"column":4}}]},"2":{"line":84,"type":"if","locations":[{"start":{"line":84,"column":4},"end":{"line":84,"column":4}},{"start":{"line":84,"column":4},"end":{"line":84,"column":4}}]}}},"contracts/Whitelistable.sol":{"l":{"29":2,"30":1,"34":3,"35":3},"path":"/home/node/project/contracts/Whitelistable.sol","s":{"1":2,"2":3,"3":3},"b":{"1":[1,1]},"f":{"1":2,"2":3},"fnMap":{"1":{"name":"onlyWhitelisted","line":28,"loc":{"start":{"line":28,"column":2},"end":{"line":28,"column":44}}},"2":{"name":"updateWhitelist","line":33,"loc":{"start":{"line":33,"column":2},"end":{"line":33,"column":66}}}},"statementMap":{"1":{"start":{"line":29,"column":4},"end":{"line":29,"column":52}},"2":{"start":{"line":34,"column":4},"end":{"line":34,"column":25}},"3":{"start":{"line":35,"column":4},"end":{"line":35,"column":36}}},"branchMap":{"1":{"line":29,"type":"if","locations":[{"start":{"line":29,"column":4},"end":{"line":29,"column":4}},{"start":{"line":29,"column":4},"end":{"line":29,"column":4}}]}}}}