TN:
SF:/home/node/project/contracts/Authority.sol
FN:31,onlyAuthority
FN:39,authorityAddress
FN:48,defineAuthority
FNF:3
FNH:3
FNDA:51,onlyAuthority
FNDA:1,authorityAddress
FNDA:30,defineAuthority
DA:32,51
DA:33,42
DA:40,1
DA:49,30
DA:50,30
LF:5
LH:5
BRDA:32,1,0,42
BRDA:32,1,1,9
BRF:2
BRH:2
end_of_record
TN:
SF:/home/node/project/contracts/claimable/DividendClaimable.sol
FN:25,
FN:33,hasClaimsSince
FNF:2
FNH:2
FNDA:3,
FNDA:3,hasClaimsSince
DA:36,3
LF:1
LH:1
BRF:0
BRH:0
end_of_record
TN:
SF:/home/node/project/contracts/claimable/DividendWithRulesClaimable.sol
FN:25,
FN:33,hasClaimsSince
FNF:2
FNH:2
FNDA:3,
FNDA:3,hasClaimsSince
DA:36,3
LF:1
LH:1
BRF:0
BRH:0
end_of_record
TN:
SF:/home/node/project/contracts/claimable/EmptyClaimable.sol
FN:25,
FN:29,hasClaimsSince
FNF:2
FNH:2
FNDA:30,
FNDA:22,hasClaimsSince
DA:26,30
DA:32,22
LF:2
LH:2
BRF:0
BRH:0
end_of_record
TN:
SF:/home/node/project/contracts/claimable/TokenizedVotingClaimable.sol
FN:25,
FN:33,hasClaimsSince
FNF:2
FNH:2
FNDA:3,
FNDA:3,hasClaimsSince
DA:36,3
DA:37,3
LF:2
LH:2
BRF:0
BRH:0
end_of_record
TN:
SF:/home/node/project/contracts/claimable/TokenizedVotingWithRulesClaimable.sol
FN:24,
FN:32,hasClaimsSince
FNF:2
FNH:2
FNDA:3,
FNDA:3,hasClaimsSince
DA:35,3
DA:36,3
LF:2
LH:2
BRF:0
BRH:0
end_of_record
TN:
SF:/home/node/project/contracts/cmta/proofOfConcept/CMTAAgreement.sol
FN:33,
FN:41,whenAgreementAccepted
FN:51,isAgreementAccepted
FN:60,updateAgreement
FN:71,acceptAgreement
FNF:5
FNH:5
FNDA:52,
FNDA:26,whenAgreementAccepted
FNDA:4,isAgreementAccepted
FNDA:53,updateAgreement
FNDA:55,acceptAgreement
DA:35,52
DA:42,26
DA:45,26
DA:54,4
DA:63,53
DA:64,53
DA:65,53
DA:74,55
DA:75,55
LF:9
LH:9
BRDA:42,1,0,26
BRDA:42,1,1,0
BRF:2
BRH:1
end_of_record
TN:
SF:/home/node/project/contracts/cmta/proofOfConcept/CMTABoardSig.sol
FN:35,
FN:43,tokenizeShares
FNF:2
FNH:2
FNDA:6,
FNDA:1,tokenizeShares
DA:51,1
DA:53,1
DA:54,1
DA:56,1
DA:57,1
LF:5
LH:5
BRDA:51,1,0,1
BRDA:51,1,1,0
BRDA:54,2,0,1
BRDA:54,2,1,0
BRF:4
BRH:2
end_of_record
TN:
SF:/home/node/project/contracts/cmta/proofOfConcept/CMTAPocToken.sol
FN:38,
FNF:1
FNH:1
FNDA:36,
DA:46,36
DA:47,36
DA:48,36
DA:49,36
DA:50,36
DA:51,36
DA:53,36
DA:54,36
LF:8
LH:8
BRF:0
BRH:0
end_of_record
TN:
SF:/home/node/project/contracts/cmta/proofOfConcept/CMTARestrictedToken.sol
FN:35,transfer
FN:45,transferFrom
FNF:2
FNH:2
FNDA:22,transfer
FNDA:1,transferFrom
DA:39,22
DA:49,1
LF:2
LH:2
BRF:0
BRH:0
end_of_record
TN:
SF:/home/node/project/contracts/cmta/proofOfConcept/CMTAShareDistribution.sol
FN:55,
FN:65,configureToken
FN:75,allocateShares
FN:87,finishAllocations
FN:102,claimShares
FN:114,reclaimShares
FNF:6
FNH:6
FNDA:27,
FNDA:25,configureToken
FNDA:29,allocateShares
FNDA:13,finishAllocations
FNDA:4,claimShares
FNDA:3,reclaimShares
DA:57,27
DA:58,26
DA:59,26
DA:66,25
DA:67,24
DA:68,23
DA:69,23
DA:78,29
DA:79,29
DA:80,29
DA:81,29
DA:88,13
DA:89,12
DA:90,12
DA:91,10
DA:92,9
DA:93,9
DA:94,9
DA:103,4
DA:104,4
DA:105,2
DA:106,2
DA:107,2
DA:116,3
DA:117,3
DA:118,2
LF:26
LH:26
BRDA:57,1,0,26
BRDA:57,1,1,1
BRDA:66,2,0,24
BRDA:66,2,1,1
BRDA:67,3,0,23
BRDA:67,3,1,1
BRDA:69,4,0,23
BRDA:69,4,1,0
BRDA:78,5,0,29
BRDA:78,5,1,0
BRDA:88,6,0,12
BRDA:88,6,1,1
BRDA:89,7,0,12
BRDA:89,7,1,0
BRDA:90,8,0,10
BRDA:90,8,1,2
BRDA:91,9,0,9
BRDA:91,9,1,1
BRDA:103,10,0,4
BRDA:103,10,1,0
BRDA:104,11,0,2
BRDA:104,11,1,2
BRDA:105,12,0,2
BRDA:105,12,1,0
BRDA:106,13,0,2
BRDA:106,13,1,0
BRDA:116,14,0,3
BRDA:116,14,1,0
BRDA:117,15,0,2
BRDA:117,15,1,1
BRDA:118,16,0,2
BRDA:118,16,1,0
BRF:32
BRH:24
end_of_record
TN:
SF:/home/node/project/contracts/demo/DemoFiatToken.sol
FN:24,
FNF:1
FNH:1
FNDA:22,
LF:0
LH:0
BRF:0
BRH:0
end_of_record
TN:
SF:/home/node/project/contracts/demo/DemoShare.sol
FN:55,
FN:62,token
FN:69,updateToken
FN:76,currentProposalId
FN:83,currentUrl
FN:90,currentHash
FN:97,currentDividendToken
FN:104,startedAt
FN:111,closedAt
FN:118,voteApprovals
FN:125,voteRejections
FN:132,hasVoted
FN:139,proposeVote
FN:164,closeVote
FN:197,closeVoteApproval
FN:213,closeVoteRejection
FN:229,forceCloseVoteNoActions
FN:238,approveProposal
FN:255,rejectProposal
FN:271,distribute
FN:284,distributeSpecial
FN:294,distributeInternal
FN:317,currentTime
FNF:23
FNH:19
FNDA:22,
FNDA:1,token
FNDA:1,updateToken
FNDA:2,currentProposalId
FNDA:2,currentUrl
FNDA:2,currentHash
FNDA:2,currentDividendToken
FNDA:2,startedAt
FNDA:2,closedAt
FNDA:2,voteApprovals
FNDA:2,voteRejections
FNDA:2,hasVoted
FNDA:11,proposeVote
FNDA:2,closeVote
FNDA:0,closeVoteApproval
FNDA:0,closeVoteRejection
FNDA:0,forceCloseVoteNoActions
FNDA:1,approveProposal
FNDA:1,rejectProposal
FNDA:1,distribute
FNDA:0,distributeSpecial
FNDA:1,distributeInternal
FNDA:28,currentTime
DA:56,22
DA:63,1
DA:70,1
DA:77,2
DA:84,2
DA:91,2
DA:98,2
DA:105,2
DA:112,2
DA:119,2
DA:126,2
DA:133,2
DA:144,11
DA:146,11
DA:147,0
DA:149,11
DA:158,11
DA:165,2
DA:169,2
DA:171,2
DA:173,1
DA:179,1
DA:183,1
DA:189,1
DA:198,0
DA:199,0
DA:201,0
DA:207,0
DA:214,0
DA:215,0
DA:217,0
DA:223,0
DA:230,0
DA:231,0
DA:232,0
DA:239,1
DA:240,1
DA:241,1
DA:242,1
DA:244,1
DA:245,0
DA:248,1
DA:249,1
DA:256,1
DA:257,1
DA:258,1
DA:260,1
DA:261,0
DA:264,1
DA:265,1
DA:272,1
DA:274,1
DA:275,1
DA:276,1
DA:277,1
DA:278,1
DA:288,0
DA:298,1
DA:299,1
DA:301,1
DA:302,10
DA:305,10
DA:306,0
DA:310,1
DA:311,1
DA:319,28
LF:66
LH:50
BRDA:144,1,0,11
BRDA:144,1,1,0
BRDA:146,2,0,0
BRDA:146,2,1,11
BRDA:165,3,0,2
BRDA:165,3,1,0
BRDA:171,4,0,1
BRDA:171,4,1,1
BRDA:198,5,0,0
BRDA:198,5,1,0
BRDA:214,6,0,0
BRDA:214,6,1,0
BRDA:230,7,0,0
BRDA:230,7,1,0
BRDA:239,8,0,1
BRDA:239,8,1,0
BRDA:240,9,0,1
BRDA:240,9,1,0
BRDA:242,10,0,1
BRDA:242,10,1,0
BRDA:244,11,0,0
BRDA:244,11,1,1
BRDA:256,12,0,1
BRDA:256,12,1,0
BRDA:258,13,0,1
BRDA:258,13,1,0
BRDA:260,14,0,0
BRDA:260,14,1,1
BRDA:272,15,0,1
BRDA:272,15,1,0
BRDA:299,16,0,1
BRDA:299,16,1,0
BRDA:305,17,0,0
BRDA:305,17,1,10
BRF:34
BRH:15
end_of_record
TN:
SF:/home/node/project/contracts/demo/DemoToken.sol
FN:29,
FNF:1
FNH:1
FNDA:22,
DA:30,22
DA:31,22
LF:2
LH:2
BRF:0
BRH:0
end_of_record
TN:
SF:/home/node/project/contracts/demo/DemoVoting.sol
FN:47,
FN:54,votingToken
FN:61,currentProposalId
FN:68,currentUrl
FN:75,currentHash
FN:82,startedAt
FN:89,closedAt
FN:96,voteApprovals
FN:103,voteRejections
FN:110,hasVoted
FN:117,proposeVote
FN:133,closeVote
FN:156,approveProposal
FN:169,rejectProposal
FN:182,currentTime
FNF:15
FNH:15
FNDA:16,
FNDA:1,votingToken
FNDA:2,currentProposalId
FNDA:1,currentUrl
FNDA:1,currentHash
FNDA:1,startedAt
FNDA:1,closedAt
FNDA:3,voteApprovals
FNDA:3,voteRejections
FNDA:4,hasVoted
FNDA:14,proposeVote
FNDA:3,closeVote
FNDA:3,approveProposal
FNDA:3,rejectProposal
FNDA:23,currentTime
DA:48,16
DA:55,1
DA:62,2
DA:69,1
DA:76,1
DA:83,1
DA:90,1
DA:97,3
DA:104,3
DA:111,4
DA:118,14
DA:126,14
DA:127,14
DA:134,3
DA:135,3
DA:136,1
DA:143,2
DA:150,3
DA:157,3
DA:158,3
DA:159,3
DA:160,3
DA:162,3
DA:163,3
DA:170,3
DA:171,3
DA:172,3
DA:173,3
DA:175,3
DA:176,3
DA:184,23
LF:31
LH:31
BRDA:135,1,0,1
BRDA:135,1,1,2
BRDA:157,2,0,3
BRDA:157,2,1,0
BRDA:158,3,0,3
BRDA:158,3,1,0
BRDA:160,4,0,3
BRDA:160,4,1,0
BRDA:170,5,0,3
BRDA:170,5,1,0
BRDA:171,6,0,3
BRDA:171,6,1,0
BRDA:173,7,0,3
BRDA:173,7,1,0
BRF:14
BRH:8
end_of_record
TN:
SF:/home/node/project/contracts/demo/KnowYourCustomer.sol
FN:30,whenKYCisValid
FN:40,isKYCValid
FN:47,validUntil
FN:54,validateKYCUntil
FN:64,validateManyKYCUntil
FN:76,currentTime
FNF:6
FNH:6
FNDA:88,whenKYCisValid
FNDA:4,isKYCValid
FNDA:14,validUntil
FNDA:20,validateKYCUntil
FNDA:20,validateManyKYCUntil
FNDA:92,currentTime
DA:31,88
DA:34,80
DA:41,4
DA:48,14
DA:58,20
DA:68,20
DA:69,138
DA:78,92
LF:8
LH:8
BRDA:31,1,0,80
BRDA:31,1,1,8
BRF:2
BRH:2
end_of_record
TN:
SF:/home/node/project/contracts/demo/RestrictedToken.sol
FN:30,transfer
FN:40,transferFrom
FNF:2
FNH:2
FNDA:23,transfer
FNDA:1,transferFrom
DA:34,23
DA:44,1
LF:2
LH:2
BRF:0
BRH:0
end_of_record
TN:
SF:/home/node/project/contracts/demo/Shareholder.sol
FN:28,shareholders
FN:35,isShareholder
FN:47,updateShareholders
FNF:3
FNH:3
FNDA:2,shareholders
FNDA:4,isShareholder
FNDA:16,updateShareholders
DA:29,2
DA:36,4
DA:37,5
DA:38,1
DA:41,3
DA:48,16
LF:6
LH:6
BRDA:37,1,0,1
BRDA:37,1,1,4
BRF:2
BRH:2
end_of_record
TN:
SF:/home/node/project/contracts/dividend/Dividend.sol
FN:53,
FN:61,token
FN:68,dividendsCount
FN:75,dividendPayToken
FN:84,dividendAmount
FN:93,dividendTotalSupply
FN:102,dividendCreatedAt
FN:111,dividendClaimed
FN:120,dividendAvailable
FN:133,dividendAvailableWithProof
FN:148,claimDividend
FN:157,claimDividendWithProof
FN:169,createDividend
FN:189,updateToken
FN:198,processDividendDistribution
FN:219,evalDividendAvailable
FNF:16
FNH:14
FNDA:23,
FNDA:1,token
FNDA:2,dividendsCount
FNDA:1,dividendPayToken
FNDA:1,dividendAmount
FNDA:1,dividendTotalSupply
FNDA:1,dividendCreatedAt
FNDA:2,dividendClaimed
FNDA:8,dividendAvailable
FNDA:0,dividendAvailableWithProof
FNDA:5,claimDividend
FNDA:0,claimDividendWithProof
FNDA:31,createDividend
FNDA:1,updateToken
FNDA:5,processDividendDistribution
FNDA:8,evalDividendAvailable
DA:54,23
DA:62,1
DA:69,2
DA:78,1
DA:87,1
DA:96,1
DA:105,1
DA:114,2
DA:123,8
DA:138,0
DA:149,5
DA:160,0
DA:172,31
DA:173,31
DA:174,31
DA:182,31
DA:183,31
DA:190,1
DA:191,1
DA:202,5
DA:203,5
DA:204,5
DA:208,5
DA:210,5
DA:211,5
DA:224,8
DA:225,8
DA:226,8
DA:227,8
DA:230,0
LF:30
LH:27
BRDA:172,1,0,31
BRDA:172,1,1,0
BRDA:173,2,0,31
BRDA:173,2,1,0
BRDA:202,3,0,5
BRDA:202,3,1,0
BRDA:204,4,0,5
BRDA:204,4,1,0
BRDA:225,5,0,8
BRDA:225,5,1,0
BRF:10
BRH:5
end_of_record
TN:
SF:/home/node/project/contracts/dividend/DividendWithRules.sol
FN:29,
FN:36,claimDividend
FN:45,claimDividendWithProof
FNF:3
FNH:1
FNDA:3,
FNDA:0,claimDividend
FNDA:0,claimDividendWithProof
DA:39,0
DA:48,0
LF:2
LH:0
BRF:0
BRH:0
end_of_record
TN:
SF:/home/node/project/contracts/Documentation.sol
FN:45,
FN:52,repositoryURL
FN:59,documentsCount
FN:68,documentName
FN:77,documentHash
FN:86,documentVersion
FN:95,documentLastUpdate
FN:104,documentIsValid
FN:113,updateRepositoryURL
FN:123,addDocument
FN:155,updateDocument
FN:183,invalidateDocument
FN:196,currentTime
FNF:13
FNH:13
FNDA:33,
FNDA:2,repositoryURL
FNDA:3,documentsCount
FNDA:3,documentName
FNDA:3,documentHash
FNDA:3,documentVersion
FNDA:4,documentLastUpdate
FNDA:4,documentIsValid
FNDA:1,updateRepositoryURL
FNDA:55,addDocument
FNDA:20,updateDocument
FNDA:5,invalidateDocument
FNDA:75,currentTime
DA:46,33
DA:53,2
DA:62,3
DA:71,3
DA:80,3
DA:89,3
DA:98,4
DA:107,4
DA:116,1
DA:117,1
DA:128,55
DA:129,54
DA:130,53
DA:132,52
DA:133,52
DA:140,52
DA:141,52
DA:143,52
DA:149,52
DA:161,20
DA:162,20
DA:164,19
DA:165,19
DA:166,19
DA:167,19
DA:168,19
DA:170,19
DA:177,19
DA:187,5
DA:188,5
DA:190,4
DA:191,4
DA:192,4
DA:193,4
DA:198,75
LF:35
LH:35
BRDA:128,1,0,54
BRDA:128,1,1,1
BRDA:129,2,0,53
BRDA:129,2,1,1
BRDA:130,3,0,52
BRDA:130,3,1,1
BRDA:162,4,0,19
BRDA:162,4,1,1
BRDA:188,5,0,4
BRDA:188,5,1,1
BRF:10
BRH:10
end_of_record
TN:
SF:/home/node/project/contracts/interface/IAuditableToken.sol
FNF:0
FNH:0
LF:0
LH:0
BRF:0
BRH:0
end_of_record
TN:
SF:/home/node/project/contracts/interface/IClaimable.sol
FNF:0
FNH:0
LF:0
LH:0
BRF:0
BRH:0
end_of_record
TN:
SF:/home/node/project/contracts/interface/IDividend.sol
FNF:0
FNH:0
LF:0
LH:0
BRF:0
BRH:0
end_of_record
TN:
SF:/home/node/project/contracts/interface/IDocumentation.sol
FNF:0
FNH:0
LF:0
LH:0
BRF:0
BRH:0
end_of_record
TN:
SF:/home/node/project/contracts/interface/IIssuable.sol
FNF:0
FNH:0
LF:0
LH:0
BRF:0
BRH:0
end_of_record
TN:
SF:/home/node/project/contracts/interface/IMintable.sol
FNF:0
FNH:0
LF:0
LH:0
BRF:0
BRH:0
end_of_record
TN:
SF:/home/node/project/contracts/interface/IMPLTokensale.sol
FNF:0
FNH:0
LF:0
LH:0
BRF:0
BRH:0
end_of_record
TN:
SF:/home/node/project/contracts/interface/IProvableOwnership.sol
FNF:0
FNH:0
LF:0
LH:0
BRF:0
BRH:0
end_of_record
TN:
SF:/home/node/project/contracts/interface/IPublicMultiSig.sol
FNF:0
FNH:0
LF:0
LH:0
BRF:0
BRH:0
end_of_record
TN:
SF:/home/node/project/contracts/interface/IRates.sol
FNF:0
FNH:0
LF:0
LH:0
BRF:0
BRH:0
end_of_record
TN:
SF:/home/node/project/contracts/interface/IRegistry.sol
FNF:0
FNH:0
LF:0
LH:0
BRF:0
BRH:0
end_of_record
TN:
SF:/home/node/project/contracts/interface/IRule.sol
FNF:0
FNH:0
LF:0
LH:0
BRF:0
BRH:0
end_of_record
TN:
SF:/home/node/project/contracts/interface/ISaleConfig.sol
FNF:0
FNH:0
LF:0
LH:0
BRF:0
BRH:0
end_of_record
TN:
SF:/home/node/project/contracts/interface/ISeizable.sol
FNF:0
FNH:0
LF:0
LH:0
BRF:0
BRH:0
end_of_record
TN:
SF:/home/node/project/contracts/interface/IStateMachine.sol
FNF:0
FNH:0
LF:0
LH:0
BRF:0
BRH:0
end_of_record
TN:
SF:/home/node/project/contracts/interface/IUserRegistry.sol
FNF:0
FNH:0
LF:0
LH:0
BRF:0
BRH:0
end_of_record
TN:
SF:/home/node/project/contracts/interface/IVoting.sol
FNF:0
FNH:0
LF:0
LH:0
BRF:0
BRH:0
end_of_record
TN:
SF:/home/node/project/contracts/interface/IWhitelist.sol
FNF:0
FNH:0
LF:0
LH:0
BRF:0
BRH:0
end_of_record
TN:
SF:/home/node/project/contracts/interface/IWithClaims.sol
FNF:0
FNH:0
LF:0
LH:0
BRF:0
BRH:0
end_of_record
TN:
SF:/home/node/project/contracts/interface/IWithRules.sol
FNF:0
FNH:0
LF:0
LH:0
BRF:0
BRH:0
end_of_record
TN:
SF:/home/node/project/contracts/multisig/private/DelegateSig.sol
FN:43,onlyDelegates
FN:65,grantsDefined
FN:72,grantDelegates
FN:81,grantThreshold
FN:90,reviewDelegateSigs
FN:111,executeOnBehalf
FN:125,addGrant
FN:144,endDefinition
FNF:8
FNH:8
FNDA:10,onlyDelegates
FNDA:1,grantsDefined
FNDA:2,grantDelegates
FNDA:2,grantThreshold
FNDA:10,reviewDelegateSigs
FNDA:8,executeOnBehalf
FNDA:59,addGrant
FNDA:44,endDefinition
DA:47,10
DA:48,10
DA:59,8
DA:66,1
DA:75,2
DA:84,2
DA:95,10
DA:96,10
DA:117,8
DA:118,6
DA:119,6
DA:134,59
DA:135,58
DA:136,58
DA:137,58
DA:151,44
DA:152,43
DA:153,43
LF:18
LH:18
BRDA:48,1,0,8
BRDA:48,1,1,2
BRDA:117,2,0,6
BRDA:117,2,1,2
BRDA:134,3,0,58
BRDA:134,3,1,1
BRDA:135,4,0,58
BRDA:135,4,1,0
BRDA:151,5,0,43
BRDA:151,5,1,1
BRF:10
BRH:9
end_of_record
TN:
SF:/home/node/project/contracts/multisig/private/LockableSig.sol
FN:29,
FN:37,isLocked
FN:44,lock
FN:55,unlock
FN:66,executeInternal
FNF:5
FNH:5
FNDA:51,
FNDA:3,isLocked
FNDA:4,lock
FNDA:2,unlock
FNDA:11,executeInternal
DA:38,3
DA:49,4
DA:60,2
DA:69,11
DA:70,10
LF:5
LH:5
BRDA:69,1,0,10
BRDA:69,1,1,1
BRF:2
BRH:2
end_of_record
TN:
SF:/home/node/project/contracts/multisig/private/MultiSig.sol
FN:31,
FN:43,
FN:49,readSelector
FN:62,readERC20Destination
FN:75,readERC20Value
FN:87,thresholdRequired
FN:110,stillValid
FN:121,signers
FN:128,threshold
FN:135,replayProtection
FN:142,nonce
FN:149,reviewSignatures
FN:170,buildHash
FN:194,recoverAddress
FN:231,execute
FN:252,reviewSignaturesInternal
FN:299,executeInternal
FN:318,updateReplayProtection
FNF:18
FNH:18
FNDA:125,
FNDA:10,
FNDA:16,readSelector
FNDA:3,readERC20Destination
FNDA:3,readERC20Value
FNDA:189,thresholdRequired
FNDA:27,stillValid
FNDA:2,signers
FNDA:2,threshold
FNDA:209,replayProtection
FNDA:1,nonce
FNDA:205,reviewSignatures
FNDA:219,buildHash
FNDA:218,recoverAddress
FNDA:9,execute
FNDA:215,reviewSignaturesInternal
FNDA:18,executeInternal
FNDA:143,updateReplayProtection
DA:32,125
DA:33,125
DA:37,125
DA:50,16
DA:52,16
DA:55,16
DA:63,3
DA:65,3
DA:68,3
DA:76,3
DA:78,3
DA:81,3
DA:92,189
DA:98,169
DA:112,27
DA:113,0
DA:115,27
DA:122,2
DA:129,2
DA:136,209
DA:143,1
DA:155,205
DA:176,219
DA:177,12
DA:183,207
DA:201,218
DA:213,218
DA:216,218
DA:217,0
DA:219,218
DA:241,9
DA:242,8
DA:258,215
DA:259,215
DA:263,13
DA:266,202
DA:267,202
DA:270,202
DA:271,227
DA:272,202
DA:273,202
DA:274,15
DA:284,187
DA:289,202
DA:290,15
DA:293,187
DA:302,18
DA:303,18
DA:304,7
DA:307,11
DA:309,18
DA:319,143
DA:321,143
LF:53
LH:51
BRDA:92,1,0,169
BRDA:92,1,1,20
BRDA:112,2,0,0
BRDA:112,2,1,27
BRDA:113,3,0,0
BRDA:113,3,1,0
BRDA:176,4,0,12
BRDA:176,4,1,207
BRDA:216,5,0,0
BRDA:216,5,1,218
BRDA:259,6,0,13
BRDA:259,6,1,202
BRDA:271,7,0,202
BRDA:271,7,1,25
BRDA:273,8,0,15
BRDA:273,8,1,187
BRDA:289,9,0,15
BRDA:289,9,1,187
BRDA:303,10,0,7
BRDA:303,10,1,11
BRDA:307,11,0,11
BRDA:307,11,1,0
BRF:22
BRH:17
end_of_record
TN:
SF:/home/node/project/contracts/multisig/private/ProcessSig.sol
FN:27,
FN:35,
FNF:2
FNH:2
FNDA:1,
FNDA:1,
DA:36,1
LF:1
LH:1
BRF:0
BRH:0
end_of_record
TN:
SF:/home/node/project/contracts/multisig/private/VaultSig.sol
FN:35,
FN:43,
FN:50,execute
FN:75,transferERC20
FN:98,transfer
FNF:5
FNH:5
FNDA:43,
FNDA:14,
FNDA:5,execute
FNDA:1,transferERC20
FNDA:1,transfer
DA:44,14
DA:62,5
DA:63,2
DA:65,3
DA:66,2
DA:67,2
DA:69,4
DA:82,1
DA:104,1
LF:9
LH:9
BRDA:44,1,0,13
BRDA:44,1,1,1
BRDA:62,2,0,2
BRDA:62,2,1,3
BRDA:65,3,0,2
BRDA:65,3,1,1
BRDA:66,4,0,2
BRDA:66,4,1,0
BRF:8
BRH:7
end_of_record
TN:
SF:/home/node/project/contracts/multisig/private/WarmVaultSig.sol
FN:63,ifAllowancesDefined
FN:68,
FN:73,allowancesDefined
FN:77,ethAllowanceLimit
FN:83,ethAllowanceRate
FN:89,ethAllowanceAtOnceLimit
FN:95,ethAllowanceLastSpentAt
FN:101,ethAllowanceRemaining
FN:107,allowanceLimit
FN:113,allowanceRate
FN:119,allowanceAtOnceLimit
FN:125,allowanceLastSpentAt
FN:131,allowanceRemaining
FN:147,executeOnBehalf
FN:174,transferERC20OnBehalf
FN:198,transferOnBehalf
FN:219,addEthAllowance
FN:237,addAllowance
FN:266,endAllowancesDefinition
FN:278,currentTime
FN:286,evalAllowance
FNF:21
FNH:21
FNDA:10,ifAllowancesDefined
FNDA:36,
FNDA:3,allowancesDefined
FNDA:2,ethAllowanceLimit
FNDA:2,ethAllowanceRate
FNDA:2,ethAllowanceAtOnceLimit
FNDA:2,ethAllowanceLastSpentAt
FNDA:2,ethAllowanceRemaining
FNDA:2,allowanceLimit
FNDA:2,allowanceRate
FNDA:4,allowanceAtOnceLimit
FNDA:4,allowanceLastSpentAt
FNDA:10,allowanceRemaining
FNDA:4,executeOnBehalf
FNDA:3,transferERC20OnBehalf
FNDA:3,transferOnBehalf
FNDA:18,addEthAllowance
FNDA:37,addAllowance
FNDA:8,endAllowancesDefinition
FNDA:14,currentTime
FNDA:6,evalAllowance
DA:64,10
DA:65,6
DA:74,3
DA:80,2
DA:86,2
DA:92,2
DA:98,2
DA:104,2
DA:110,2
DA:116,2
DA:122,4
DA:128,4
DA:134,10
DA:135,10
DA:139,10
DA:140,10
DA:141,0
DA:144,10
DA:152,4
DA:153,2
DA:157,2
DA:158,2
DA:161,2
DA:162,2
DA:163,2
DA:165,2
DA:182,3
DA:183,2
DA:205,3
DA:206,2
DA:226,18
DA:248,37
DA:249,37
DA:250,37
DA:251,37
DA:253,37
DA:260,37
DA:271,8
DA:272,8
DA:280,14
DA:287,6
DA:288,6
DA:290,4
DA:291,4
DA:292,4
DA:293,4
LF:46
LH:45
BRDA:64,1,0,6
BRDA:64,1,1,4
BRDA:140,2,0,0
BRDA:140,2,1,10
BRDA:152,3,0,2
BRDA:152,3,1,2
BRDA:157,4,0,2
BRDA:157,4,1,0
BRDA:158,5,0,2
BRDA:158,5,1,0
BRDA:248,6,0,37
BRDA:248,6,1,0
BRDA:249,7,0,37
BRDA:249,7,1,0
BRDA:250,8,0,37
BRDA:250,8,1,0
BRDA:251,9,0,37
BRDA:251,9,1,0
BRDA:271,10,0,8
BRDA:271,10,1,0
BRDA:288,11,0,4
BRDA:288,11,1,2
BRDA:291,12,0,4
BRDA:291,12,1,0
BRF:24
BRH:15
end_of_record
TN:
SF:/home/node/project/contracts/multisig/public/PublicMultiSig.sol
FN:69,whenActive
FN:79,
FN:96,
FN:101,threshold
FN:108,duration
FN:115,participantCount
FN:122,participantWeight
FN:129,isConfirmed
FN:136,hasParticipated
FN:145,isLocked
FN:152,isExpired
FN:160,toBeExpiredAt
FN:169,isCancelled
FN:176,transactionDestination
FN:185,transactionValue
FN:194,transactionData
FN:203,transactionCreator
FN:212,transactionCreatedAt
FN:221,isExecutable
FN:232,isExecuted
FN:240,execute
FN:265,suggest
FN:288,lockTransaction
FN:311,cancelTransaction
FN:328,approve
FN:347,revokeApproval
FN:370,addParticipant
FN:383,addManyParticipants
FN:395,updateParticipant
FN:406,updateManyParticipants
FN:418,updateConfiguration
FNF:31
FNH:27
FNDA:40,whenActive
FNDA:58,
FNDA:0,
FNDA:7,threshold
FNDA:7,duration
FNDA:1,participantCount
FNDA:1,participantWeight
FNDA:38,isConfirmed
FNDA:37,hasParticipated
FNDA:21,isLocked
FNDA:65,isExpired
FNDA:0,toBeExpiredAt
FNDA:20,isCancelled
FNDA:3,transactionDestination
FNDA:3,transactionValue
FNDA:3,transactionData
FNDA:19,transactionCreator
FNDA:18,transactionCreatedAt
FNDA:5,isExecutable
FNDA:62,isExecuted
FNDA:10,execute
FNDA:19,suggest
FNDA:3,lockTransaction
FNDA:2,cancelTransaction
FNDA:19,approve
FNDA:2,revokeApproval
FNDA:60,addParticipant
FNDA:58,addManyParticipants
FNDA:0,updateParticipant
FNDA:0,updateManyParticipants
FNDA:6,updateConfiguration
DA:70,40
DA:71,38
DA:72,37
DA:73,36
DA:86,58
DA:87,58
DA:89,58
DA:90,58
DA:102,7
DA:109,7
DA:116,1
DA:123,1
DA:130,38
DA:139,37
DA:146,21
DA:154,65
DA:163,0
DA:170,20
DA:179,3
DA:188,3
DA:197,3
DA:206,19
DA:215,18
DA:222,5
DA:233,62
DA:243,10
DA:244,9
DA:248,7
DA:249,7
DA:250,7
DA:254,6
DA:256,1
DA:257,1
DA:259,7
DA:268,19
DA:280,19
DA:281,19
DA:282,19
DA:291,3
DA:295,2
DA:296,0
DA:299,2
DA:300,2
DA:301,1
DA:303,1
DA:305,2
DA:314,2
DA:320,1
DA:321,1
DA:322,1
DA:331,19
DA:332,19
DA:334,18
DA:336,18
DA:338,18
DA:339,17
DA:341,18
DA:350,2
DA:351,2
DA:352,2
DA:354,1
DA:356,1
DA:358,1
DA:362,1
DA:364,1
DA:373,60
DA:374,60
DA:376,60
DA:377,60
DA:386,58
DA:387,60
DA:389,58
DA:398,0
DA:399,0
DA:400,0
DA:409,0
DA:410,0
DA:412,0
DA:421,6
DA:422,6
DA:424,6
DA:425,6
LF:82
LH:74
BRDA:70,1,0,38
BRDA:70,1,1,2
BRDA:71,2,0,37
BRDA:71,2,1,1
BRDA:72,3,0,36
BRDA:72,3,1,1
BRDA:243,4,0,9
BRDA:243,4,1,1
BRDA:244,5,0,7
BRDA:244,5,1,2
BRDA:250,6,0,6
BRDA:250,6,1,1
BRDA:291,7,0,2
BRDA:291,7,1,1
BRDA:295,8,0,0
BRDA:295,8,1,2
BRDA:300,9,0,1
BRDA:300,9,1,1
BRDA:314,10,0,1
BRDA:314,10,1,1
BRDA:332,11,0,18
BRDA:332,11,1,1
BRDA:338,12,0,17
BRDA:338,12,1,1
BRDA:350,13,0,2
BRDA:350,13,1,0
BRDA:352,14,0,1
BRDA:352,14,1,1
BRDA:358,15,0,1
BRDA:358,15,1,0
BRF:30
BRH:27
end_of_record
TN:
SF:/home/node/project/contracts/multisig/public/PublicMultiSigWithRBAC.sol
FN:35,onlySuggester
FN:43,onlyApprover
FN:51,onlyExecuter
FN:59,
FN:80,isParticipantSuggester
FN:89,isParticipantApprover
FN:96,isParticipantExecuter
FN:103,execute
FN:110,suggest
FN:121,approve
FN:130,revokeApproval
FN:141,addParticipant
FN:159,addManyParticipants
FN:178,addParticipantWithRoles
FN:198,addManyParticipantsWithRoles
FN:218,updateParticipantRoles
FN:241,updateManyParticipantsRoles
FNF:17
FNH:0
FNDA:0,onlySuggester
FNDA:0,onlyApprover
FNDA:0,onlyExecuter
FNDA:0,
FNDA:0,isParticipantSuggester
FNDA:0,isParticipantApprover
FNDA:0,isParticipantExecuter
FNDA:0,execute
FNDA:0,suggest
FNDA:0,approve
FNDA:0,revokeApproval
FNDA:0,addParticipant
FNDA:0,addManyParticipants
FNDA:0,addParticipantWithRoles
FNDA:0,addManyParticipantsWithRoles
FNDA:0,updateParticipantRoles
FNDA:0,updateManyParticipantsRoles
DA:36,0
DA:37,0
DA:44,0
DA:45,0
DA:52,0
DA:53,0
DA:69,0
DA:83,0
DA:90,0
DA:97,0
DA:104,0
DA:115,0
DA:124,0
DA:133,0
DA:145,0
DA:163,0
DA:164,0
DA:172,0
DA:185,0
DA:186,0
DA:192,0
DA:205,0
DA:206,0
DA:212,0
DA:224,0
DA:225,0
DA:226,0
DA:227,0
DA:229,0
DA:235,0
DA:247,0
DA:248,0
DA:255,0
LF:33
LH:0
BRDA:36,1,0,0
BRDA:36,1,1,0
BRDA:44,2,0,0
BRDA:44,2,1,0
BRDA:52,3,0,0
BRDA:52,3,1,0
BRF:6
BRH:0
end_of_record
TN:
SF:/home/node/project/contracts/multisig/public/SecretMultiSig.sol
FN:39,
FN:51,isRevealed
FN:58,isExecutable
FN:65,execute
FN:73,buildHash
FN:95,executeHash
FN:117,suggest
FN:127,suggestHash
FN:150,revealHash
FNF:9
FNH:9
FNDA:25,
FNDA:8,isRevealed
FNDA:3,isExecutable
FNDA:3,execute
FNDA:12,buildHash
FNDA:3,executeHash
FNDA:3,suggest
FNDA:18,suggestHash
FNDA:15,revealHash
DA:52,8
DA:59,3
DA:66,3
DA:67,3
DA:81,12
DA:103,3
DA:110,1
DA:111,1
DA:120,3
DA:121,3
DA:128,18
DA:129,17
DA:130,17
DA:142,17
DA:143,17
DA:144,17
DA:157,15
DA:158,13
DA:160,13
DA:161,11
DA:172,10
DA:173,10
DA:174,10
DA:175,10
DA:176,10
DA:177,10
DA:178,10
LF:27
LH:27
BRDA:66,1,0,3
BRDA:66,1,1,0
BRDA:128,2,0,17
BRDA:128,2,1,1
BRDA:157,3,0,13
BRDA:157,3,1,2
BRDA:160,4,0,11
BRDA:160,4,1,2
BRDA:161,5,0,10
BRDA:161,5,1,1
BRF:10
BRH:9
end_of_record
TN:
SF:/home/node/project/contracts/PayableProxy.sol
FN:45,configNotLocked
FN:50,
FN:56,
FN:63,payableAddr
FN:67,payableFunction
FN:71,startAt
FN:75,isConfigLocked
FN:86,configure
FN:101,lockConfig
FN:111,dryRun
FN:119,callPayable
FNF:11
FNH:11
FNDA:17,configNotLocked
FNDA:12,
FNDA:5,
FNDA:2,payableAddr
FNDA:2,payableFunction
FNDA:2,startAt
FNDA:2,isConfigLocked
FNDA:13,configure
FNDA:4,lockConfig
FNDA:5,dryRun
FNDA:9,callPayable
DA:46,17
DA:47,17
DA:53,12
DA:57,5
DA:59,4
DA:60,4
DA:64,2
DA:68,2
DA:72,2
DA:76,2
DA:92,13
DA:93,13
DA:94,13
DA:96,13
DA:102,4
DA:103,4
DA:104,4
DA:112,5
DA:122,9
LF:19
LH:19
BRDA:46,1,0,17
BRDA:46,1,1,0
BRDA:57,2,0,4
BRDA:57,2,1,1
BRDA:59,3,0,4
BRDA:59,3,1,0
BRDA:122,4,0,9
BRDA:122,4,1,0
BRF:8
BRH:5
end_of_record
TN:
SF:/home/node/project/contracts/Rates.sol
FN:47,
FN:61,updateManyRates
FN:77,referenceToken
FN:84,ratePrecision
FN:91,tokens
FN:98,rate
FN:105,invertedRate
FN:112,updatedAt
FN:119,updateRate
FN:135,addToken
FN:147,addManyTokens
FN:163,removeToken
FN:178,removeManyTokens
FN:187,updateReferenceToken
FN:195,updateRatePrecision
FNF:15
FNH:15
FNDA:25,
FNDA:1,updateManyRates
FNDA:2,referenceToken
FNDA:2,ratePrecision
FNDA:8,tokens
FNDA:9,rate
FNDA:9,invertedRate
FNDA:2,updatedAt
FNDA:3,updateRate
FNDA:57,addToken
FNDA:26,addManyTokens
FNDA:9,removeToken
FNDA:2,removeManyTokens
FNDA:1,updateReferenceToken
FNDA:1,updateRatePrecision
DA:53,25
DA:54,25
DA:55,25
DA:66,1
DA:67,1
DA:69,1
DA:70,2
DA:78,2
DA:85,2
DA:92,8
DA:99,9
DA:106,9
DA:113,2
DA:122,3
DA:123,3
DA:124,3
DA:126,3
DA:127,3
DA:129,3
DA:138,57
DA:140,57
DA:141,57
DA:152,26
DA:153,26
DA:155,26
DA:156,56
DA:164,9
DA:165,9
DA:166,9
DA:167,9
DA:169,9
DA:170,6
DA:172,9
DA:179,2
DA:180,5
DA:188,1
DA:189,1
DA:196,1
LF:38
LH:38
BRDA:53,1,0,25
BRDA:53,1,1,0
BRDA:66,2,0,1
BRDA:66,2,1,0
BRDA:67,3,0,1
BRDA:67,3,1,0
BRDA:122,4,0,3
BRDA:122,4,1,0
BRDA:124,5,0,3
BRDA:124,5,1,0
BRDA:138,6,0,57
BRDA:138,6,1,0
BRDA:152,7,0,26
BRDA:152,7,1,0
BRDA:153,8,0,26
BRDA:153,8,1,0
BRDA:164,9,0,9
BRDA:164,9,1,0
BRDA:165,10,0,9
BRDA:165,10,1,0
BRDA:169,11,0,6
BRDA:169,11,1,3
BRDA:188,12,0,1
BRDA:188,12,1,0
BRF:24
BRH:13
end_of_record
TN:
SF:/home/node/project/contracts/Registry.sol
FN:33,
FN:41,name
FN:48,addressLength
FN:55,addressById
FN:62,addAddress
FN:71,removeAddressById
FN:86,replaceAddressById
FN:100,replaceManyAddressesByIds
FNF:8
FNH:8
FNDA:18,
FNDA:1,name
FNDA:25,addressLength
FNDA:41,addressById
FNDA:2,addAddress
FNDA:4,removeAddressById
FNDA:3,replaceAddressById
FNDA:4,replaceManyAddressesByIds
DA:34,18
DA:35,18
DA:42,1
DA:49,25
DA:56,41
DA:63,2
DA:64,2
DA:65,2
DA:72,4
DA:73,3
DA:75,3
DA:76,2
DA:78,3
DA:79,3
DA:80,3
DA:89,3
DA:90,2
DA:92,2
DA:93,2
DA:94,2
DA:103,4
DA:104,3
DA:105,1
DA:106,2
DA:107,2
DA:108,2
LF:26
LH:26
BRDA:72,1,0,3
BRDA:72,1,1,1
BRDA:75,2,0,2
BRDA:75,2,1,1
BRDA:89,3,0,2
BRDA:89,3,1,1
BRDA:103,4,0,3
BRDA:103,4,1,1
BRDA:104,5,0,1
BRDA:104,5,1,2
BRF:10
BRH:10
end_of_record
TN:
SF:/home/node/project/contracts/rule/FreezeRule.sol
FN:32,isAddressFrozen
FN:42,freezeAddress
FN:54,freezeManyAddresses
FN:66,isAddressValid
FN:73,isTransferValid
FNF:5
FNH:5
FNDA:15,isAddressFrozen
FNDA:1,freezeAddress
FNDA:33,freezeManyAddresses
FNDA:3,isAddressValid
FNDA:7,isTransferValid
DA:34,15
DA:45,1
DA:46,1
DA:57,33
DA:58,66
DA:59,66
DA:67,3
DA:76,7
LF:8
LH:8
BRF:0
BRH:0
end_of_record
TN:
SF:/home/node/project/contracts/rule/StrategicInvestorsRule.sol
FN:41,
FN:52,userRegistry
FN:59,token
FN:66,strategicThreshold
FN:73,isStrategicInvestor
FN:80,isAddressValid
FN:90,isTransferValid
FN:102,updateStrategicInvestor
FN:112,updateManyStrategicInvestors
FN:126,updateStrategicThreshold
FNF:10
FNH:9
FNDA:17,
FNDA:1,userRegistry
FNDA:1,token
FNDA:1,strategicThreshold
FNDA:5,isStrategicInvestor
FNDA:0,isAddressValid
FNDA:20,isTransferValid
FNDA:1,updateStrategicInvestor
FNDA:18,updateManyStrategicInvestors
FNDA:1,updateStrategicThreshold
DA:43,17
DA:44,17
DA:45,17
DA:46,17
DA:53,1
DA:60,1
DA:67,1
DA:74,5
DA:81,0
DA:82,0
DA:84,0
DA:93,20
DA:94,14
DA:96,6
DA:105,1
DA:106,1
DA:117,18
DA:118,53
DA:119,53
DA:129,1
DA:130,1
LF:21
LH:18
BRDA:81,1,0,0
BRDA:81,1,1,0
BRDA:93,2,0,14
BRDA:93,2,1,6
BRF:4
BRH:2
end_of_record
TN:
SF:/home/node/project/contracts/rule/UserKycRule.sol
FN:32,
FN:36,userRegistry
FN:44,whenKYCisValid
FN:52,isAddressValid
FN:59,isTransferValid
FNF:5
FNH:4
FNDA:11,
FNDA:1,userRegistry
FNDA:0,whenKYCisValid
FNDA:3,isAddressValid
FNDA:7,isTransferValid
DA:33,11
DA:37,1
DA:45,0
DA:46,0
DA:53,3
DA:62,7
LF:6
LH:4
BRDA:45,1,0,0
BRDA:45,1,1,0
BRF:2
BRH:0
end_of_record
TN:
SF:/home/node/project/contracts/rule/WithRules.sol
FN:37,
FN:44,ruleLength
FN:51,rule
FN:58,validateAddress
FN:70,validateTransfer
FN:85,whenAddressRulesAreValid
FN:94,whenTransferRulesAreValid
FN:106,addRule
FN:115,addManyRules
FN:126,removeRule
FNF:10
FNH:10
FNDA:59,
FNDA:16,ruleLength
FNDA:21,rule
FNDA:7,validateAddress
FNDA:15,validateTransfer
FNDA:2,whenAddressRulesAreValid
FNDA:6,whenTransferRulesAreValid
FNDA:7,addRule
FNDA:2,addManyRules
FNDA:5,removeRule
DA:38,59
DA:45,16
DA:52,21
DA:59,7
DA:60,7
DA:61,2
DA:64,5
DA:73,15
DA:74,15
DA:75,6
DA:78,9
DA:86,2
DA:87,2
DA:99,6
DA:100,4
DA:107,7
DA:108,6
DA:109,6
DA:116,2
DA:117,1
DA:118,3
DA:119,3
DA:127,5
DA:129,4
DA:130,4
DA:131,1
DA:133,4
DA:134,4
LF:28
LH:28
BRDA:60,1,0,2
BRDA:60,1,1,5
BRDA:74,2,0,6
BRDA:74,2,1,9
BRDA:86,3,0,2
BRDA:86,3,1,0
BRDA:99,4,0,4
BRDA:99,4,1,2
BRDA:107,5,0,6
BRDA:107,5,1,1
BRDA:116,6,0,1
BRDA:116,6,1,1
BRDA:118,7,0,3
BRDA:118,7,1,0
BRDA:127,8,0,4
BRDA:127,8,1,1
BRDA:130,9,0,1
BRDA:130,9,1,3
BRF:18
BRH:16
end_of_record
TN:
SF:/home/node/project/contracts/rule/YesNoRule.sol
FN:24,
FN:28,isAddressValid
FN:32,isTransferValid
FNF:3
FNH:3
FNDA:44,
FNDA:11,isAddressValid
FNDA:21,isTransferValid
DA:25,44
DA:29,11
DA:38,21
LF:3
LH:3
BRF:0
BRH:0
end_of_record
TN:
SF:/home/node/project/contracts/StateMachine.sol
FN:52,stepTime
FN:59,transitionEndTime
FN:66,transitionDelay
FN:73,stepsCount
FN:81,stepEndTime
FN:100,currentStep
FN:125,addStep
FN:145,addHistoricalStep
FN:170,updateCurrentStep
FN:195,nextStep
FN:208,currentTime
FNF:11
FNH:11
FNDA:12,stepTime
FNDA:1,transitionEndTime
FNDA:1,transitionDelay
FNDA:123,stepsCount
FNDA:1295,stepEndTime
FNDA:1291,currentStep
FNDA:1050,addStep
FNDA:8,addHistoricalStep
FNDA:13,updateCurrentStep
FNDA:355,nextStep
FNDA:1813,currentTime
DA:53,12
DA:60,1
DA:67,1
DA:74,123
DA:84,1295
DA:85,1295
DA:87,1295
DA:88,13
DA:90,1295
DA:91,21
DA:93,1295
DA:101,1291
DA:102,1271
DA:104,1271
DA:105,1271
DA:106,1284
DA:107,1284
DA:108,1271
DA:109,1271
DA:111,13
DA:114,1271
DA:129,1050
DA:130,1050
DA:131,168
DA:133,1050
DA:134,1050
DA:151,8
DA:152,7
DA:153,2
DA:156,6
DA:157,6
DA:158,6
DA:174,13
DA:176,11
DA:177,6
DA:178,2
DA:179,1
DA:182,6
DA:183,5
DA:184,1
DA:196,355
DA:197,354
DA:200,353
DA:204,351
DA:205,351
DA:210,1813
LF:46
LH:46
BRDA:87,1,0,13
BRDA:87,1,1,1282
BRDA:90,2,0,21
BRDA:90,2,1,1274
BRDA:101,3,0,1271
BRDA:101,3,1,20
BRDA:107,4,0,1271
BRDA:107,4,1,13
BRDA:130,5,0,168
BRDA:130,5,1,882
BRDA:151,6,0,7
BRDA:151,6,1,1
BRDA:152,7,0,2
BRDA:152,7,1,5
BRDA:153,8,0,1
BRDA:153,8,1,1
BRDA:176,9,0,6
BRDA:176,9,1,5
BRDA:177,10,0,2
BRDA:177,10,1,4
BRDA:178,11,0,1
BRDA:178,11,1,1
BRDA:182,12,0,5
BRDA:182,12,1,1
BRDA:183,13,0,1
BRDA:183,13,1,4
BRDA:197,14,0,353
BRDA:197,14,1,1
BRDA:200,15,0,351
BRDA:200,15,1,2
BRF:30
BRH:30
end_of_record
TN:
SF:/home/node/project/contracts/token/AuditableToken.sol
FN:42,auditCreatedAt
FN:49,lastTransactionAt
FN:57,lastReceivedAt
FN:64,lastSentAt
FN:71,transactionCount
FN:78,receivedCount
FN:85,sentCount
FN:92,totalReceivedAmount
FN:101,totalSentAmount
FN:108,transfer
FN:119,transferFrom
FN:133,updateAudit
FNF:12
FNH:12
FNDA:1,auditCreatedAt
FNDA:144,lastTransactionAt
FNDA:1,lastReceivedAt
FNDA:1,lastSentAt
FNDA:1,transactionCount
FNDA:1,receivedCount
FNDA:1,sentCount
FNDA:1,totalReceivedAmount
FNDA:1,totalSentAmount
FNDA:75,transfer
FNDA:33,transferFrom
FNDA:90,updateAudit
DA:43,1
DA:50,144
DA:58,1
DA:65,1
DA:72,1
DA:79,1
DA:86,1
DA:95,1
DA:102,1
DA:109,75
DA:110,0
DA:112,66
DA:113,66
DA:122,33
DA:123,0
DA:126,24
DA:127,24
DA:137,90
DA:139,90
DA:140,90
DA:141,90
DA:142,90
DA:143,90
DA:144,73
DA:147,90
DA:148,90
DA:149,90
DA:150,90
DA:151,90
DA:152,86
LF:30
LH:28
BRDA:109,1,0,0
BRDA:109,1,1,66
BRDA:122,2,0,0
BRDA:122,2,1,24
BRDA:143,3,0,73
BRDA:143,3,1,17
BRDA:151,4,0,86
BRDA:151,4,1,4
BRF:8
BRH:6
end_of_record
TN:
SF:/home/node/project/contracts/token/BridgeToken.sol
FN:33,
FNF:1
FNH:1
FNDA:19,
DA:37,19
DA:38,19
LF:2
LH:2
BRF:0
BRH:0
end_of_record
TN:
SF:/home/node/project/contracts/token/IssuableToken.sol
FN:34,issue
FN:45,redeem
FNF:2
FNH:2
FNDA:19,issue
FNDA:3,redeem
DA:35,19
DA:36,19
DA:38,19
DA:39,19
DA:46,3
DA:47,2
DA:49,2
DA:50,2
LF:8
LH:8
BRF:0
BRH:0
end_of_record
TN:
SF:/home/node/project/contracts/token/MintableBridgeToken.sol
FN:31,
FNF:1
FNH:1
FNDA:19,
DA:34,19
DA:35,19
LF:2
LH:2
BRF:0
BRH:0
end_of_record
TN:
SF:/home/node/project/contracts/token/MintableToken.sol
FN:27,mintingFinished
FN:31,canMint
FN:42,mint
FN:58,finishMinting
FNF:4
FNH:4
FNDA:144,mintingFinished
FNDA:259,canMint
FNDA:246,mint
FNDA:8,finishMinting
DA:28,144
DA:32,259
DA:33,256
DA:47,246
DA:48,246
DA:49,246
DA:50,246
DA:51,246
DA:59,8
DA:60,8
DA:61,8
LF:11
LH:11
BRDA:32,1,0,256
BRDA:32,1,1,3
BRF:2
BRH:2
end_of_record
TN:
SF:/home/node/project/contracts/token/ProvableOwnershipToken.sol
FN:40,proofLength
FN:47,proofAmount
FN:56,proofDateFrom
FN:65,proofDateTo
FN:75,checkProof
FN:91,createProof
FN:100,transferWithProofs
FN:124,transferFromWithProofs
FN:147,createProofInternal
FN:158,transferPostProcessing
FNF:10
FNH:10
FNDA:3,proofLength
FNDA:2,proofAmount
FNDA:2,proofDateFrom
FNDA:2,proofDateTo
FNDA:9,checkProof
FNDA:5,createProof
FNDA:25,transferWithProofs
FNDA:9,transferFromWithProofs
FNDA:62,createProofInternal
FNDA:68,transferPostProcessing
DA:41,3
DA:50,2
DA:59,2
DA:68,2
DA:78,9
DA:79,5
DA:81,5
DA:82,4
DA:85,5
DA:92,5
DA:107,25
DA:108,25
DA:110,25
DA:111,0
DA:114,25
DA:115,25
DA:116,25
DA:131,9
DA:132,9
DA:134,9
DA:135,0
DA:138,9
DA:139,9
DA:140,9
DA:148,62
DA:150,62
DA:151,62
DA:152,62
DA:163,68
DA:164,24
LF:30
LH:28
BRDA:78,1,0,5
BRDA:78,1,1,4
BRDA:81,2,0,4
BRDA:81,2,1,1
BRDA:110,3,0,0
BRDA:110,3,1,25
BRDA:134,4,0,0
BRDA:134,4,1,9
BRDA:163,5,0,24
BRDA:163,5,1,44
BRF:10
BRH:8
end_of_record
TN:
SF:/home/node/project/contracts/token/SeizableToken.sol
FN:35,seize
FNF:1
FNH:1
FNDA:7,seize
DA:38,7
DA:40,6
DA:41,5
DA:43,5
DA:44,5
LF:5
LH:5
BRDA:38,1,0,6
BRDA:38,1,1,1
BRF:2
BRH:2
end_of_record
TN:
SF:/home/node/project/contracts/token/SplitableToken.sol
FN:45,balanceOf
FN:56,transfer
FN:67,transferFrom
FN:78,split
FN:90,evalSplitRatio
FNF:5
FNH:0
FNDA:0,balanceOf
FNDA:0,transfer
FNDA:0,transferFrom
FNDA:0,split
FNDA:0,evalSplitRatio
DA:46,0
DA:47,0
DA:49,0
DA:59,0
DA:60,0
DA:61,0
DA:70,0
DA:71,0
DA:72,0
DA:79,0
DA:80,0
DA:81,0
DA:82,0
DA:83,0
DA:84,0
DA:91,0
DA:92,0
DA:94,0
LF:18
LH:0
BRDA:46,1,0,0
BRDA:46,1,1,0
BRDA:79,2,0,0
BRDA:79,2,1,0
BRDA:91,3,0,0
BRDA:91,3,1,0
BRF:6
BRH:0
end_of_record
TN:
SF:/home/node/project/contracts/token/TokenMigrations.sol
FN:45,
FN:52,isAccountMigrated
FN:61,accountsMigrated
FN:70,totalMigrated
FN:79,latestToken
FN:88,version
FN:97,upgrade
FN:114,acceptMigration
FN:125,migrateInternal
FNF:9
FNH:9
FNDA:27,
FNDA:3,isAccountMigrated
FNDA:3,accountsMigrated
FNDA:3,totalMigrated
FNDA:3,latestToken
FNDA:2,version
FNDA:22,upgrade
FNDA:12,acceptMigration
FNDA:8,migrateInternal
DA:46,27
DA:55,3
DA:64,3
DA:73,3
DA:82,3
DA:91,2
DA:98,22
DA:99,20
DA:101,18
DA:103,18
DA:104,18
DA:105,18
DA:115,12
DA:116,11
DA:117,9
DA:118,8
DA:119,8
DA:128,8
DA:129,8
DA:131,8
DA:132,8
DA:133,8
DA:135,8
LF:23
LH:23
BRDA:98,1,0,20
BRDA:98,1,1,2
BRDA:99,2,0,18
BRDA:99,2,1,2
BRDA:116,3,0,9
BRDA:116,3,1,2
BRDA:117,4,0,8
BRDA:117,4,1,1
BRDA:118,5,0,8
BRDA:118,5,1,0
BRDA:128,6,0,8
BRDA:128,6,1,0
BRDA:129,7,0,8
BRDA:129,7,1,0
BRDA:135,8,0,8
BRDA:135,8,1,0
BRF:16
BRH:12
end_of_record
TN:
SF:/home/node/project/contracts/token/TokenWithClaims.sol
FN:35,
FN:42,claimableLength
FN:49,claimable
FN:57,hasClaims
FN:71,transfer
FN:87,transferFrom
FN:105,transferWithProofs
FN:126,transferFromWithProofs
FN:149,addClaimable
FN:158,addManyClaimables
FN:168,removeClaimable
FNF:11
FNH:11
FNDA:66,
FNDA:14,claimableLength
FNDA:14,claimable
FNDA:60,hasClaims
FNDA:20,transfer
FNDA:4,transferFrom
FNDA:4,transferWithProofs
FNDA:4,transferFromWithProofs
FNDA:17,addClaimable
FNDA:2,addManyClaimables
FNDA:5,removeClaimable
DA:36,66
DA:43,14
DA:50,14
DA:58,60
DA:59,60
DA:60,22
DA:61,15
DA:64,45
DA:72,20
DA:73,20
DA:75,20
DA:90,4
DA:91,4
DA:93,4
DA:112,4
DA:113,4
DA:115,4
DA:134,4
DA:135,4
DA:137,4
DA:150,17
DA:151,16
DA:152,16
DA:159,2
DA:160,1
DA:161,2
DA:169,5
DA:171,4
DA:172,4
DA:173,1
DA:175,4
DA:176,4
LF:32
LH:32
BRDA:60,1,0,15
BRDA:60,1,1,7
BRDA:150,2,0,16
BRDA:150,2,1,1
BRDA:159,3,0,1
BRDA:159,3,1,1
BRDA:169,4,0,4
BRDA:169,4,1,1
BRDA:172,5,0,1
BRDA:172,5,1,3
BRF:10
BRH:10
end_of_record
TN:
SF:/home/node/project/contracts/token/TokenWithRules.sol
FN:30,
FN:35,transfer
FN:45,transferFrom
FNF:3
FNH:3
FNDA:25,
FNDA:2,transfer
FNDA:2,transferFrom
DA:39,2
DA:50,2
LF:2
LH:2
BRF:0
BRH:0
end_of_record
TN:
SF:/home/node/project/contracts/tokensale/MPLDryRunSaleConfig.sol
FN:31,openingTime
FN:38,duration
FN:46,closingTime
FN:53,mintingDelay
FNF:4
FNH:4
FNDA:1,openingTime
FNDA:1,duration
FNDA:1,closingTime
FNDA:1,mintingDelay
DA:32,1
DA:39,1
DA:47,1
DA:54,1
LF:4
LH:4
BRF:0
BRH:0
end_of_record
TN:
SF:/home/node/project/contracts/tokensale/MPLSaleConfig.sol
FN:72,termsOfSaleHash
FN:79,updateTermsOfSaleHash
FN:86,tokenSupply
FN:93,tokenizedSharePercent
FN:100,tokensaleLot1HardCapCHF
FN:107,tokensaleLot1SharePercent
FN:114,tokensaleLot1Supply
FN:121,tokensaleLot2SharePercent
FN:128,tokensaleLot2Supply
FN:135,reservedSupply
FN:142,tokenPriceCHF
FN:149,minimalETHInvestment
FN:156,openingTime
FN:163,duration
FN:171,closingTime
FN:178,mintingDelay
FNF:16
FNH:15
FNDA:2,termsOfSaleHash
FNDA:0,updateTermsOfSaleHash
FNDA:25,tokenSupply
FNDA:2,tokenizedSharePercent
FNDA:213,tokensaleLot1HardCapCHF
FNDA:2,tokensaleLot1SharePercent
FNDA:3,tokensaleLot1Supply
FNDA:2,tokensaleLot2SharePercent
FNDA:117,tokensaleLot2Supply
FNDA:117,reservedSupply
FNDA:116,tokenPriceCHF
FNDA:2,minimalETHInvestment
FNDA:120,openingTime
FNDA:120,duration
FNDA:1,closingTime
FNDA:120,mintingDelay
DA:73,2
DA:80,0
DA:87,25
DA:94,2
DA:101,213
DA:108,2
DA:115,3
DA:122,2
DA:129,117
DA:136,117
DA:143,116
DA:150,2
DA:157,120
DA:164,120
DA:172,1
DA:179,120
LF:16
LH:15
BRF:0
BRH:0
end_of_record
TN:
SF:/home/node/project/contracts/tokensale/MPLTokensale.sol
FN:130,
FN:143,
FN:151,convertFromETHCHF
FN:167,convertToETHCHF
FN:184,setupMinter
FN:197,vault
FN:204,minter
FN:211,userRegistry
FN:218,investorDepositETH
FN:227,investorDepositCHF
FN:236,investorDestination
FN:245,investorTokens
FN:254,investorIsRefunded
FN:263,investorIsPrepared
FN:272,investorIsMinted
FN:281,investorCount
FN:288,contributorCount
FN:295,preparedCount
FN:302,mintedCount
FN:309,rateWEIPerCHFCent
FN:316,rateETHCHF
FN:325,raisedCHF
FN:332,totalRaisedCHF
FN:339,raisedETH
FN:346,refundETH
FN:353,refundRatio
FN:360,refundETHPrecision
FN:367,refundCHFUnspentMin
FN:374,investETH
FN:385,addOffChainInvestment
FN:395,rejectETHFunds
FN:409,rejectCHFFunds
FN:428,defineRate
FN:442,processSale
FN:458,prepareMinting
FN:503,prepareMintingForManyUsers
FN:514,enableMinting
FN:522,mintSelf
FN:530,mint
FN:544,mintForManyUsers
FN:555,withdrawETHFunds
FN:564,finishDistribution
FN:585,invest
FN:640,evaluateSale
FNF:44
FNH:44
FNDA:147,
FNDA:92,
FNDA:65,convertFromETHCHF
FNDA:7,convertToETHCHF
FNDA:102,setupMinter
FNDA:1,vault
FNDA:1,minter
FNDA:1,userRegistry
FNDA:8,investorDepositETH
FNDA:10,investorDepositCHF
FNDA:2,investorDestination
FNDA:7,investorTokens
FNDA:8,investorIsRefunded
FNDA:1,investorIsPrepared
FNDA:12,investorIsMinted
FNDA:5,investorCount
FNDA:5,contributorCount
FNDA:6,preparedCount
FNDA:6,mintedCount
FNDA:2,rateWEIPerCHFCent
FNDA:3,rateETHCHF
FNDA:4,raisedCHF
FNDA:7,totalRaisedCHF
FNDA:7,raisedETH
FNDA:7,refundETH
FNDA:4,refundRatio
FNDA:3,refundETHPrecision
FNDA:1,refundCHFUnspentMin
FNDA:90,investETH
FNDA:95,addOffChainInvestment
FNDA:2,rejectETHFunds
FNDA:2,rejectCHFFunds
FNDA:61,defineRate
FNDA:53,processSale
FNDA:67,prepareMinting
FNDA:28,prepareMintingForManyUsers
FNDA:27,enableMinting
FNDA:7,mintSelf
FNDA:17,mint
FNDA:1,mintForManyUsers
FNDA:2,withdrawETHFunds
FNDA:1,finishDistribution
FNDA:185,invest
FNDA:114,evaluateSale
DA:136,147
DA:137,147
DA:144,92
DA:145,91
DA:155,65
DA:156,1
DA:159,64
DA:171,7
DA:172,2
DA:175,5
DA:187,102
DA:188,102
DA:189,102
DA:190,102
DA:191,102
DA:198,1
DA:205,1
DA:212,1
DA:221,8
DA:230,10
DA:239,2
DA:248,7
DA:257,8
DA:266,1
DA:275,12
DA:282,5
DA:289,5
DA:296,6
DA:303,6
DA:310,2
DA:319,3
DA:326,4
DA:333,7
DA:340,7
DA:347,7
DA:354,4
DA:361,3
DA:368,1
DA:375,90
DA:388,95
DA:398,2
DA:399,2
DA:400,1
DA:401,1
DA:402,1
DA:412,2
DA:413,2
DA:414,1
DA:415,1
DA:416,1
DA:431,61
DA:433,61
DA:435,61
DA:445,53
DA:446,53
DA:448,53
DA:449,53
DA:461,67
DA:462,67
DA:463,66
DA:465,65
DA:466,65
DA:468,65
DA:469,32
DA:470,22
DA:474,32
DA:476,32
DA:479,65
DA:480,57
DA:481,57
DA:483,57
DA:485,57
DA:486,0
DA:491,65
DA:492,22
DA:493,22
DA:496,65
DA:497,65
DA:506,28
DA:507,56
DA:515,27
DA:516,27
DA:523,7
DA:524,7
DA:531,17
DA:532,17
DA:533,16
DA:534,14
DA:535,13
DA:536,13
DA:537,13
DA:547,1
DA:548,2
DA:556,2
DA:557,2
DA:558,2
DA:567,1
DA:569,1
DA:570,1
DA:573,1
DA:574,1
DA:577,1
DA:578,1
DA:579,1
DA:590,185
DA:591,185
DA:592,185
DA:594,185
DA:595,95
DA:600,90
DA:608,183
DA:609,154
DA:618,154
DA:619,154
DA:620,154
DA:622,29
DA:623,1
DA:624,1
DA:627,29
DA:628,28
DA:629,28
DA:630,28
DA:641,114
DA:642,114
DA:643,114
DA:645,114
DA:646,114
DA:649,77
DA:650,77
DA:651,77
DA:653,37
LF:131
LH:130
BRDA:144,1,0,91
BRDA:144,1,1,1
BRDA:155,2,0,1
BRDA:155,2,1,64
BRDA:171,3,0,2
BRDA:171,3,1,5
BRDA:187,4,0,102
BRDA:187,4,1,0
BRDA:188,5,0,102
BRDA:188,5,1,0
BRDA:189,6,0,102
BRDA:189,6,1,0
BRDA:399,7,0,1
BRDA:399,7,1,1
BRDA:413,8,0,1
BRDA:413,8,1,1
BRDA:431,9,0,61
BRDA:431,9,1,0
BRDA:445,10,0,53
BRDA:445,10,1,0
BRDA:462,11,0,66
BRDA:462,11,1,1
BRDA:463,12,0,65
BRDA:463,12,1,1
BRDA:468,13,0,32
BRDA:468,13,1,33
BRDA:469,14,0,22
BRDA:469,14,1,10
BRDA:479,15,0,57
BRDA:479,15,1,8
BRDA:485,16,0,0
BRDA:485,16,1,57
BRDA:491,17,0,22
BRDA:491,17,1,43
BRDA:515,18,0,27
BRDA:515,18,1,0
BRDA:532,19,0,16
BRDA:532,19,1,1
BRDA:533,20,0,14
BRDA:533,20,1,2
BRDA:534,21,0,13
BRDA:534,21,1,1
BRDA:535,22,0,13
BRDA:535,22,1,0
BRDA:567,23,0,1
BRDA:567,23,1,0
BRDA:569,24,0,1
BRDA:569,24,1,0
BRDA:573,25,0,1
BRDA:573,25,1,0
BRDA:577,26,0,1
BRDA:577,26,1,0
BRDA:578,27,0,1
BRDA:578,27,1,0
BRDA:591,28,0,185
BRDA:591,28,1,0
BRDA:594,29,0,95
BRDA:594,29,1,90
BRDA:595,30,0,94
BRDA:595,30,1,1
BRDA:600,31,0,89
BRDA:600,31,1,1
BRDA:608,32,0,154
BRDA:608,32,1,29
BRDA:622,33,0,1
BRDA:622,33,1,28
BRDA:627,34,0,28
BRDA:627,34,1,1
BRDA:646,35,0,77
BRDA:646,35,1,37
BRF:70
BRH:56
end_of_record
TN:
SF:/home/node/project/contracts/tokensale/MPLTokensalePlan.sol
FN:58,
FN:62,whenStepIs
FN:67,whenBetweenSteps
FN:81,saleConfig
FN:88,plan
FN:108,updateSaleOpeningTime
FN:120,evalNewStep
FNF:7
FNH:7
FNDA:167,
FNDA:478,whenStepIs
FNDA:113,whenBetweenSteps
FNDA:2,saleConfig
FNDA:119,plan
FNDA:1,updateSaleOpeningTime
FNDA:944,evalNewStep
DA:59,167
DA:63,478
DA:64,455
DA:69,113
DA:72,111
DA:73,106
DA:74,104
DA:75,103
DA:82,2
DA:89,119
DA:91,118
DA:92,118
DA:93,118
DA:95,118
DA:96,118
DA:97,118
DA:98,118
DA:99,118
DA:100,118
DA:101,118
DA:102,118
DA:112,1
DA:124,944
LF:23
LH:23
BRDA:63,1,0,455
BRDA:63,1,1,23
BRDA:69,2,0,111
BRDA:69,2,1,2
BRDA:73,3,0,104
BRDA:73,3,1,2
BRDA:74,4,0,103
BRDA:74,4,1,1
BRDA:89,5,0,118
BRDA:89,5,1,1
BRDA:124,6,0,944
BRDA:124,6,1,0
BRF:12
BRH:11
end_of_record
TN:
SF:/home/node/project/contracts/tokensale/TokenMinter.sol
FN:49,whenTokenMintable
FN:54,beforeMintingFinished
FN:59,whenMintingFinished
FN:67,
FN:76,mintingFinished
FN:86,setupToken
FN:115,mint
FN:128,finishMinting
FN:140,releaseToken
FNF:9
FNH:9
FNDA:21,whenTokenMintable
FNDA:25,beforeMintingFinished
FNDA:4,whenMintingFinished
FNDA:120,
FNDA:106,mintingFinished
FNDA:118,setupToken
FNDA:17,mint
FNDA:7,finishMinting
FNDA:3,releaseToken
DA:50,21
DA:51,21
DA:55,25
DA:56,24
DA:60,4
DA:61,3
DA:69,120
DA:70,120
DA:77,106
DA:93,118
DA:94,117
DA:98,116
DA:100,114
DA:101,114
DA:105,114
DA:119,17
DA:120,16
DA:121,16
DA:122,15
DA:131,7
DA:132,7
DA:144,3
DA:145,3
DA:146,2
DA:148,2
DA:151,2
DA:152,2
DA:156,2
DA:157,2
DA:158,2
LF:30
LH:30
BRDA:50,1,0,21
BRDA:50,1,1,0
BRDA:55,2,0,24
BRDA:55,2,1,1
BRDA:60,3,0,3
BRDA:60,3,1,1
BRDA:93,4,0,117
BRDA:93,4,1,1
BRDA:94,5,0,116
BRDA:94,5,1,1
BRDA:98,6,0,114
BRDA:98,6,1,2
BRDA:105,7,0,114
BRDA:105,7,1,0
BRDA:119,8,0,16
BRDA:119,8,1,1
BRDA:121,9,0,15
BRDA:121,9,1,1
BRDA:145,10,0,2
BRDA:145,10,1,1
BRDA:146,11,0,1
BRDA:146,11,1,1
BRDA:148,12,0,2
BRDA:148,12,1,0
BRDA:151,13,0,2
BRDA:151,13,1,0
BRDA:152,14,0,2
BRDA:152,14,1,0
BRDA:156,15,0,2
BRDA:156,15,1,0
BRDA:158,16,0,2
BRDA:158,16,1,0
BRF:32
BRH:25
end_of_record
TN:
SF:/home/node/project/contracts/UserRegistry.sol
FN:44,
FN:53,registerManyUsers
FN:64,attachManyAddresses
FN:76,detachManyAddresses
FN:85,userCount
FN:92,userId
FN:99,validUntilTime
FN:107,locked
FN:115,extended
FN:125,isAddressValid
FN:132,isValid
FN:141,registerUser
FN:152,attachAddress
FN:161,detachAddress
FN:169,lockUser
FN:178,unlockUser
FN:187,lockManyUsers
FN:196,unlockManyUsers
FN:205,updateUser
FN:216,updateManyUsers
FN:229,updateUserExtended
FN:239,updateManyUsersExtended
FN:252,isValidInternal
FNF:23
FNH:23
FNDA:218,
FNDA:1,registerManyUsers
FNDA:24,attachManyAddresses
FNDA:1,detachManyAddresses
FNDA:4,userCount
FNDA:214,userId
FNDA:7,validUntilTime
FNDA:15,locked
FNDA:4,extended
FNDA:17,isAddressValid
FNDA:205,isValid
FNDA:1144,registerUser
FNDA:70,attachAddress
FNDA:5,detachAddress
FNDA:33,lockUser
FNDA:6,unlockUser
FNDA:15,lockManyUsers
FNDA:2,unlockManyUsers
FNDA:49,updateUser
FNDA:13,updateManyUsers
FNDA:5,updateUserExtended
FNDA:2,updateManyUsersExtended
FNDA:203,isValidInternal
DA:45,218
DA:46,1140
DA:56,1
DA:57,2
DA:67,24
DA:68,23
DA:69,45
DA:77,1
DA:78,3
DA:86,4
DA:93,214
DA:100,7
DA:101,6
DA:108,15
DA:109,13
DA:118,4
DA:119,3
DA:126,17
DA:133,205
DA:134,203
DA:135,203
DA:144,1144
DA:145,1143
DA:146,1143
DA:153,70
DA:154,68
DA:155,66
DA:162,5
DA:163,4
DA:170,33
DA:171,31
DA:172,30
DA:179,6
DA:180,4
DA:181,3
DA:188,15
DA:189,29
DA:197,2
DA:198,3
DA:208,49
DA:209,47
DA:210,47
DA:221,13
DA:222,25
DA:232,5
DA:233,3
DA:244,2
DA:245,3
DA:254,203
LF:49
LH:49
BRDA:67,1,0,23
BRDA:67,1,1,1
BRDA:100,2,0,6
BRDA:100,2,1,1
BRDA:108,3,0,13
BRDA:108,3,1,2
BRDA:118,4,0,3
BRDA:118,4,1,1
BRDA:133,5,0,203
BRDA:133,5,1,2
BRDA:144,6,0,1143
BRDA:144,6,1,1
BRDA:153,7,0,68
BRDA:153,7,1,2
BRDA:154,8,0,66
BRDA:154,8,1,2
BRDA:162,9,0,4
BRDA:162,9,1,1
BRDA:170,10,0,31
BRDA:170,10,1,2
BRDA:171,11,0,30
BRDA:171,11,1,1
BRDA:179,12,0,4
BRDA:179,12,1,2
BRDA:180,13,0,3
BRDA:180,13,1,1
BRDA:208,14,0,47
BRDA:208,14,1,2
BRDA:232,15,0,3
BRDA:232,15,1,2
BRF:30
BRH:30
end_of_record
TN:
SF:/home/node/project/contracts/voting/SecretVoting.sol
FN:30,lockHash
FN:39,revealHash
FNF:2
FNH:0
FNDA:0,lockHash
FNDA:0,revealHash
DA:31,0
DA:32,0
DA:33,0
DA:44,0
DA:45,0
DA:56,0
LF:6
LH:0
BRDA:31,1,0,0
BRDA:31,1,1,0
BRDA:44,2,0,0
BRDA:44,2,1,0
BRDA:45,3,0,0
BRDA:45,3,1,0
BRF:6
BRH:0
end_of_record
TN:
SF:/home/node/project/contracts/voting/TokenizedVoting.sol
FN:33,
FN:40,token
FN:48,votesAvailable
FN:60,votesAvailableWithProof
FN:74,vote
FN:85,voteWithProof
FN:102,updateToken
FNF:7
FNH:6
FNDA:19,
FNDA:1,token
FNDA:4,votesAvailable
FNDA:4,votesAvailableWithProof
FNDA:2,vote
FNDA:2,voteWithProof
FNDA:0,updateToken
DA:34,19
DA:41,1
DA:51,4
DA:52,2
DA:54,2
DA:65,4
DA:75,2
DA:77,2
DA:78,2
DA:79,1
DA:90,2
DA:92,2
DA:95,2
DA:96,1
DA:103,0
LF:15
LH:14
BRDA:51,1,0,2
BRDA:51,1,1,2
BRDA:75,2,0,2
BRDA:75,2,1,0
BRDA:78,3,0,1
BRDA:78,3,1,1
BRDA:90,4,0,2
BRDA:90,4,1,0
BRDA:95,5,0,1
BRDA:95,5,1,1
BRF:10
BRH:8
end_of_record
TN:
SF:/home/node/project/contracts/voting/TokenizedVotingWithRules.sol
FN:24,
FN:31,vote
FN:40,voteWithProof
FNF:3
FNH:1
FNDA:3,
FNDA:0,vote
FNDA:0,voteWithProof
DA:34,0
DA:45,0
LF:2
LH:0
BRF:0
BRH:0
end_of_record
TN:
SF:/home/node/project/contracts/voting/Voting.sol
FN:43,defaultDuration
FN:50,defaultQuorum
FN:57,defaultMinScore
FN:65,latestVotingTime
FN:72,voteDuration
FN:79,voteQuorum
FN:86,voteMinScore
FN:93,isOnGoing
FN:105,areAnyOnGoing
FN:115,result
FN:142,addProposal
FN:169,vote
FN:179,closeVote
FN:192,updateVotingRule
FN:207,currentTime
FNF:15
FNH:15
FNDA:2,defaultDuration
FNDA:2,defaultQuorum
FNDA:2,defaultMinScore
FNDA:1,latestVotingTime
FNDA:1,voteDuration
FNDA:1,voteQuorum
FNDA:1,voteMinScore
FNDA:29,isOnGoing
FNDA:3,areAnyOnGoing
FNDA:6,result
FNDA:31,addProposal
FNDA:10,vote
FNDA:6,closeVote
FNDA:10,updateVotingRule
FNDA:37,currentTime
DA:44,2
DA:51,2
DA:58,2
DA:66,1
DA:73,1
DA:80,1
DA:87,1
DA:94,29
DA:106,3
DA:116,6
DA:117,5
DA:118,5
DA:120,5
DA:121,1
DA:124,4
DA:125,4
DA:126,4
DA:127,8
DA:128,3
DA:129,3
DA:133,4
DA:134,1
DA:136,3
DA:149,31
DA:155,31
DA:158,31
DA:161,31
DA:162,31
DA:170,10
DA:171,9
DA:180,6
DA:182,5
DA:183,5
DA:185,5
DA:197,10
DA:198,10
DA:199,10
DA:201,10
DA:209,37
LF:39
LH:39
BRDA:116,1,0,5
BRDA:116,1,1,1
BRDA:120,2,0,1
BRDA:120,2,1,4
BRDA:127,3,0,3
BRDA:127,3,1,5
BRDA:133,4,0,1
BRDA:133,4,1,3
BRDA:161,5,0,31
BRDA:161,5,1,0
BRDA:170,6,0,9
BRDA:170,6,1,1
BRDA:180,7,0,5
BRDA:180,7,1,1
BRF:14
BRH:13
end_of_record
TN:
SF:/home/node/project/contracts/voting/VotingCore.sol
FN:53,proposalsCount
FN:60,proposalQuestion
FN:67,proposalUrl
FN:74,proposalHash
FN:81,proposalOptionsAvailable
FN:91,participation
FN:98,proposalCreatedAt
FN:107,ballot
FN:114,optionVoted
FN:123,isDeclared
FN:132,isVoteLocked
FN:141,addProposal
FN:168,vote
FN:175,lockVote
FN:185,weightedVote
FNF:15
FNH:11
FNDA:3,proposalsCount
FNDA:0,proposalQuestion
FNDA:1,proposalUrl
FNDA:1,proposalHash
FNDA:1,proposalOptionsAvailable
FNDA:6,participation
FNDA:2,proposalCreatedAt
FNDA:6,ballot
FNDA:6,optionVoted
FNDA:0,isDeclared
FNDA:0,isVoteLocked
FNDA:58,addProposal
FNDA:6,vote
FNDA:0,lockVote
FNDA:17,weightedVote
DA:54,3
DA:61,0
DA:68,1
DA:75,1
DA:84,1
DA:92,6
DA:101,2
DA:108,6
DA:117,6
DA:126,0
DA:135,0
DA:148,58
DA:149,58
DA:150,58
DA:152,58
DA:161,58
DA:162,58
DA:169,6
DA:176,0
DA:177,0
DA:190,17
DA:191,17
DA:193,17
DA:194,16
DA:195,16
DA:197,16
DA:198,2
DA:201,14
DA:202,14
DA:205,16
DA:206,16
LF:31
LH:26
BRDA:148,1,0,58
BRDA:148,1,1,0
BRDA:149,2,0,58
BRDA:149,2,1,0
BRDA:150,3,0,58
BRDA:150,3,1,0
BRDA:193,4,0,16
BRDA:193,4,1,1
BRDA:194,5,0,16
BRDA:194,5,1,0
BRDA:195,6,0,16
BRDA:195,6,1,0
BRDA:197,7,0,2
BRDA:197,7,1,14
BRF:14
BRH:9
end_of_record
TN:
SF:/home/node/project/contracts/Whitelist.sol
FN:31,
FN:40,approveManyAddresses
FN:49,rejectManyAddresses
FN:58,whitelistCount
FN:65,isWhitelisted
FN:72,approveAddress
FN:83,rejectAddress
FNF:7
FNH:6
FNDA:13,
FNDA:2,approveManyAddresses
FNDA:2,rejectManyAddresses
FNDA:0,whitelistCount
FNDA:49,isWhitelisted
FNDA:35,approveAddress
FNDA:8,rejectAddress
DA:32,13
DA:33,26
DA:41,2
DA:42,6
DA:50,2
DA:51,6
DA:59,0
DA:66,49
DA:73,35
DA:74,32
DA:75,32
DA:76,32
DA:84,8
DA:85,5
DA:86,5
DA:87,5
LF:16
LH:15
BRDA:73,1,0,32
BRDA:73,1,1,3
BRDA:84,2,0,5
BRDA:84,2,1,3
BRF:4
BRH:4
end_of_record
TN:
SF:/home/node/project/contracts/Whitelistable.sol
FN:28,onlyWhitelisted
FN:33,updateWhitelist
FNF:2
FNH:2
FNDA:2,onlyWhitelisted
FNDA:3,updateWhitelist
DA:29,2
DA:30,1
DA:34,3
DA:35,3
LF:4
LH:4
BRDA:29,1,0,1
BRDA:29,1,1,1
BRF:2
BRH:2
end_of_record
