TN:
SF:/home/node/project/contracts/Authority.sol
FN:31,onlyAuthority
FN:39,authorityAddress
FN:48,defineAuthority
FNF:3
FNH:3
FNDA:645,onlyAuthority
FNDA:1,authorityAddress
FNDA:193,defineAuthority
DA:32,645
DA:33,627
DA:40,1
DA:49,193
DA:50,193
LF:5
LH:5
BRDA:32,1,0,627
BRDA:32,1,1,18
BRF:2
BRH:2
end_of_record
TN:
SF:/home/node/project/contracts/claimable/DividendClaimable.sol
FN:25,
FN:33,hasClaimsSince
FNF:2
FNH:2
FNDA:3,
FNDA:3,hasClaimsSince
DA:36,3
LF:1
LH:1
BRF:0
BRH:0
end_of_record
TN:
SF:/home/node/project/contracts/claimable/DividendWithRulesClaimable.sol
FN:25,
FN:33,hasClaimsSince
FNF:2
FNH:2
FNDA:3,
FNDA:3,hasClaimsSince
DA:36,3
LF:1
LH:1
BRF:0
BRH:0
end_of_record
TN:
SF:/home/node/project/contracts/claimable/EmptyClaimable.sol
FN:25,
FN:29,hasClaimsSince
FNF:2
FNH:2
FNDA:27,
FNDA:22,hasClaimsSince
DA:26,27
DA:32,22
LF:2
LH:2
BRF:0
BRH:0
end_of_record
TN:
SF:/home/node/project/contracts/claimable/TokenizedVotingClaimable.sol
FN:25,
FN:33,hasClaimsSince
FNF:2
FNH:2
FNDA:3,
FNDA:3,hasClaimsSince
DA:36,3
DA:37,3
LF:2
LH:2
BRF:0
BRH:0
end_of_record
TN:
SF:/home/node/project/contracts/claimable/TokenizedVotingWithRulesClaimable.sol
FN:24,
FN:32,hasClaimsSince
FNF:2
FNH:2
FNDA:3,
FNDA:3,hasClaimsSince
DA:35,3
DA:36,3
LF:2
LH:2
BRF:0
BRH:0
end_of_record
TN:
SF:/home/node/project/contracts/cmta/proofOfConcept/CMTAAgreement.sol
FN:37,
FN:45,whenAgreementAccepted
FN:55,isAgreementAccepted
FN:64,updateAgreement
FN:75,acceptAgreement
FNF:5
FNH:5
FNDA:54,
FNDA:29,whenAgreementAccepted
FNDA:4,isAgreementAccepted
FNDA:55,updateAgreement
FNDA:56,acceptAgreement
DA:39,54
DA:46,29
DA:49,29
DA:58,4
DA:67,55
DA:68,55
DA:69,55
DA:78,56
DA:79,56
DA:80,56
LF:10
LH:10
BRDA:46,1,0,29
BRDA:46,1,1,0
BRDA:78,2,0,56
BRDA:78,2,1,0
BRF:4
BRH:2
end_of_record
TN:
SF:/home/node/project/contracts/cmta/proofOfConcept/CMTABoardSig.sol
FN:38,
FN:46,tokenizeHash
FN:57,allocateHash
FN:74,tokenizeShares
FN:98,allocateAndKYCMany
FNF:5
FNH:5
FNDA:9,
FNDA:14,tokenizeHash
FNDA:3,allocateHash
FNDA:2,tokenizeShares
FNDA:1,allocateAndKYCMany
DA:49,14
DA:62,3
DA:83,2
DA:85,2
DA:86,2
DA:88,2
DA:90,2
DA:91,2
DA:92,2
DA:109,1
DA:111,1
DA:114,1
LF:12
LH:12
BRDA:83,1,0,2
BRDA:83,1,1,0
BRDA:86,2,0,2
BRDA:86,2,1,0
BRDA:111,3,0,1
BRDA:111,3,1,0
BRF:6
BRH:3
end_of_record
TN:
SF:/home/node/project/contracts/cmta/proofOfConcept/CMTAPocToken.sol
FN:38,
FNF:1
FNH:1
FNDA:38,
DA:46,38
DA:47,38
DA:48,38
DA:49,38
DA:50,38
DA:51,38
DA:53,38
DA:54,38
LF:8
LH:8
BRF:0
BRH:0
end_of_record
TN:
SF:/home/node/project/contracts/cmta/proofOfConcept/CMTARestrictedToken.sol
FN:35,transfer
FN:45,transferFrom
FNF:2
FNH:2
FNDA:25,transfer
FNDA:1,transferFrom
DA:39,25
DA:49,1
LF:2
LH:2
BRF:0
BRH:0
end_of_record
TN:
SF:/home/node/project/contracts/cmta/proofOfConcept/CMTAShareDistribution.sol
FN:56,
FN:66,configureToken
FN:79,allocateShares
FN:94,allocateManyShares
FN:109,finishAllocations
FN:123,claimShares
FN:135,reclaimShares
FNF:7
FNH:7
FNDA:29,
FNDA:27,configureToken
FNDA:29,allocateShares
FNDA:1,allocateManyShares
FNDA:12,finishAllocations
FNDA:4,claimShares
FNDA:3,reclaimShares
DA:58,29
DA:59,28
DA:60,28
DA:70,27
DA:71,26
DA:72,25
DA:73,25
DA:82,29
DA:83,29
DA:84,29
DA:85,29
DA:87,29
DA:88,29
DA:98,1
DA:99,1
DA:100,2
DA:103,1
DA:110,12
DA:111,11
DA:112,11
DA:113,9
DA:114,9
DA:115,9
DA:124,4
DA:125,4
DA:126,2
DA:127,2
DA:128,2
DA:137,3
DA:138,3
DA:139,2
LF:31
LH:31
BRDA:58,1,0,28
BRDA:58,1,1,1
BRDA:70,2,0,26
BRDA:70,2,1,1
BRDA:71,3,0,25
BRDA:71,3,1,1
BRDA:73,4,0,25
BRDA:73,4,1,0
BRDA:82,5,0,29
BRDA:82,5,1,0
BRDA:98,6,0,1
BRDA:98,6,1,0
BRDA:110,7,0,11
BRDA:110,7,1,1
BRDA:111,8,0,11
BRDA:111,8,1,0
BRDA:112,9,0,9
BRDA:112,9,1,2
BRDA:124,10,0,4
BRDA:124,10,1,0
BRDA:125,11,0,2
BRDA:125,11,1,2
BRDA:126,12,0,2
BRDA:126,12,1,0
BRDA:127,13,0,2
BRDA:127,13,1,0
BRDA:137,14,0,3
BRDA:137,14,1,0
BRDA:138,15,0,2
BRDA:138,15,1,1
BRDA:139,16,0,2
BRDA:139,16,1,0
BRF:32
BRH:23
end_of_record
TN:
SF:/home/node/project/contracts/demo/DemoFiatToken.sol
FN:24,
FNF:1
FNH:1
FNDA:22,
LF:0
LH:0
BRF:0
BRH:0
end_of_record
TN:
SF:/home/node/project/contracts/demo/DemoShare.sol
FN:55,
FN:62,token
FN:69,updateToken
FN:76,currentProposalId
FN:83,currentUrl
FN:90,currentHash
FN:97,currentDividendToken
FN:104,startedAt
FN:111,closedAt
FN:118,voteApprovals
FN:125,voteRejections
FN:132,hasVoted
FN:139,proposeVote
FN:164,closeVote
FN:189,closeVoteApproval
FN:205,closeVoteRejection
FN:221,forceCloseVoteNoActions
FN:230,approveProposal
FN:247,rejectProposal
FN:263,distribute
FN:276,distributeSpecial
FN:286,distributeInternal
FN:309,currentTime
FNF:23
FNH:19
FNDA:22,
FNDA:1,token
FNDA:1,updateToken
FNDA:2,currentProposalId
FNDA:2,currentUrl
FNDA:2,currentHash
FNDA:2,currentDividendToken
FNDA:2,startedAt
FNDA:2,closedAt
FNDA:2,voteApprovals
FNDA:2,voteRejections
FNDA:2,hasVoted
FNDA:11,proposeVote
FNDA:2,closeVote
FNDA:0,closeVoteApproval
FNDA:0,closeVoteRejection
FNDA:0,forceCloseVoteNoActions
FNDA:1,approveProposal
FNDA:1,rejectProposal
FNDA:1,distribute
FNDA:0,distributeSpecial
FNDA:1,distributeInternal
FNDA:28,currentTime
DA:56,22
DA:63,1
DA:70,1
DA:77,2
DA:84,2
DA:91,2
DA:98,2
DA:105,2
DA:112,2
DA:119,2
DA:126,2
DA:133,2
DA:144,11
DA:146,11
DA:147,0
DA:149,11
DA:158,11
DA:165,2
DA:166,2
DA:167,2
DA:168,1
DA:174,1
DA:176,1
DA:182,1
DA:190,0
DA:191,0
DA:193,0
DA:199,0
DA:206,0
DA:207,0
DA:209,0
DA:215,0
DA:222,0
DA:223,0
DA:224,0
DA:231,1
DA:232,1
DA:233,1
DA:234,1
DA:236,1
DA:237,0
DA:240,1
DA:241,1
DA:248,1
DA:249,1
DA:250,1
DA:252,1
DA:253,0
DA:256,1
DA:257,1
DA:264,1
DA:266,1
DA:267,1
DA:268,1
DA:269,1
DA:270,1
DA:280,0
DA:290,1
DA:291,1
DA:293,1
DA:294,10
DA:297,10
DA:298,0
DA:302,1
DA:303,1
DA:311,28
LF:66
LH:50
BRDA:144,1,0,11
BRDA:144,1,1,0
BRDA:146,2,0,0
BRDA:146,2,1,11
BRDA:165,3,0,2
BRDA:165,3,1,0
BRDA:167,4,0,1
BRDA:167,4,1,1
BRDA:190,5,0,0
BRDA:190,5,1,0
BRDA:206,6,0,0
BRDA:206,6,1,0
BRDA:222,7,0,0
BRDA:222,7,1,0
BRDA:231,8,0,1
BRDA:231,8,1,0
BRDA:232,9,0,1
BRDA:232,9,1,0
BRDA:234,10,0,1
BRDA:234,10,1,0
BRDA:236,11,0,0
BRDA:236,11,1,1
BRDA:248,12,0,1
BRDA:248,12,1,0
BRDA:250,13,0,1
BRDA:250,13,1,0
BRDA:252,14,0,0
BRDA:252,14,1,1
BRDA:264,15,0,1
BRDA:264,15,1,0
BRDA:291,16,0,1
BRDA:291,16,1,0
BRDA:297,17,0,0
BRDA:297,17,1,10
BRF:34
BRH:15
end_of_record
TN:
SF:/home/node/project/contracts/demo/DemoToken.sol
FN:29,
FNF:1
FNH:1
FNDA:22,
DA:30,22
DA:31,22
LF:2
LH:2
BRF:0
BRH:0
end_of_record
TN:
SF:/home/node/project/contracts/demo/DemoVoting.sol
FN:47,
FN:54,votingToken
FN:61,currentProposalId
FN:68,currentUrl
FN:75,currentHash
FN:82,startedAt
FN:89,closedAt
FN:96,voteApprovals
FN:103,voteRejections
FN:110,hasVoted
FN:117,proposeVote
FN:133,closeVote
FN:156,approveProposal
FN:169,rejectProposal
FN:182,currentTime
FNF:15
FNH:15
FNDA:16,
FNDA:1,votingToken
FNDA:2,currentProposalId
FNDA:1,currentUrl
FNDA:1,currentHash
FNDA:1,startedAt
FNDA:1,closedAt
FNDA:3,voteApprovals
FNDA:3,voteRejections
FNDA:4,hasVoted
FNDA:14,proposeVote
FNDA:3,closeVote
FNDA:3,approveProposal
FNDA:3,rejectProposal
FNDA:23,currentTime
DA:48,16
DA:55,1
DA:62,2
DA:69,1
DA:76,1
DA:83,1
DA:90,1
DA:97,3
DA:104,3
DA:111,4
DA:118,14
DA:126,14
DA:127,14
DA:134,3
DA:135,3
DA:136,1
DA:143,2
DA:150,3
DA:157,3
DA:158,3
DA:159,3
DA:160,3
DA:162,3
DA:163,3
DA:170,3
DA:171,3
DA:172,3
DA:173,3
DA:175,3
DA:176,3
DA:184,23
LF:31
LH:31
BRDA:135,1,0,1
BRDA:135,1,1,2
BRDA:157,2,0,3
BRDA:157,2,1,0
BRDA:158,3,0,3
BRDA:158,3,1,0
BRDA:160,4,0,3
BRDA:160,4,1,0
BRDA:170,5,0,3
BRDA:170,5,1,0
BRDA:171,6,0,3
BRDA:171,6,1,0
BRDA:173,7,0,3
BRDA:173,7,1,0
BRF:14
BRH:8
end_of_record
TN:
SF:/home/node/project/contracts/demo/KnowYourCustomer.sol
FN:30,whenKYCisValid
FN:40,isKYCValid
FN:47,validUntil
FN:54,validateKYCUntil
FN:64,validateManyKYCUntil
FN:76,currentTime
FNF:6
FNH:6
FNDA:91,whenKYCisValid
FNDA:7,isKYCValid
FNDA:15,validUntil
FNDA:22,validateKYCUntil
FNDA:21,validateManyKYCUntil
FNDA:98,currentTime
DA:31,91
DA:34,83
DA:41,7
DA:48,15
DA:58,22
DA:68,21
DA:69,140
DA:78,98
LF:8
LH:8
BRDA:31,1,0,83
BRDA:31,1,1,8
BRF:2
BRH:2
end_of_record
TN:
SF:/home/node/project/contracts/demo/RestrictedToken.sol
FN:30,transfer
FN:40,transferFrom
FNF:2
FNH:2
FNDA:23,transfer
FNDA:1,transferFrom
DA:34,23
DA:44,1
LF:2
LH:2
BRF:0
BRH:0
end_of_record
TN:
SF:/home/node/project/contracts/demo/Shareholder.sol
FN:28,shareholders
FN:35,isShareholder
FN:47,updateShareholders
FNF:3
FNH:3
FNDA:2,shareholders
FNDA:4,isShareholder
FNDA:16,updateShareholders
DA:29,2
DA:36,4
DA:37,5
DA:38,1
DA:41,3
DA:48,16
LF:6
LH:6
BRDA:37,1,0,1
BRDA:37,1,1,4
BRF:2
BRH:2
end_of_record
TN:
SF:/home/node/project/contracts/dividend/Dividend.sol
FN:53,
FN:61,token
FN:68,dividendsCount
FN:75,dividendPayToken
FN:84,dividendAmount
FN:93,dividendTotalSupply
FN:102,dividendCreatedAt
FN:111,dividendClaimed
FN:120,dividendAvailable
FN:133,dividendAvailableWithProof
FN:148,claimDividend
FN:157,claimDividendWithProof
FN:169,createDividend
FN:189,updateToken
FN:198,processDividendDistribution
FN:219,evalDividendAvailable
FNF:16
FNH:14
FNDA:23,
FNDA:1,token
FNDA:2,dividendsCount
FNDA:1,dividendPayToken
FNDA:1,dividendAmount
FNDA:1,dividendTotalSupply
FNDA:1,dividendCreatedAt
FNDA:2,dividendClaimed
FNDA:8,dividendAvailable
FNDA:0,dividendAvailableWithProof
FNDA:5,claimDividend
FNDA:0,claimDividendWithProof
FNDA:31,createDividend
FNDA:1,updateToken
FNDA:5,processDividendDistribution
FNDA:8,evalDividendAvailable
DA:54,23
DA:62,1
DA:69,2
DA:78,1
DA:87,1
DA:96,1
DA:105,1
DA:114,2
DA:123,8
DA:138,0
DA:149,5
DA:160,0
DA:172,31
DA:173,31
DA:174,31
DA:182,31
DA:183,31
DA:190,1
DA:191,1
DA:202,5
DA:203,5
DA:204,5
DA:208,5
DA:210,5
DA:211,5
DA:224,8
DA:225,8
DA:226,8
DA:227,8
DA:230,0
LF:30
LH:27
BRDA:172,1,0,31
BRDA:172,1,1,0
BRDA:173,2,0,31
BRDA:173,2,1,0
BRDA:202,3,0,5
BRDA:202,3,1,0
BRDA:204,4,0,5
BRDA:204,4,1,0
BRDA:225,5,0,8
BRDA:225,5,1,0
BRF:10
BRH:5
end_of_record
TN:
SF:/home/node/project/contracts/dividend/DividendWithRules.sol
FN:29,
FN:36,claimDividend
FN:45,claimDividendWithProof
FNF:3
FNH:1
FNDA:3,
FNDA:0,claimDividend
FNDA:0,claimDividendWithProof
DA:39,0
DA:48,0
LF:2
LH:0
BRF:0
BRH:0
end_of_record
TN:
SF:/home/node/project/contracts/Documentation.sol
FN:45,
FN:52,repositoryURL
FN:59,documentsCount
FN:68,documentName
FN:77,documentHash
FN:86,documentVersion
FN:95,documentLastUpdate
FN:104,documentIsValid
FN:113,updateRepositoryURL
FN:123,addDocument
FN:155,updateDocument
FN:183,invalidateDocument
FN:196,currentTime
FNF:13
FNH:13
FNDA:33,
FNDA:2,repositoryURL
FNDA:3,documentsCount
FNDA:3,documentName
FNDA:3,documentHash
FNDA:3,documentVersion
FNDA:4,documentLastUpdate
FNDA:4,documentIsValid
FNDA:1,updateRepositoryURL
FNDA:55,addDocument
FNDA:20,updateDocument
FNDA:5,invalidateDocument
FNDA:75,currentTime
DA:46,33
DA:53,2
DA:62,3
DA:71,3
DA:80,3
DA:89,3
DA:98,4
DA:107,4
DA:116,1
DA:117,1
DA:128,55
DA:129,54
DA:130,53
DA:132,52
DA:133,52
DA:140,52
DA:141,52
DA:143,52
DA:149,52
DA:161,20
DA:162,20
DA:164,19
DA:165,19
DA:166,19
DA:167,19
DA:168,19
DA:170,19
DA:177,19
DA:187,5
DA:188,5
DA:190,4
DA:191,4
DA:192,4
DA:193,4
DA:198,75
LF:35
LH:35
BRDA:128,1,0,54
BRDA:128,1,1,1
BRDA:129,2,0,53
BRDA:129,2,1,1
BRDA:130,3,0,52
BRDA:130,3,1,1
BRDA:162,4,0,19
BRDA:162,4,1,1
BRDA:188,5,0,4
BRDA:188,5,1,1
BRF:10
BRH:10
end_of_record
TN:
SF:/home/node/project/contracts/governance/BoardSig.sol
FN:37,
FN:45,tokenizeHash
FN:56,tokenizeShares
FN:75,addBoardMeeting
FNF:4
FNH:4
FNDA:7,
FNDA:9,tokenizeHash
FNDA:1,tokenizeShares
FNDA:1,addBoardMeeting
DA:48,9
DA:66,1
DA:67,1
DA:69,1
DA:84,1
LF:5
LH:5
BRF:0
BRH:0
end_of_record
TN:
SF:/home/node/project/contracts/interface/IAuditableToken.sol
FNF:0
FNH:0
LF:0
LH:0
BRF:0
BRH:0
end_of_record
TN:
SF:/home/node/project/contracts/interface/IClaimable.sol
FNF:0
FNH:0
LF:0
LH:0
BRF:0
BRH:0
end_of_record
TN:
SF:/home/node/project/contracts/interface/IDividend.sol
FNF:0
FNH:0
LF:0
LH:0
BRF:0
BRH:0
end_of_record
TN:
SF:/home/node/project/contracts/interface/IDocumentation.sol
FNF:0
FNH:0
LF:0
LH:0
BRF:0
BRH:0
end_of_record
TN:
SF:/home/node/project/contracts/interface/IIssuable.sol
FNF:0
FNH:0
LF:0
LH:0
BRF:0
BRH:0
end_of_record
TN:
SF:/home/node/project/contracts/interface/IMintable.sol
FNF:0
FNH:0
LF:0
LH:0
BRF:0
BRH:0
end_of_record
TN:
SF:/home/node/project/contracts/interface/IMintableByLot.sol
FNF:0
FNH:0
LF:0
LH:0
BRF:0
BRH:0
end_of_record
TN:
SF:/home/node/project/contracts/interface/IProvableOwnership.sol
FNF:0
FNH:0
LF:0
LH:0
BRF:0
BRH:0
end_of_record
TN:
SF:/home/node/project/contracts/interface/IPublicMultiSig.sol
FNF:0
FNH:0
LF:0
LH:0
BRF:0
BRH:0
end_of_record
TN:
SF:/home/node/project/contracts/interface/IRates.sol
FNF:0
FNH:0
LF:0
LH:0
BRF:0
BRH:0
end_of_record
TN:
SF:/home/node/project/contracts/interface/IRatesProvider.sol
FNF:0
FNH:0
LF:0
LH:0
BRF:0
BRH:0
end_of_record
TN:
SF:/home/node/project/contracts/interface/IRegistry.sol
FNF:0
FNH:0
LF:0
LH:0
BRF:0
BRH:0
end_of_record
TN:
SF:/home/node/project/contracts/interface/IRule.sol
FNF:0
FNH:0
LF:0
LH:0
BRF:0
BRH:0
end_of_record
TN:
SF:/home/node/project/contracts/interface/ISaleConfig.sol
FNF:0
FNH:0
LF:0
LH:0
BRF:0
BRH:0
end_of_record
TN:
SF:/home/node/project/contracts/interface/ISeizable.sol
FNF:0
FNH:0
LF:0
LH:0
BRF:0
BRH:0
end_of_record
TN:
SF:/home/node/project/contracts/interface/IStateMachine.sol
FNF:0
FNH:0
LF:0
LH:0
BRF:0
BRH:0
end_of_record
TN:
SF:/home/node/project/contracts/interface/ITokensale.sol
FNF:0
FNH:0
LF:0
LH:0
BRF:0
BRH:0
end_of_record
TN:
SF:/home/node/project/contracts/interface/IUserRegistry.sol
FNF:0
FNH:0
LF:0
LH:0
BRF:0
BRH:0
end_of_record
TN:
SF:/home/node/project/contracts/interface/IVoting.sol
FNF:0
FNH:0
LF:0
LH:0
BRF:0
BRH:0
end_of_record
TN:
SF:/home/node/project/contracts/interface/IWhitelist.sol
FNF:0
FNH:0
LF:0
LH:0
BRF:0
BRH:0
end_of_record
TN:
SF:/home/node/project/contracts/interface/IWithClaims.sol
FNF:0
FNH:0
LF:0
LH:0
BRF:0
BRH:0
end_of_record
TN:
SF:/home/node/project/contracts/interface/IWithRules.sol
FNF:0
FNH:0
LF:0
LH:0
BRF:0
BRH:0
end_of_record
TN:
SF:/home/node/project/contracts/mps/MPSBoardSig.sol
FN:32,
FNF:1
FNH:0
FNDA:0,
LF:0
LH:0
BRF:0
BRH:0
end_of_record
TN:
SF:/home/node/project/contracts/mps/MPSSaleConfig.sol
FN:54,
FN:69,tokenSupply
FN:76,tokensaleLotSupplies
FN:83,tokenizedSharePercent
FN:90,tokenPriceCHF
FN:97,minimalCHFInvestment
FN:104,maximalCHFInvestment
FN:111,tokensalesCount
FN:118,lotId
FN:125,tokenPriceCHFCent
FNF:10
FNH:9
FNDA:57,
FNDA:2,tokenSupply
FNDA:49,tokensaleLotSupplies
FNDA:1,tokenizedSharePercent
FNDA:1,tokenPriceCHF
FNDA:1,minimalCHFInvestment
FNDA:1,maximalCHFInvestment
FNDA:37,tokensalesCount
FNDA:71,lotId
FNDA:0,tokenPriceCHFCent
DA:55,57
DA:60,57
DA:70,2
DA:77,49
DA:84,1
DA:91,1
DA:98,1
DA:105,1
DA:112,37
DA:119,71
DA:128,0
LF:11
LH:10
BRF:0
BRH:0
end_of_record
TN:
SF:/home/node/project/contracts/mps/MPSToken.sol
FN:23,
FNF:1
FNH:1
FNDA:1,
LF:0
LH:0
BRF:0
BRH:0
end_of_record
TN:
SF:/home/node/project/contracts/multisig/private/CancelableSig.sol
FN:25,
FN:33,cancel
FNF:2
FNH:2
FNDA:2,
FNDA:1,cancel
DA:34,1
LF:1
LH:1
BRF:0
BRH:0
end_of_record
TN:
SF:/home/node/project/contracts/multisig/private/DelegateSig.sol
FN:43,onlyDelegates
FN:65,grantsHash
FN:72,grantsDefined
FN:79,grantDelegates
FN:88,grantThreshold
FN:97,reviewDelegateSigs
FN:118,executeOnBehalf
FN:135,addGrant
FN:164,endDefinition
FNF:9
FNH:9
FNDA:10,onlyDelegates
FNDA:47,grantsHash
FNDA:1,grantsDefined
FNDA:2,grantDelegates
FNDA:2,grantThreshold
FNDA:10,reviewDelegateSigs
FNDA:8,executeOnBehalf
FNDA:60,addGrant
FNDA:45,endDefinition
DA:47,10
DA:48,10
DA:59,8
DA:66,47
DA:73,1
DA:82,2
DA:91,2
DA:102,10
DA:103,10
DA:124,8
DA:125,6
DA:126,6
DA:145,60
DA:146,59
DA:147,59
DA:148,59
DA:157,59
DA:172,45
DA:173,44
DA:174,44
DA:175,44
LF:21
LH:21
BRDA:48,1,0,8
BRDA:48,1,1,2
BRDA:124,2,0,6
BRDA:124,2,1,2
BRDA:145,3,0,59
BRDA:145,3,1,1
BRDA:146,4,0,59
BRDA:146,4,1,0
BRDA:172,5,0,44
BRDA:172,5,1,1
BRF:10
BRH:9
end_of_record
TN:
SF:/home/node/project/contracts/multisig/private/LockableSig.sol
FN:29,
FN:37,isLocked
FN:44,lock
FN:51,unlock
FN:62,executeInternal
FNF:5
FNH:5
FNDA:53,
FNDA:3,isLocked
FNDA:4,lock
FNDA:2,unlock
FNDA:11,executeInternal
DA:38,3
DA:45,4
DA:56,2
DA:65,11
DA:66,10
LF:5
LH:5
BRDA:65,1,0,10
BRDA:65,1,1,1
BRF:2
BRH:2
end_of_record
TN:
SF:/home/node/project/contracts/multisig/private/MultiSig.sol
FN:32,
FN:44,
FN:50,readSelector
FN:63,readERC20Destination
FN:76,readERC20Value
FN:88,thresholdRequired
FN:111,stillValid
FN:122,onlySigners
FN:134,signers
FN:141,threshold
FN:148,replayProtection
FN:155,nonce
FN:162,reviewSignatures
FN:183,buildHash
FN:207,recoverAddress
FN:244,execute
FN:265,reviewSignaturesInternal
FN:312,executeInternal
FN:331,updateReplayProtection
FNF:19
FNH:19
FNDA:144,
FNDA:13,
FNDA:16,readSelector
FNDA:3,readERC20Destination
FNDA:3,readERC20Value
FNDA:197,thresholdRequired
FNDA:30,stillValid
FNDA:7,onlySigners
FNDA:2,signers
FNDA:2,threshold
FNDA:260,replayProtection
FNDA:1,nonce
FNDA:216,reviewSignatures
FNDA:234,buildHash
FNDA:233,recoverAddress
FNDA:10,execute
FNDA:226,reviewSignaturesInternal
FNDA:19,executeInternal
FNDA:220,updateReplayProtection
DA:33,144
DA:34,144
DA:38,144
DA:51,16
DA:53,16
DA:56,16
DA:64,3
DA:66,3
DA:69,3
DA:77,3
DA:79,3
DA:82,3
DA:93,197
DA:99,172
DA:113,30
DA:114,3
DA:116,29
DA:123,7
DA:124,7
DA:125,7
DA:127,7
DA:128,5
DA:135,2
DA:142,2
DA:149,260
DA:156,1
DA:168,216
DA:189,234
DA:190,14
DA:196,220
DA:214,233
DA:226,233
DA:229,233
DA:230,0
DA:232,233
DA:254,10
DA:255,9
DA:271,226
DA:272,226
DA:276,13
DA:279,213
DA:280,213
DA:283,213
DA:284,242
DA:285,213
DA:286,213
DA:287,19
DA:297,194
DA:302,213
DA:303,19
DA:306,194
DA:315,19
DA:316,19
DA:317,8
DA:320,11
DA:322,19
DA:332,220
DA:334,220
LF:58
LH:57
BRDA:93,1,0,172
BRDA:93,1,1,25
BRDA:113,2,0,3
BRDA:113,2,1,27
BRDA:114,3,0,2
BRDA:114,3,1,1
BRDA:127,4,0,5
BRDA:127,4,1,2
BRDA:189,5,0,14
BRDA:189,5,1,220
BRDA:229,6,0,0
BRDA:229,6,1,233
BRDA:272,7,0,13
BRDA:272,7,1,213
BRDA:284,8,0,213
BRDA:284,8,1,29
BRDA:286,9,0,19
BRDA:286,9,1,194
BRDA:302,10,0,19
BRDA:302,10,1,194
BRDA:316,11,0,8
BRDA:316,11,1,11
BRDA:320,12,0,11
BRDA:320,12,1,0
BRF:24
BRH:22
end_of_record
TN:
SF:/home/node/project/contracts/multisig/private/ProcessSig.sol
FN:27,
FN:35,
FNF:2
FNH:2
FNDA:1,
FNDA:1,
DA:36,1
LF:1
LH:1
BRF:0
BRH:0
end_of_record
TN:
SF:/home/node/project/contracts/multisig/private/VaultSig.sol
FN:35,
FN:43,
FN:50,execute
FN:75,transferERC20
FN:98,transfer
FNF:5
FNH:5
FNDA:44,
FNDA:14,
FNDA:5,execute
FNDA:1,transferERC20
FNDA:1,transfer
DA:44,14
DA:62,5
DA:63,2
DA:65,3
DA:66,2
DA:67,2
DA:69,4
DA:82,1
DA:104,1
LF:9
LH:9
BRDA:44,1,0,13
BRDA:44,1,1,1
BRDA:62,2,0,2
BRDA:62,2,1,3
BRDA:65,3,0,2
BRDA:65,3,1,1
BRDA:66,4,0,2
BRDA:66,4,1,0
BRF:8
BRH:7
end_of_record
TN:
SF:/home/node/project/contracts/multisig/private/WarmVaultSig.sol
FN:64,ifAllowancesDefined
FN:72,
FN:80,allowancesHash
FN:87,allowancesDefined
FN:94,ethAllowanceLimit
FN:103,ethAllowanceRate
FN:112,ethAllowanceAtOnceLimit
FN:121,ethAllowanceLastSpentAt
FN:130,ethAllowanceRemaining
FN:139,allowanceLimit
FN:148,allowanceRate
FN:157,allowanceAtOnceLimit
FN:166,allowanceLastSpentAt
FN:175,allowanceRemaining
FN:194,executeOnBehalf
FN:221,transferERC20OnBehalf
FN:245,transferOnBehalf
FN:266,addEthAllowance
FN:284,addAllowance
FN:323,endAllowancesDefinition
FN:338,currentTime
FN:346,evalAllowance
FNF:22
FNH:22
FNDA:10,ifAllowancesDefined
FNDA:37,
FNDA:8,allowancesHash
FNDA:3,allowancesDefined
FNDA:2,ethAllowanceLimit
FNDA:2,ethAllowanceRate
FNDA:2,ethAllowanceAtOnceLimit
FNDA:2,ethAllowanceLastSpentAt
FNDA:2,ethAllowanceRemaining
FNDA:2,allowanceLimit
FNDA:2,allowanceRate
FNDA:4,allowanceAtOnceLimit
FNDA:4,allowanceLastSpentAt
FNDA:10,allowanceRemaining
FNDA:4,executeOnBehalf
FNDA:3,transferERC20OnBehalf
FNDA:3,transferOnBehalf
FNDA:18,addEthAllowance
FNDA:37,addAllowance
FNDA:8,endAllowancesDefinition
FNDA:14,currentTime
FNDA:6,evalAllowance
DA:65,10
DA:66,6
DA:81,8
DA:88,3
DA:97,2
DA:106,2
DA:115,2
DA:124,2
DA:133,2
DA:142,2
DA:151,2
DA:160,4
DA:169,4
DA:178,10
DA:179,10
DA:183,10
DA:184,10
DA:185,0
DA:188,10
DA:199,4
DA:200,2
DA:204,2
DA:205,2
DA:208,2
DA:209,2
DA:210,2
DA:212,2
DA:229,3
DA:230,2
DA:252,3
DA:253,2
DA:273,18
DA:296,37
DA:297,37
DA:298,37
DA:299,37
DA:301,37
DA:308,37
DA:317,37
DA:330,8
DA:331,8
DA:332,8
DA:340,14
DA:347,6
DA:348,6
DA:350,4
DA:351,4
DA:352,4
DA:353,4
LF:49
LH:48
BRDA:65,1,0,6
BRDA:65,1,1,4
BRDA:184,2,0,0
BRDA:184,2,1,10
BRDA:199,3,0,2
BRDA:199,3,1,2
BRDA:204,4,0,2
BRDA:204,4,1,0
BRDA:205,5,0,2
BRDA:205,5,1,0
BRDA:296,6,0,37
BRDA:296,6,1,0
BRDA:297,7,0,37
BRDA:297,7,1,0
BRDA:298,8,0,37
BRDA:298,8,1,0
BRDA:299,9,0,37
BRDA:299,9,1,0
BRDA:330,10,0,8
BRDA:330,10,1,0
BRDA:348,11,0,4
BRDA:348,11,1,2
BRDA:351,12,0,4
BRDA:351,12,1,0
BRF:24
BRH:15
end_of_record
TN:
SF:/home/node/project/contracts/multisig/public/PublicMultiSig.sol
FN:69,whenActive
FN:79,
FN:96,
FN:101,threshold
FN:108,duration
FN:115,participantCount
FN:122,participantWeight
FN:129,isConfirmed
FN:136,hasParticipated
FN:145,isLocked
FN:152,isExpired
FN:160,toBeExpiredAt
FN:169,isCancelled
FN:176,transactionDestination
FN:185,transactionValue
FN:194,transactionData
FN:203,transactionCreator
FN:212,transactionCreatedAt
FN:221,isExecutable
FN:232,isExecuted
FN:240,execute
FN:265,suggest
FN:288,lockTransaction
FN:311,cancelTransaction
FN:328,approve
FN:347,revokeApproval
FN:370,addParticipant
FN:383,addManyParticipants
FN:395,updateParticipant
FN:406,updateManyParticipants
FN:418,updateConfiguration
FNF:31
FNH:27
FNDA:59,whenActive
FNDA:78,
FNDA:0,
FNDA:7,threshold
FNDA:7,duration
FNDA:1,participantCount
FNDA:1,participantWeight
FNDA:38,isConfirmed
FNDA:37,hasParticipated
FNDA:21,isLocked
FNDA:85,isExpired
FNDA:0,toBeExpiredAt
FNDA:20,isCancelled
FNDA:3,transactionDestination
FNDA:3,transactionValue
FNDA:3,transactionData
FNDA:19,transactionCreator
FNDA:18,transactionCreatedAt
FNDA:6,isExecutable
FNDA:62,isExecuted
FNDA:17,execute
FNDA:32,suggest
FNDA:3,lockTransaction
FNDA:2,cancelTransaction
FNDA:30,approve
FNDA:3,revokeApproval
FNDA:126,addParticipant
FNDA:59,addManyParticipants
FNDA:0,updateParticipant
FNDA:0,updateManyParticipants
FNDA:7,updateConfiguration
DA:70,59
DA:71,57
DA:72,56
DA:73,55
DA:86,78
DA:87,78
DA:89,78
DA:90,78
DA:102,7
DA:109,7
DA:116,1
DA:123,1
DA:130,38
DA:139,37
DA:146,21
DA:154,85
DA:163,0
DA:170,20
DA:179,3
DA:188,3
DA:197,3
DA:206,19
DA:215,18
DA:222,6
DA:233,62
DA:243,17
DA:244,16
DA:248,14
DA:249,14
DA:250,14
DA:254,13
DA:256,1
DA:257,1
DA:259,14
DA:268,32
DA:280,32
DA:281,32
DA:282,32
DA:291,3
DA:295,2
DA:296,0
DA:299,2
DA:300,2
DA:301,1
DA:303,1
DA:305,2
DA:314,2
DA:320,1
DA:321,1
DA:322,1
DA:331,30
DA:332,30
DA:334,29
DA:336,29
DA:338,29
DA:339,28
DA:341,29
DA:350,3
DA:351,3
DA:352,3
DA:354,2
DA:356,2
DA:358,2
DA:362,2
DA:364,2
DA:373,126
DA:374,126
DA:376,126
DA:377,126
DA:386,59
DA:387,62
DA:389,59
DA:398,0
DA:399,0
DA:400,0
DA:409,0
DA:410,0
DA:412,0
DA:421,7
DA:422,7
DA:424,7
DA:425,7
LF:82
LH:74
BRDA:70,1,0,57
BRDA:70,1,1,2
BRDA:71,2,0,56
BRDA:71,2,1,1
BRDA:72,3,0,55
BRDA:72,3,1,1
BRDA:243,4,0,16
BRDA:243,4,1,1
BRDA:244,5,0,14
BRDA:244,5,1,2
BRDA:250,6,0,13
BRDA:250,6,1,1
BRDA:291,7,0,2
BRDA:291,7,1,1
BRDA:295,8,0,0
BRDA:295,8,1,2
BRDA:300,9,0,1
BRDA:300,9,1,1
BRDA:314,10,0,1
BRDA:314,10,1,1
BRDA:332,11,0,29
BRDA:332,11,1,1
BRDA:338,12,0,28
BRDA:338,12,1,1
BRDA:350,13,0,3
BRDA:350,13,1,0
BRDA:352,14,0,2
BRDA:352,14,1,1
BRDA:358,15,0,2
BRDA:358,15,1,0
BRF:30
BRH:27
end_of_record
TN:
SF:/home/node/project/contracts/multisig/public/PublicMultiSigWithRBAC.sol
FN:35,onlySuggester
FN:43,onlyApprover
FN:51,onlyExecuter
FN:59,
FN:80,isSuggester
FN:89,isApprover
FN:96,isExecuter
FN:103,execute
FN:110,suggest
FN:121,approve
FN:130,revokeApproval
FN:141,addParticipant
FN:159,addManyParticipants
FN:178,addParticipantWithRoles
FN:198,addManyParticipantsWithRoles
FN:218,updateParticipantRoles
FN:235,updateManyParticipantsRoles
FN:252,updateParticipantRolesInternal
FN:275,updateManyParticipantsRolesInternal
FNF:19
FNH:19
FNDA:14,onlySuggester
FNDA:14,onlyApprover
FNDA:8,onlyExecuter
FNDA:20,
FNDA:9,isSuggester
FNDA:9,isApprover
FNDA:9,isExecuter
FNDA:7,execute
FNDA:13,suggest
FNDA:11,approve
FNDA:1,revokeApproval
FNDA:3,addParticipant
FNDA:21,addManyParticipants
FNDA:66,addParticipantWithRoles
FNDA:1,addManyParticipantsWithRoles
FNDA:1,updateParticipantRoles
FNDA:2,updateManyParticipantsRoles
FNDA:131,updateParticipantRolesInternal
FNDA:22,updateManyParticipantsRolesInternal
DA:36,14
DA:37,13
DA:44,14
DA:45,12
DA:52,8
DA:53,7
DA:69,20
DA:83,9
DA:90,9
DA:97,9
DA:104,7
DA:115,13
DA:124,11
DA:133,1
DA:145,3
DA:163,21
DA:164,62
DA:172,21
DA:185,66
DA:186,66
DA:192,66
DA:205,1
DA:206,1
DA:212,1
DA:224,1
DA:241,2
DA:258,131
DA:259,131
DA:260,131
DA:261,131
DA:263,131
DA:269,131
DA:281,22
DA:282,64
DA:289,22
LF:35
LH:35
BRDA:36,1,0,13
BRDA:36,1,1,1
BRDA:44,2,0,12
BRDA:44,2,1,2
BRDA:52,3,0,7
BRDA:52,3,1,1
BRF:6
BRH:6
end_of_record
TN:
SF:/home/node/project/contracts/multisig/public/SecretMultiSig.sol
FN:39,
FN:51,isRevealed
FN:58,isExecutable
FN:65,execute
FN:73,buildHash
FN:95,executeHash
FN:117,suggest
FN:127,suggestHash
FN:150,revealHash
FNF:9
FNH:9
FNDA:25,
FNDA:8,isRevealed
FNDA:3,isExecutable
FNDA:3,execute
FNDA:12,buildHash
FNDA:3,executeHash
FNDA:3,suggest
FNDA:18,suggestHash
FNDA:15,revealHash
DA:52,8
DA:59,3
DA:66,3
DA:67,3
DA:81,12
DA:103,3
DA:110,1
DA:111,1
DA:120,3
DA:121,3
DA:128,18
DA:129,17
DA:130,17
DA:142,17
DA:143,17
DA:144,17
DA:157,15
DA:158,13
DA:160,13
DA:161,11
DA:172,10
DA:173,10
DA:174,10
DA:175,10
DA:176,10
DA:177,10
DA:178,10
LF:27
LH:27
BRDA:66,1,0,3
BRDA:66,1,1,0
BRDA:128,2,0,17
BRDA:128,2,1,1
BRDA:157,3,0,13
BRDA:157,3,1,2
BRDA:160,4,0,11
BRDA:160,4,1,2
BRDA:161,5,0,10
BRDA:161,5,1,1
BRF:10
BRH:9
end_of_record
TN:
SF:/home/node/project/contracts/Operator.sol
FN:30,onlyOperator
FN:38,operatorCount
FN:45,operatorAddress
FN:54,defineOperators
FNF:4
FNH:4
FNDA:344,onlyOperator
FNDA:2,operatorCount
FNDA:2,operatorAddress
FNDA:120,defineOperators
DA:31,344
DA:32,343
DA:39,2
DA:46,2
DA:57,120
DA:59,119
DA:60,2
DA:62,119
DA:64,119
DA:65,127
DA:66,127
DA:68,119
LF:12
LH:12
BRDA:31,1,0,343
BRDA:31,1,1,1
BRDA:57,2,0,119
BRDA:57,2,1,1
BRF:4
BRH:4
end_of_record
TN:
SF:/home/node/project/contracts/PayableProxy.sol
FN:45,configNotLocked
FN:50,
FN:56,
FN:63,payableAddr
FN:67,payableFunction
FN:71,startAt
FN:75,isConfigLocked
FN:86,configure
FN:101,lockConfig
FN:111,dryRun
FN:119,callPayable
FNF:11
FNH:11
FNDA:17,configNotLocked
FNDA:12,
FNDA:5,
FNDA:2,payableAddr
FNDA:2,payableFunction
FNDA:2,startAt
FNDA:2,isConfigLocked
FNDA:13,configure
FNDA:4,lockConfig
FNDA:5,dryRun
FNDA:9,callPayable
DA:46,17
DA:47,17
DA:53,12
DA:57,5
DA:59,4
DA:60,4
DA:64,2
DA:68,2
DA:72,2
DA:76,2
DA:92,13
DA:93,13
DA:94,13
DA:96,13
DA:102,4
DA:103,4
DA:104,4
DA:112,5
DA:122,9
LF:19
LH:19
BRDA:46,1,0,17
BRDA:46,1,1,0
BRDA:57,2,0,4
BRDA:57,2,1,1
BRDA:59,3,0,4
BRDA:59,3,1,0
BRDA:122,4,0,9
BRDA:122,4,1,0
BRF:8
BRH:5
end_of_record
TN:
SF:/home/node/project/contracts/Rates.sol
FN:47,
FN:61,updateManyRates
FN:77,referenceToken
FN:84,ratePrecision
FN:91,tokens
FN:98,rate
FN:105,invertedRate
FN:112,updatedAt
FN:119,updateRate
FN:135,addToken
FN:147,addManyTokens
FN:163,removeToken
FN:178,removeManyTokens
FN:187,updateReferenceToken
FN:195,updateRatePrecision
FNF:15
FNH:15
FNDA:25,
FNDA:1,updateManyRates
FNDA:2,referenceToken
FNDA:2,ratePrecision
FNDA:8,tokens
FNDA:9,rate
FNDA:9,invertedRate
FNDA:2,updatedAt
FNDA:3,updateRate
FNDA:57,addToken
FNDA:26,addManyTokens
FNDA:9,removeToken
FNDA:2,removeManyTokens
FNDA:1,updateReferenceToken
FNDA:1,updateRatePrecision
DA:53,25
DA:54,25
DA:55,25
DA:66,1
DA:67,1
DA:69,1
DA:70,2
DA:78,2
DA:85,2
DA:92,8
DA:99,9
DA:106,9
DA:113,2
DA:122,3
DA:123,3
DA:124,3
DA:126,3
DA:127,3
DA:129,3
DA:138,57
DA:140,57
DA:141,57
DA:152,26
DA:153,26
DA:155,26
DA:156,56
DA:164,9
DA:165,9
DA:166,9
DA:167,9
DA:169,9
DA:170,6
DA:172,9
DA:179,2
DA:180,5
DA:188,1
DA:189,1
DA:196,1
LF:38
LH:38
BRDA:53,1,0,25
BRDA:53,1,1,0
BRDA:66,2,0,1
BRDA:66,2,1,0
BRDA:67,3,0,1
BRDA:67,3,1,0
BRDA:122,4,0,3
BRDA:122,4,1,0
BRDA:124,5,0,3
BRDA:124,5,1,0
BRDA:138,6,0,57
BRDA:138,6,1,0
BRDA:152,7,0,26
BRDA:152,7,1,0
BRDA:153,8,0,26
BRDA:153,8,1,0
BRDA:164,9,0,9
BRDA:164,9,1,0
BRDA:165,10,0,9
BRDA:165,10,1,0
BRDA:169,11,0,6
BRDA:169,11,1,3
BRDA:188,12,0,1
BRDA:188,12,1,0
BRF:24
BRH:13
end_of_record
TN:
SF:/home/node/project/contracts/RatesProvider.sol
FN:32,
FN:38,convertRateFromETHCHF
FN:55,convertRateToETHCHF
FN:72,convertCHFCentToWEI
FN:81,convertWEIToCHFCent
FN:92,rateWEIPerCHFCent
FN:99,rateETHCHF
FN:108,defineRate
FN:118,defineETHCHFRate
FN:128,currentTime
FNF:10
FNH:10
FNDA:13,
FNDA:61,convertRateFromETHCHF
FNDA:2,convertRateToETHCHF
FNDA:122,convertCHFCentToWEI
FNDA:401,convertWEIToCHFCent
FNDA:302,rateWEIPerCHFCent
FNDA:1,rateETHCHF
FNDA:63,defineRate
FNDA:60,defineETHCHFRate
FNDA:63,currentTime
DA:43,61
DA:44,0
DA:47,61
DA:60,2
DA:61,1
DA:64,1
DA:75,122
DA:84,401
DA:85,1
DA:88,400
DA:93,302
DA:102,1
DA:111,63
DA:112,63
DA:122,60
DA:130,63
LF:16
LH:15
BRDA:43,1,0,0
BRDA:43,1,1,61
BRDA:60,2,0,1
BRDA:60,2,1,1
BRDA:84,3,0,1
BRDA:84,3,1,400
BRF:6
BRH:5
end_of_record
TN:
SF:/home/node/project/contracts/Registry.sol
FN:33,
FN:41,name
FN:48,addressLength
FN:55,addressById
FN:62,addAddress
FN:71,removeAddressById
FN:86,replaceAddressById
FN:100,replaceManyAddressesByIds
FNF:8
FNH:8
FNDA:18,
FNDA:1,name
FNDA:25,addressLength
FNDA:41,addressById
FNDA:2,addAddress
FNDA:4,removeAddressById
FNDA:3,replaceAddressById
FNDA:4,replaceManyAddressesByIds
DA:34,18
DA:35,18
DA:42,1
DA:49,25
DA:56,41
DA:63,2
DA:64,2
DA:65,2
DA:72,4
DA:73,3
DA:75,3
DA:76,2
DA:78,3
DA:79,3
DA:80,3
DA:89,3
DA:90,2
DA:92,2
DA:93,2
DA:94,2
DA:103,4
DA:104,3
DA:105,1
DA:106,2
DA:107,2
DA:108,2
LF:26
LH:26
BRDA:72,1,0,3
BRDA:72,1,1,1
BRDA:75,2,0,2
BRDA:75,2,1,1
BRDA:89,3,0,2
BRDA:89,3,1,1
BRDA:103,4,0,3
BRDA:103,4,1,1
BRDA:104,5,0,1
BRDA:104,5,1,2
BRF:10
BRH:10
end_of_record
TN:
SF:/home/node/project/contracts/rule/FreezeRule.sol
FN:33,isFrozen
FN:41,isAddressFrozen
FN:51,freezeAddress
FN:63,freezeManyAddresses
FN:75,freezeAll
FN:85,isAddressValid
FN:92,isTransferValid
FNF:7
FNH:7
FNDA:30,isFrozen
FNDA:30,isAddressFrozen
FNDA:1,freezeAddress
FNDA:79,freezeManyAddresses
FNDA:31,freezeAll
FNDA:9,isAddressValid
FNDA:21,isTransferValid
DA:35,30
DA:43,30
DA:54,1
DA:55,1
DA:66,79
DA:67,158
DA:68,158
DA:78,31
DA:79,31
DA:86,9
DA:95,21
LF:11
LH:11
BRF:0
BRH:0
end_of_record
TN:
SF:/home/node/project/contracts/rule/LockRule.sol
FN:54,hasSendDirection
FN:61,hasReceiveDirection
FN:70,restriction
FN:77,scheduledStartAt
FN:84,scheduledEndAt
FN:91,isScheduleInverted
FN:98,isLocked
FN:107,individualPass
FN:116,canSend
FN:126,canReceive
FN:136,definePass
FN:147,defineManyPasses
FN:159,scheduleLock
FN:178,isAddressValid
FN:185,isTransferValid
FNF:15
FNH:14
FNDA:40,hasSendDirection
FNDA:34,hasReceiveDirection
FNDA:1,restriction
FNDA:1,scheduledStartAt
FNDA:1,scheduledEndAt
FNDA:3,isScheduleInverted
FNDA:46,isLocked
FNDA:1,individualPass
FNDA:22,canSend
FNDA:19,canReceive
FNDA:84,definePass
FNDA:1,defineManyPasses
FNDA:44,scheduleLock
FNDA:0,isAddressValid
FNDA:5,isTransferValid
DA:55,40
DA:64,34
DA:71,1
DA:78,1
DA:85,1
DA:92,3
DA:100,46
DA:110,1
DA:117,22
DA:118,16
DA:120,6
DA:127,19
DA:128,13
DA:130,6
DA:139,84
DA:140,84
DA:141,84
DA:150,1
DA:151,2
DA:153,1
DA:164,44
DA:165,44
DA:171,44
DA:179,0
DA:188,5
LF:25
LH:24
BRDA:117,1,0,16
BRDA:117,1,1,6
BRDA:127,2,0,13
BRDA:127,2,1,6
BRDA:151,3,0,2
BRDA:151,3,1,0
BRDA:164,4,0,44
BRDA:164,4,1,0
BRF:8
BRH:6
end_of_record
TN:
SF:/home/node/project/contracts/rule/ScheduledNoRule.sol
FN:36,
FN:55,scheduleOn
FN:61,isAddressValid
FN:65,isTransferValid
FNF:4
FNH:0
FNDA:0,
FNDA:0,scheduleOn
FNDA:0,isAddressValid
FNDA:0,isTransferValid
DA:42,0
DA:43,0
DA:44,0
DA:45,0
DA:48,0
DA:49,0
DA:52,0
DA:57,0
DA:58,0
DA:62,0
DA:71,0
LF:11
LH:0
BRDA:44,1,0,0
BRDA:44,1,1,0
BRDA:48,2,0,0
BRDA:48,2,1,0
BRF:4
BRH:0
end_of_record
TN:
SF:/home/node/project/contracts/rule/StrategicInvestorsRule.sol
FN:41,
FN:52,userRegistry
FN:59,token
FN:66,strategicThreshold
FN:73,isStrategicInvestor
FN:80,isAddressValid
FN:90,isTransferValid
FN:102,updateStrategicInvestor
FN:112,updateManyStrategicInvestors
FN:126,updateStrategicThreshold
FNF:10
FNH:10
FNDA:21,
FNDA:1,userRegistry
FNDA:1,token
FNDA:1,strategicThreshold
FNDA:5,isStrategicInvestor
FNDA:4,isAddressValid
FNDA:20,isTransferValid
FNDA:1,updateStrategicInvestor
FNDA:22,updateManyStrategicInvestors
FNDA:1,updateStrategicThreshold
DA:43,21
DA:44,21
DA:45,21
DA:46,21
DA:53,1
DA:60,1
DA:67,1
DA:74,5
DA:81,4
DA:82,3
DA:84,1
DA:93,20
DA:94,14
DA:96,6
DA:105,1
DA:106,1
DA:117,22
DA:118,65
DA:119,65
DA:129,1
DA:130,1
LF:21
LH:21
BRDA:81,1,0,3
BRDA:81,1,1,1
BRDA:93,2,0,14
BRDA:93,2,1,6
BRF:4
BRH:4
end_of_record
TN:
SF:/home/node/project/contracts/rule/UserKycRule.sol
FN:32,
FN:36,userRegistry
FN:44,whenKYCisValid
FN:52,isAddressValid
FN:59,isTransferValid
FNF:5
FNH:4
FNDA:11,
FNDA:1,userRegistry
FNDA:0,whenKYCisValid
FNDA:3,isAddressValid
FNDA:7,isTransferValid
DA:33,11
DA:37,1
DA:45,0
DA:46,0
DA:53,3
DA:62,7
LF:6
LH:4
BRDA:45,1,0,0
BRDA:45,1,1,0
BRF:2
BRH:0
end_of_record
TN:
SF:/home/node/project/contracts/rule/WithRules.sol
FN:34,
FN:41,ruleLength
FN:48,rule
FN:55,validateAddress
FN:67,validateTransfer
FN:82,whenAddressRulesAreValid
FN:91,whenTransferRulesAreValid
FN:103,defineRules
FNF:8
FNH:8
FNDA:86,
FNDA:16,ruleLength
FNDA:21,rule
FNDA:7,validateAddress
FNDA:15,validateTransfer
FNDA:2,whenAddressRulesAreValid
FNDA:6,whenTransferRulesAreValid
FNDA:6,defineRules
DA:35,86
DA:42,16
DA:49,21
DA:56,7
DA:57,7
DA:58,2
DA:61,5
DA:70,15
DA:71,15
DA:72,6
DA:75,9
DA:83,2
DA:84,2
DA:96,6
DA:97,4
DA:104,6
DA:105,6
LF:17
LH:17
BRDA:57,1,0,2
BRDA:57,1,1,5
BRDA:71,2,0,6
BRDA:71,2,1,9
BRDA:83,3,0,2
BRDA:83,3,1,0
BRDA:96,4,0,4
BRDA:96,4,1,2
BRF:8
BRH:7
end_of_record
TN:
SF:/home/node/project/contracts/rule/YesNoRule.sol
FN:24,
FN:28,isAddressValid
FN:32,isTransferValid
FNF:3
FNH:3
FNDA:36,
FNDA:11,isAddressValid
FNDA:21,isTransferValid
DA:25,36
DA:29,11
DA:38,21
LF:3
LH:3
BRF:0
BRH:0
end_of_record
TN:
SF:/home/node/project/contracts/StateMachine.sol
FN:52,stepTime
FN:59,transitionEndTime
FN:66,transitionDelay
FN:73,stepsCount
FN:81,stepEndTime
FN:100,currentStep
FN:125,addStep
FN:145,addHistoricalStep
FN:170,updateCurrentStep
FN:195,nextStep
FN:208,currentTime
FNF:11
FNH:11
FNDA:12,stepTime
FNDA:1,transitionEndTime
FNDA:1,transitionDelay
FNDA:21,stepsCount
FNDA:73,stepEndTime
FNDA:55,currentStep
FNDA:234,addStep
FNDA:8,addHistoricalStep
FNDA:13,updateCurrentStep
FNDA:14,nextStep
FNDA:148,currentTime
DA:53,12
DA:60,1
DA:67,1
DA:74,21
DA:84,73
DA:85,73
DA:87,73
DA:88,13
DA:90,73
DA:91,21
DA:93,73
DA:101,55
DA:102,49
DA:104,49
DA:105,49
DA:106,62
DA:107,62
DA:108,49
DA:109,49
DA:111,13
DA:114,49
DA:129,234
DA:130,234
DA:131,66
DA:133,234
DA:134,234
DA:151,8
DA:152,7
DA:153,2
DA:156,6
DA:157,6
DA:158,6
DA:174,13
DA:176,11
DA:177,6
DA:178,2
DA:179,1
DA:182,6
DA:183,5
DA:184,1
DA:196,14
DA:197,13
DA:200,12
DA:204,10
DA:205,10
DA:210,148
LF:46
LH:46
BRDA:87,1,0,13
BRDA:87,1,1,60
BRDA:90,2,0,21
BRDA:90,2,1,52
BRDA:101,3,0,49
BRDA:101,3,1,6
BRDA:107,4,0,49
BRDA:107,4,1,13
BRDA:130,5,0,66
BRDA:130,5,1,168
BRDA:151,6,0,7
BRDA:151,6,1,1
BRDA:152,7,0,2
BRDA:152,7,1,5
BRDA:153,8,0,1
BRDA:153,8,1,1
BRDA:176,9,0,6
BRDA:176,9,1,5
BRDA:177,10,0,2
BRDA:177,10,1,4
BRDA:178,11,0,1
BRDA:178,11,1,1
BRDA:182,12,0,5
BRDA:182,12,1,1
BRDA:183,13,0,1
BRDA:183,13,1,4
BRDA:197,14,0,12
BRDA:197,14,1,1
BRDA:200,15,0,10
BRDA:200,15,1,2
BRF:30
BRH:30
end_of_record
TN:
SF:/home/node/project/contracts/token/BridgeToken.sol
FN:29,
FNF:1
FNH:1
FNDA:54,
DA:33,54
DA:34,54
LF:2
LH:2
BRF:0
BRH:0
end_of_record
TN:
SF:/home/node/project/contracts/token/component/AuditableToken.sol
FN:42,auditCreatedAt
FN:49,lastTransactionAt
FN:57,lastReceivedAt
FN:64,lastSentAt
FN:71,transactionCount
FN:78,receivedCount
FN:85,sentCount
FN:92,totalReceivedAmount
FN:101,totalSentAmount
FN:108,transfer
FN:119,transferFrom
FN:133,currentTime
FN:141,updateAudit
FNF:13
FNH:13
FNDA:1,auditCreatedAt
FNDA:162,lastTransactionAt
FNDA:1,lastReceivedAt
FNDA:1,lastSentAt
FNDA:1,transactionCount
FNDA:1,receivedCount
FNDA:1,sentCount
FNDA:1,totalReceivedAmount
FNDA:1,totalSentAmount
FNDA:78,transfer
FNDA:34,transferFrom
FNDA:441,currentTime
FNDA:94,updateAudit
DA:43,1
DA:50,162
DA:58,1
DA:65,1
DA:72,1
DA:79,1
DA:86,1
DA:95,1
DA:102,1
DA:109,78
DA:110,0
DA:112,69
DA:113,69
DA:122,34
DA:123,0
DA:126,25
DA:127,25
DA:135,441
DA:144,94
DA:145,94
DA:146,94
DA:147,94
DA:148,94
DA:149,75
DA:152,94
DA:153,94
DA:154,94
DA:155,94
DA:156,94
DA:157,88
LF:30
LH:28
BRDA:109,1,0,0
BRDA:109,1,1,69
BRDA:122,2,0,0
BRDA:122,2,1,25
BRDA:148,3,0,75
BRDA:148,3,1,19
BRDA:156,4,0,88
BRDA:156,4,1,6
BRF:8
BRH:6
end_of_record
TN:
SF:/home/node/project/contracts/token/component/IssuableToken.sol
FN:34,issue
FN:45,redeem
FNF:2
FNH:2
FNDA:19,issue
FNDA:3,redeem
DA:35,19
DA:36,19
DA:38,19
DA:39,19
DA:46,3
DA:47,2
DA:49,2
DA:50,2
LF:8
LH:8
BRF:0
BRH:0
end_of_record
TN:
SF:/home/node/project/contracts/token/component/MintableToken.sol
FN:27,mintingFinished
FN:31,canMint
FN:42,mint
FN:58,finishMinting
FNF:4
FNH:4
FNDA:45,mintingFinished
FNDA:38,canMint
FNDA:26,mint
FNDA:7,finishMinting
DA:28,45
DA:32,38
DA:33,35
DA:47,26
DA:48,26
DA:49,26
DA:50,26
DA:51,26
DA:59,7
DA:60,7
DA:61,7
LF:11
LH:11
BRDA:32,1,0,35
BRDA:32,1,1,3
BRF:2
BRH:2
end_of_record
TN:
SF:/home/node/project/contracts/token/component/ProvableOwnershipToken.sol
FN:40,proofLength
FN:47,proofAmount
FN:56,proofDateFrom
FN:65,proofDateTo
FN:75,checkProof
FN:91,createProof
FN:104,transferWithProofs
FN:140,transferFromWithProofs
FN:175,createProofInternal
FN:188,transferPostProcessing
FNF:10
FNH:10
FNDA:11,proofLength
FNDA:10,proofAmount
FNDA:10,proofDateFrom
FNDA:10,proofDateTo
FNDA:9,checkProof
FNDA:5,createProof
FNDA:26,transferWithProofs
FNDA:10,transferFromWithProofs
FNDA:90,createProofInternal
FNDA:72,transferPostProcessing
DA:41,11
DA:50,10
DA:59,10
DA:68,10
DA:78,9
DA:79,5
DA:81,5
DA:82,4
DA:85,5
DA:92,5
DA:111,26
DA:112,26
DA:113,26
DA:114,26
DA:116,26
DA:117,0
DA:120,26
DA:126,26
DA:132,26
DA:147,10
DA:148,10
DA:149,10
DA:150,10
DA:152,10
DA:153,0
DA:156,10
DA:162,10
DA:168,10
DA:178,90
DA:180,90
DA:181,90
DA:182,90
DA:194,72
DA:195,28
LF:34
LH:32
BRDA:78,1,0,5
BRDA:78,1,1,4
BRDA:81,2,0,4
BRDA:81,2,1,1
BRDA:116,3,0,0
BRDA:116,3,1,26
BRDA:152,4,0,0
BRDA:152,4,1,10
BRDA:194,5,0,28
BRDA:194,5,1,44
BRF:10
BRH:8
end_of_record
TN:
SF:/home/node/project/contracts/token/component/SeizableToken.sol
FN:35,seize
FNF:1
FNH:1
FNDA:7,seize
DA:38,7
DA:40,6
DA:41,5
DA:43,5
DA:44,5
LF:5
LH:5
BRDA:38,1,0,6
BRDA:38,1,1,1
BRF:2
BRH:2
end_of_record
TN:
SF:/home/node/project/contracts/token/component/SplitableToken.sol
FN:45,balanceOf
FN:56,transfer
FN:67,transferFrom
FN:78,split
FN:90,evalSplitRatio
FNF:5
FNH:0
FNDA:0,balanceOf
FNDA:0,transfer
FNDA:0,transferFrom
FNDA:0,split
FNDA:0,evalSplitRatio
DA:46,0
DA:47,0
DA:49,0
DA:59,0
DA:60,0
DA:61,0
DA:70,0
DA:71,0
DA:72,0
DA:79,0
DA:80,0
DA:81,0
DA:82,0
DA:83,0
DA:84,0
DA:91,0
DA:92,0
DA:94,0
LF:18
LH:0
BRDA:46,1,0,0
BRDA:46,1,1,0
BRDA:79,2,0,0
BRDA:79,2,1,0
BRDA:91,3,0,0
BRDA:91,3,1,0
BRF:6
BRH:0
end_of_record
TN:
SF:/home/node/project/contracts/token/component/TokenWithClaims.sol
FN:35,
FN:42,claimableLength
FN:49,claimable
FN:57,hasClaims
FN:71,transfer
FN:87,transferFrom
FN:105,transferWithProofs
FN:126,transferFromWithProofs
FN:149,defineClaimables
FNF:9
FNH:9
FNDA:95,
FNDA:11,claimableLength
FNDA:13,claimable
FNDA:59,hasClaims
FNDA:20,transfer
FNDA:4,transferFrom
FNDA:4,transferWithProofs
FNDA:4,transferFromWithProofs
FNDA:16,defineClaimables
DA:36,95
DA:43,11
DA:50,13
DA:58,59
DA:59,59
DA:60,22
DA:61,15
DA:64,44
DA:72,20
DA:73,20
DA:75,20
DA:90,4
DA:91,4
DA:93,4
DA:112,4
DA:113,4
DA:115,4
DA:134,4
DA:135,4
DA:137,4
DA:150,16
DA:151,16
LF:22
LH:22
BRDA:60,1,0,15
BRDA:60,1,1,7
BRF:2
BRH:2
end_of_record
TN:
SF:/home/node/project/contracts/token/component/TokenWithRules.sol
FN:30,
FN:35,transfer
FN:45,transferFrom
FNF:3
FNH:3
FNDA:60,
FNDA:2,transfer
FNDA:2,transferFrom
DA:39,2
DA:50,2
LF:2
LH:2
BRF:0
BRH:0
end_of_record
TN:
SF:/home/node/project/contracts/token/IssuableBridgeToken.sol
FN:27,
FNF:1
FNH:0
FNDA:0,
DA:30,0
DA:31,0
LF:2
LH:0
BRF:0
BRH:0
end_of_record
TN:
SF:/home/node/project/contracts/token/MintableBridgeToken.sol
FN:27,
FNF:1
FNH:1
FNDA:54,
DA:30,54
DA:31,54
LF:2
LH:2
BRF:0
BRH:0
end_of_record
TN:
SF:/home/node/project/contracts/token/ShareBridgeToken.sol
FN:26,
FNF:1
FNH:1
FNDA:1,
LF:0
LH:0
BRF:0
BRH:0
end_of_record
TN:
SF:/home/node/project/contracts/tokensale/TokenMinter.sol
FN:76,
FN:104,minterLotId
FN:111,lotMintableSupply
FN:118,lotVault
FN:125,isLotMinter
FN:134,lotActiveMinters
FN:141,mintingFinished
FN:148,setup
FN:173,setupMinter
FN:189,mint
FN:208,finishMinting
FN:215,finishMintingRestricted
FN:224,finishMintingInternal
FN:243,mintRemainingLot
FN:263,mintAllRemaining
FN:281,finishTokenMinting
FN:294,finishLotMintingPrivate
FNF:17
FNH:17
FNDA:48,
FNDA:2,minterLotId
FNDA:4,lotMintableSupply
FNDA:2,lotVault
FNDA:7,isLotMinter
FNDA:7,lotActiveMinters
FNDA:1,mintingFinished
FNDA:40,setup
FNDA:69,setupMinter
FNDA:12,mint
FNDA:16,finishMinting
FNDA:2,finishMintingRestricted
FNDA:18,finishMintingInternal
FNDA:16,mintRemainingLot
FNDA:4,mintAllRemaining
FNDA:3,finishTokenMinting
FNDA:14,finishLotMintingPrivate
DA:81,48
DA:82,48
DA:84,48
DA:85,48
DA:86,48
DA:88,48
DA:89,48
DA:91,48
DA:92,96
DA:93,96
DA:94,96
DA:95,96
DA:96,96
DA:97,96
DA:105,2
DA:112,4
DA:119,2
DA:128,7
DA:135,7
DA:142,1
DA:151,40
DA:152,40
DA:155,40
DA:156,37
DA:159,37
DA:160,36
DA:162,36
DA:163,36
DA:164,72
DA:165,68
DA:176,69
DA:177,69
DA:178,69
DA:179,69
DA:180,69
DA:181,69
DA:182,69
DA:183,69
DA:192,12
DA:193,12
DA:195,11
DA:196,11
DA:198,11
DA:200,10
DA:201,10
DA:202,10
DA:209,16
DA:218,2
DA:227,18
DA:228,18
DA:229,18
DA:231,17
DA:232,17
DA:234,17
DA:235,0
DA:237,17
DA:246,16
DA:247,16
DA:248,14
DA:250,14
DA:251,14
DA:252,14
DA:254,14
DA:255,14
DA:264,4
DA:265,4
DA:267,4
DA:268,4
DA:269,6
DA:270,6
DA:271,5
DA:275,2
DA:282,3
DA:283,1
DA:284,1
DA:286,1
DA:287,1
DA:288,1
DA:295,14
DA:296,14
LF:80
LH:79
BRDA:81,1,0,48
BRDA:81,1,1,0
BRDA:82,2,0,48
BRDA:82,2,1,0
BRDA:85,3,0,48
BRDA:85,3,1,0
BRDA:86,4,0,48
BRDA:86,4,1,0
BRDA:92,5,0,96
BRDA:92,5,1,0
BRDA:151,6,0,40
BRDA:151,6,1,0
BRDA:152,7,0,40
BRDA:152,7,1,0
BRDA:155,8,0,37
BRDA:155,8,1,3
BRDA:159,9,0,36
BRDA:159,9,1,1
BRDA:160,10,0,36
BRDA:160,10,1,0
BRDA:162,11,0,36
BRDA:162,11,1,0
BRDA:164,12,0,68
BRDA:164,12,1,4
BRDA:177,13,0,69
BRDA:177,13,1,0
BRDA:179,14,0,69
BRDA:179,14,1,0
BRDA:192,15,0,12
BRDA:192,15,1,0
BRDA:193,16,0,11
BRDA:193,16,1,1
BRDA:198,17,0,10
BRDA:198,17,1,1
BRDA:229,18,0,17
BRDA:229,18,1,1
BRDA:234,19,0,0
BRDA:234,19,1,17
BRDA:247,20,0,14
BRDA:247,20,1,2
BRDA:248,21,0,14
BRDA:248,21,1,0
BRDA:250,22,0,14
BRDA:250,22,1,0
BRDA:264,23,0,4
BRDA:264,23,1,0
BRDA:265,24,0,4
BRDA:265,24,1,0
BRDA:267,25,0,4
BRDA:267,25,1,0
BRDA:270,26,0,5
BRDA:270,26,1,1
BRDA:282,27,0,1
BRDA:282,27,1,2
BRDA:283,28,0,1
BRDA:283,28,1,0
BRDA:284,29,0,1
BRDA:284,29,1,0
BRDA:286,30,0,1
BRDA:286,30,1,0
BRF:60
BRH:39
end_of_record
TN:
SF:/home/node/project/contracts/tokensale/Tokensale.sol
FN:93,beforeSaleIsOpened
FN:101,saleIsOpened
FN:109,beforeSaleIsClosed
FN:117,
FN:135,
FN:143,token
FN:150,vaultETH
FN:157,vaultERC20
FN:161,userRegistry
FN:165,ratesProvider
FN:169,sharePurchaseAgreementHash
FN:174,startAt
FN:178,endAt
FN:182,raisedETH
FN:186,raisedCHF
FN:190,totalRaisedCHF
FN:194,totalUnspentETH
FN:198,totalRefundedETH
FN:202,availableSupply
FN:209,investorUnspentETH
FN:215,investorInvestedCHF
FN:221,investorAcceptedSPA
FN:227,investorAllocations
FN:233,investorTokens
FN:237,investorCount
FN:241,investorLimit
FN:248,minimalAutoWithdraw
FN:255,minimalBalance
FN:262,basePriceCHFCent
FN:269,contributionLimit
FN:286,updateMinimalBalance
FN:295,updateInvestorLimits
FN:307,defineSPA
FN:317,acceptSPA
FN:333,investETH
FN:346,addOffChainInvestment
FN:356,updateSchedule
FN:368,allocateTokens
FN:385,allocateManyTokens
FN:398,fundETH
FN:405,refundManyUnspentETH
FN:414,refundUnspentETH
FN:432,withdrawETHFunds
FN:445,withdrawAllETHFunds
FN:455,allowedTokenInvestment
FN:479,autoWithdrawETHFunds
FN:493,investInternal
FN:596,currentTime
FNF:48
FNH:46
FNDA:61,beforeSaleIsOpened
FNDA:99,saleIsOpened
FNDA:250,beforeSaleIsClosed
FNDA:109,
FNDA:0,
FNDA:1,token
FNDA:1,vaultETH
FNDA:1,vaultERC20
FNDA:1,userRegistry
FNDA:1,ratesProvider
FNDA:1,sharePurchaseAgreementHash
FNDA:2,startAt
FNDA:2,endAt
FNDA:3,raisedETH
FNDA:3,raisedCHF
FNDA:3,totalRaisedCHF
FNDA:3,totalUnspentETH
FNDA:3,totalRefundedETH
FNDA:321,availableSupply
FNDA:6,investorUnspentETH
FNDA:6,investorInvestedCHF
FNDA:4,investorAcceptedSPA
FNDA:4,investorAllocations
FNDA:4,investorTokens
FNDA:2,investorCount
FNDA:0,investorLimit
FNDA:1,minimalAutoWithdraw
FNDA:2,minimalBalance
FNDA:1,basePriceCHFCent
FNDA:219,contributionLimit
FNDA:1,updateMinimalBalance
FNDA:75,updateInvestorLimits
FNDA:55,defineSPA
FNDA:93,acceptSPA
FNDA:98,investETH
FNDA:106,addOffChainInvestment
FNDA:61,updateSchedule
FNDA:106,allocateTokens
FNDA:51,allocateManyTokens
FNDA:2,fundETH
FNDA:2,refundManyUnspentETH
FNDA:10,refundUnspentETH
FNDA:2,withdrawETHFunds
FNDA:1,withdrawAllETHFunds
FNDA:213,allowedTokenInvestment
FNDA:98,autoWithdrawETHFunds
FNDA:204,investInternal
FNDA:508,currentTime
DA:94,61
DA:95,61
DA:102,99
DA:103,98
DA:110,250
DA:111,250
DA:125,109
DA:126,109
DA:127,109
DA:128,109
DA:129,109
DA:136,0
DA:137,0
DA:144,1
DA:151,1
DA:158,1
DA:162,1
DA:166,1
DA:170,1
DA:175,2
DA:179,2
DA:183,3
DA:187,3
DA:191,3
DA:195,3
DA:199,3
DA:203,321
DA:204,321
DA:205,321
DA:212,6
DA:218,6
DA:224,4
DA:230,4
DA:234,4
DA:238,2
DA:242,0
DA:249,1
DA:256,2
DA:263,1
DA:272,219
DA:273,219
DA:274,219
DA:275,193
DA:277,26
DA:280,219
DA:289,1
DA:298,75
DA:299,75
DA:310,55
DA:311,55
DA:320,93
DA:322,92
DA:323,92
DA:324,90
DA:325,90
DA:327,90
DA:328,89
DA:339,98
DA:340,98
DA:349,106
DA:359,61
DA:360,61
DA:361,61
DA:371,106
DA:372,106
DA:373,105
DA:375,105
DA:376,105
DA:378,104
DA:379,104
DA:388,51
DA:389,51
DA:390,103
DA:399,2
DA:406,2
DA:407,4
DA:415,10
DA:416,10
DA:417,10
DA:419,10
DA:421,8
DA:422,8
DA:423,8
DA:424,8
DA:425,8
DA:433,2
DA:434,2
DA:435,0
DA:437,0
DA:438,0
DA:446,1
DA:448,1
DA:449,1
DA:459,213
DA:460,213
DA:461,213
DA:462,157
DA:464,213
DA:465,213
DA:467,213
DA:468,0
DA:470,213
DA:471,3
DA:473,213
DA:480,98
DA:481,98
DA:482,0
DA:484,0
DA:485,0
DA:500,204
DA:505,204
DA:506,203
DA:507,203
DA:508,203
DA:510,203
DA:512,203
DA:515,203
DA:516,98
DA:519,203
DA:520,105
DA:523,203
DA:524,203
DA:527,201
DA:528,201
DA:530,201
DA:531,201
DA:532,121
DA:535,23
DA:537,120
DA:542,200
DA:543,200
DA:544,80
DA:546,120
DA:550,120
DA:551,22
DA:552,0
DA:558,120
DA:559,98
DA:565,200
DA:567,200
DA:568,200
DA:569,200
DA:570,200
DA:571,200
DA:572,200
DA:574,200
DA:575,200
DA:577,200
DA:578,200
DA:582,200
DA:583,98
DA:589,200
DA:598,508
LF:153
LH:142
BRDA:94,1,0,61
BRDA:94,1,1,0
BRDA:102,2,0,98
BRDA:102,2,1,1
BRDA:110,3,0,250
BRDA:110,3,1,0
BRDA:136,4,0,0
BRDA:136,4,1,0
BRDA:274,5,0,193
BRDA:274,5,1,26
BRDA:320,6,0,92
BRDA:320,6,1,1
BRDA:323,7,0,90
BRDA:323,7,1,2
BRDA:327,8,0,89
BRDA:327,8,1,1
BRDA:359,9,0,61
BRDA:359,9,1,0
BRDA:372,10,0,105
BRDA:372,10,1,1
BRDA:376,11,0,104
BRDA:376,11,1,1
BRDA:388,12,0,51
BRDA:388,12,1,0
BRDA:416,13,0,10
BRDA:416,13,1,0
BRDA:419,14,0,8
BRDA:419,14,1,2
BRDA:421,15,0,8
BRDA:421,15,1,0
BRDA:434,16,0,0
BRDA:434,16,1,2
BRDA:437,17,0,0
BRDA:437,17,1,0
BRDA:448,18,0,1
BRDA:448,18,1,0
BRDA:461,19,0,157
BRDA:461,19,1,56
BRDA:467,20,0,0
BRDA:467,20,1,213
BRDA:470,21,0,3
BRDA:470,21,1,210
BRDA:481,22,0,0
BRDA:481,22,1,98
BRDA:484,23,0,0
BRDA:484,23,1,0
BRDA:505,24,0,203
BRDA:505,24,1,1
BRDA:506,25,0,203
BRDA:506,25,1,0
BRDA:508,26,0,203
BRDA:508,26,1,0
BRDA:515,27,0,98
BRDA:515,27,1,105
BRDA:519,28,0,105
BRDA:519,28,1,98
BRDA:524,29,0,201
BRDA:524,29,1,2
BRDA:531,30,0,121
BRDA:531,30,1,80
BRDA:532,31,0,23
BRDA:532,31,1,98
BRDA:535,32,0,22
BRDA:535,32,1,1
BRDA:543,33,0,80
BRDA:543,33,1,120
BRDA:550,34,0,22
BRDA:550,34,1,98
BRDA:551,35,0,0
BRDA:551,35,1,22
BRDA:558,36,0,98
BRDA:558,36,1,22
BRDA:578,37,0,200
BRDA:578,37,1,0
BRDA:582,38,0,98
BRDA:582,38,1,102
BRF:76
BRH:56
end_of_record
TN:
SF:/home/node/project/contracts/tokensale/TokensalePlan.sol
FN:59,
FN:64,whenStepIs
FN:69,whenBetweenSteps
FN:83,saleConfig
FN:90,tokensaleId
FN:97,plan
FN:117,updateSaleOpeningTime
FN:129,evalNewStep
FNF:8
FNH:7
FNDA:20,
FNDA:5,whenStepIs
FNDA:7,whenBetweenSteps
FNDA:1,saleConfig
FNDA:0,tokensaleId
FNDA:17,plan
FNDA:1,updateSaleOpeningTime
FNDA:128,evalNewStep
DA:60,20
DA:61,20
DA:65,5
DA:66,2
DA:71,7
DA:74,5
DA:75,4
DA:76,4
DA:77,3
DA:84,1
DA:91,0
DA:102,17
DA:104,16
DA:105,16
DA:106,16
DA:107,16
DA:108,16
DA:109,16
DA:110,16
DA:111,16
DA:121,1
DA:133,128
LF:22
LH:21
BRDA:65,1,0,2
BRDA:65,1,1,3
BRDA:71,2,0,5
BRDA:71,2,1,2
BRDA:75,3,0,4
BRDA:75,3,1,0
BRDA:76,4,0,3
BRDA:76,4,1,1
BRDA:102,5,0,16
BRDA:102,5,1,1
BRDA:133,6,0,128
BRDA:133,6,1,0
BRF:12
BRH:10
end_of_record
TN:
SF:/home/node/project/contracts/tools/TokenMigrations.sol
FN:45,
FN:52,isAccountMigrated
FN:61,accountsMigrated
FN:70,totalMigrated
FN:79,latestToken
FN:88,version
FN:97,upgrade
FN:114,acceptMigration
FN:125,migrateInternal
FNF:9
FNH:9
FNDA:27,
FNDA:3,isAccountMigrated
FNDA:3,accountsMigrated
FNDA:3,totalMigrated
FNDA:3,latestToken
FNDA:2,version
FNDA:22,upgrade
FNDA:12,acceptMigration
FNDA:8,migrateInternal
DA:46,27
DA:55,3
DA:64,3
DA:73,3
DA:82,3
DA:91,2
DA:98,22
DA:99,20
DA:101,18
DA:103,18
DA:104,18
DA:105,18
DA:115,12
DA:116,11
DA:117,9
DA:118,8
DA:119,8
DA:128,8
DA:129,8
DA:131,8
DA:132,8
DA:133,8
DA:135,8
LF:23
LH:23
BRDA:98,1,0,20
BRDA:98,1,1,2
BRDA:99,2,0,18
BRDA:99,2,1,2
BRDA:116,3,0,9
BRDA:116,3,1,2
BRDA:117,4,0,8
BRDA:117,4,1,1
BRDA:118,5,0,8
BRDA:118,5,1,0
BRDA:128,6,0,8
BRDA:128,6,1,0
BRDA:129,7,0,8
BRDA:129,7,1,0
BRDA:135,8,0,8
BRDA:135,8,1,0
BRF:16
BRH:12
end_of_record
TN:
SF:/home/node/project/contracts/UserRegistry.sol
FN:50,
FN:60,registerManyUsers
FN:71,attachManyAddresses
FN:83,detachManyAddresses
FN:92,userCount
FN:99,userId
FN:106,validUserId
FN:116,addressConfirmed
FN:123,validUntilTime
FN:130,suspended
FN:137,extended
FN:146,isAddressValid
FN:154,isValid
FN:161,registerUser
FN:170,registerUserInternal
FN:181,attachAddress
FN:192,confirmSelf
FN:201,detachAddress
FN:209,detachSelf
FN:216,detachSelfAddress
FN:226,suspendUser
FN:235,unsuspendUser
FN:244,suspendManyUsers
FN:253,unsuspendManyUsers
FN:262,updateUser
FN:275,updateManyUsers
FN:288,updateUserExtended
FN:298,updateManyUsersExtended
FN:311,isValidInternal
FNF:29
FNH:28
FNDA:85,
FNDA:1,registerManyUsers
FNDA:28,attachManyAddresses
FNDA:1,detachManyAddresses
FNDA:4,userCount
FNDA:439,userId
FNDA:0,validUserId
FNDA:4,addressConfirmed
FNDA:7,validUntilTime
FNDA:15,suspended
FNDA:223,extended
FNDA:17,isAddressValid
FNDA:222,isValid
FNDA:4,registerUser
FNDA:318,registerUserInternal
FNDA:82,attachAddress
FNDA:29,confirmSelf
FNDA:5,detachAddress
FNDA:2,detachSelf
FNDA:4,detachSelfAddress
FNDA:33,suspendUser
FNDA:6,unsuspendUser
FNDA:15,suspendManyUsers
FNDA:2,unsuspendManyUsers
FNDA:53,updateUser
FNDA:13,updateManyUsers
FNDA:11,updateUserExtended
FNDA:2,updateManyUsersExtended
FNDA:222,isValidInternal
DA:51,85
DA:52,312
DA:53,312
DA:63,1
DA:64,2
DA:74,28
DA:75,27
DA:76,53
DA:84,1
DA:85,3
DA:93,4
DA:100,439
DA:107,0
DA:108,0
DA:110,0
DA:117,4
DA:124,7
DA:131,15
DA:140,223
DA:147,17
DA:155,222
DA:164,4
DA:173,318
DA:174,317
DA:175,317
DA:184,82
DA:185,80
DA:186,78
DA:193,29
DA:194,29
DA:195,28
DA:202,5
DA:203,4
DA:210,2
DA:217,4
DA:218,4
DA:219,3
DA:220,2
DA:227,33
DA:228,31
DA:229,30
DA:236,6
DA:237,4
DA:238,3
DA:245,15
DA:246,29
DA:254,2
DA:255,3
DA:267,53
DA:268,51
DA:269,51
DA:280,13
DA:281,25
DA:291,11
DA:292,9
DA:303,2
DA:304,3
DA:313,222
LF:58
LH:55
BRDA:74,1,0,27
BRDA:74,1,1,1
BRDA:107,2,0,0
BRDA:107,2,1,0
BRDA:173,3,0,317
BRDA:173,3,1,1
BRDA:184,4,0,80
BRDA:184,4,1,2
BRDA:185,5,0,78
BRDA:185,5,1,2
BRDA:193,6,0,29
BRDA:193,6,1,0
BRDA:194,7,0,28
BRDA:194,7,1,1
BRDA:202,8,0,4
BRDA:202,8,1,1
BRDA:218,9,0,3
BRDA:218,9,1,1
BRDA:219,10,0,2
BRDA:219,10,1,1
BRDA:227,11,0,31
BRDA:227,11,1,2
BRDA:228,12,0,30
BRDA:228,12,1,1
BRDA:236,13,0,4
BRDA:236,13,1,2
BRDA:237,14,0,3
BRDA:237,14,1,1
BRDA:267,15,0,51
BRDA:267,15,1,2
BRDA:291,16,0,9
BRDA:291,16,1,2
BRF:32
BRH:29
end_of_record
TN:
SF:/home/node/project/contracts/voting/SecretVoting.sol
FN:30,lockHash
FN:39,revealHash
FNF:2
FNH:0
FNDA:0,lockHash
FNDA:0,revealHash
DA:31,0
DA:32,0
DA:33,0
DA:44,0
DA:45,0
DA:56,0
LF:6
LH:0
BRDA:31,1,0,0
BRDA:31,1,1,0
BRDA:44,2,0,0
BRDA:44,2,1,0
BRDA:45,3,0,0
BRDA:45,3,1,0
BRF:6
BRH:0
end_of_record
TN:
SF:/home/node/project/contracts/voting/TokenizedVoting.sol
FN:33,
FN:40,token
FN:48,votesAvailable
FN:60,votesAvailableWithProof
FN:74,vote
FN:85,voteWithProof
FN:102,updateToken
FNF:7
FNH:6
FNDA:19,
FNDA:1,token
FNDA:4,votesAvailable
FNDA:4,votesAvailableWithProof
FNDA:2,vote
FNDA:2,voteWithProof
FNDA:0,updateToken
DA:34,19
DA:41,1
DA:51,4
DA:52,2
DA:54,2
DA:65,4
DA:75,2
DA:77,2
DA:78,2
DA:79,1
DA:90,2
DA:92,2
DA:95,2
DA:96,1
DA:103,0
LF:15
LH:14
BRDA:51,1,0,2
BRDA:51,1,1,2
BRDA:75,2,0,2
BRDA:75,2,1,0
BRDA:78,3,0,1
BRDA:78,3,1,1
BRDA:90,4,0,2
BRDA:90,4,1,0
BRDA:95,5,0,1
BRDA:95,5,1,1
BRF:10
BRH:8
end_of_record
TN:
SF:/home/node/project/contracts/voting/TokenizedVotingWithRules.sol
FN:24,
FN:31,vote
FN:40,voteWithProof
FNF:3
FNH:1
FNDA:3,
FNDA:0,vote
FNDA:0,voteWithProof
DA:34,0
DA:45,0
LF:2
LH:0
BRF:0
BRH:0
end_of_record
TN:
SF:/home/node/project/contracts/voting/Voting.sol
FN:43,defaultDuration
FN:50,defaultQuorum
FN:57,defaultMinScore
FN:65,latestVotingTime
FN:72,voteDuration
FN:79,voteQuorum
FN:86,voteMinScore
FN:93,isOnGoing
FN:105,areAnyOnGoing
FN:115,result
FN:142,addProposal
FN:169,vote
FN:179,closeVote
FN:192,updateVotingRule
FN:207,currentTime
FNF:15
FNH:15
FNDA:2,defaultDuration
FNDA:2,defaultQuorum
FNDA:2,defaultMinScore
FNDA:1,latestVotingTime
FNDA:1,voteDuration
FNDA:1,voteQuorum
FNDA:1,voteMinScore
FNDA:29,isOnGoing
FNDA:3,areAnyOnGoing
FNDA:6,result
FNDA:31,addProposal
FNDA:10,vote
FNDA:6,closeVote
FNDA:10,updateVotingRule
FNDA:37,currentTime
DA:44,2
DA:51,2
DA:58,2
DA:66,1
DA:73,1
DA:80,1
DA:87,1
DA:94,29
DA:106,3
DA:116,6
DA:117,5
DA:118,5
DA:120,5
DA:121,1
DA:124,4
DA:125,4
DA:126,4
DA:127,8
DA:128,3
DA:129,3
DA:133,4
DA:134,1
DA:136,3
DA:149,31
DA:155,31
DA:158,31
DA:161,31
DA:162,31
DA:170,10
DA:171,9
DA:180,6
DA:182,5
DA:183,5
DA:185,5
DA:197,10
DA:198,10
DA:199,10
DA:201,10
DA:209,37
LF:39
LH:39
BRDA:116,1,0,5
BRDA:116,1,1,1
BRDA:120,2,0,1
BRDA:120,2,1,4
BRDA:127,3,0,3
BRDA:127,3,1,5
BRDA:133,4,0,1
BRDA:133,4,1,3
BRDA:161,5,0,31
BRDA:161,5,1,0
BRDA:170,6,0,9
BRDA:170,6,1,1
BRDA:180,7,0,5
BRDA:180,7,1,1
BRF:14
BRH:13
end_of_record
TN:
SF:/home/node/project/contracts/voting/VotingCore.sol
FN:53,proposalsCount
FN:60,proposalQuestion
FN:67,proposalUrl
FN:74,proposalHash
FN:81,proposalOptionsAvailable
FN:91,participation
FN:98,proposalCreatedAt
FN:107,ballot
FN:114,optionVoted
FN:123,isDeclared
FN:132,isVoteLocked
FN:141,addProposal
FN:168,vote
FN:175,lockVote
FN:185,weightedVote
FNF:15
FNH:11
FNDA:3,proposalsCount
FNDA:0,proposalQuestion
FNDA:1,proposalUrl
FNDA:1,proposalHash
FNDA:1,proposalOptionsAvailable
FNDA:6,participation
FNDA:2,proposalCreatedAt
FNDA:6,ballot
FNDA:6,optionVoted
FNDA:0,isDeclared
FNDA:0,isVoteLocked
FNDA:58,addProposal
FNDA:6,vote
FNDA:0,lockVote
FNDA:17,weightedVote
DA:54,3
DA:61,0
DA:68,1
DA:75,1
DA:84,1
DA:92,6
DA:101,2
DA:108,6
DA:117,6
DA:126,0
DA:135,0
DA:148,58
DA:149,58
DA:150,58
DA:152,58
DA:161,58
DA:162,58
DA:169,6
DA:176,0
DA:177,0
DA:190,17
DA:191,17
DA:193,17
DA:194,16
DA:195,16
DA:197,16
DA:198,2
DA:201,14
DA:202,14
DA:205,16
DA:206,16
LF:31
LH:26
BRDA:148,1,0,58
BRDA:148,1,1,0
BRDA:149,2,0,58
BRDA:149,2,1,0
BRDA:150,3,0,58
BRDA:150,3,1,0
BRDA:193,4,0,16
BRDA:193,4,1,1
BRDA:194,5,0,16
BRDA:194,5,1,0
BRDA:195,6,0,16
BRDA:195,6,1,0
BRDA:197,7,0,2
BRDA:197,7,1,14
BRF:14
BRH:9
end_of_record
TN:
SF:/home/node/project/contracts/Whitelist.sol
FN:31,
FN:40,approveManyAddresses
FN:49,rejectManyAddresses
FN:58,whitelistCount
FN:65,isWhitelisted
FN:72,approveAddress
FN:83,rejectAddress
FNF:7
FNH:6
FNDA:13,
FNDA:2,approveManyAddresses
FNDA:2,rejectManyAddresses
FNDA:0,whitelistCount
FNDA:49,isWhitelisted
FNDA:35,approveAddress
FNDA:8,rejectAddress
DA:32,13
DA:33,26
DA:41,2
DA:42,6
DA:50,2
DA:51,6
DA:59,0
DA:66,49
DA:73,35
DA:74,32
DA:75,32
DA:76,32
DA:84,8
DA:85,5
DA:86,5
DA:87,5
LF:16
LH:15
BRDA:73,1,0,32
BRDA:73,1,1,3
BRDA:84,2,0,5
BRDA:84,2,1,3
BRF:4
BRH:4
end_of_record
TN:
SF:/home/node/project/contracts/Whitelistable.sol
FN:28,onlyWhitelisted
FN:33,updateWhitelist
FNF:2
FNH:2
FNDA:2,onlyWhitelisted
FNDA:3,updateWhitelist
DA:29,2
DA:30,1
DA:34,3
DA:35,3
LF:4
LH:4
BRDA:29,1,0,1
BRDA:29,1,1,1
BRF:2
BRH:2
end_of_record
